GA Optimizer | Model:biasedMF | Dataset:dataset\5Grocery-rand | Group:0.05_count | K=10 | Fairness_metric=f1
GA Parameters | Pop:10 | Gen:1000 | Mut:0.3145 | Cross:0.5857
Adaptive Penalty | beta1:2.25 | beta2:2.31 | k:8
Before optimization overall scores           : ndcg@10=0.4508 f1@10=0.1578
Before optimization group 1 (active) scores  : ndcg@10=0.7029 f1@10=0.3648
Before optimization group 2 (inactive) scores: ndcg@10=0.4274 f1@10=0.1386
Before optimization UGF (f1@10): 0.2262
Epsilon: 0.1131
Early stop at generation 16: first feasible solution found
CPU time: 3.79 seconds
After optimization overall metric scores     : ndcg@10=0.4404 f1@10=0.1441
After optimization group 1 (active) scores   : ndcg@10=0.6303 f1@10=0.2559
After optimization group 2 (inactive) scores : ndcg@10=0.4230 f1@10=0.1339
After optimization UGF: 0.1099
UGF reduction: 0.1163 (51.4%)
Constraint satisfied: True
GA Optimizer | Model:biasedMF | Dataset:dataset\5Grocery-rand | Group:0.05_count | K=10 | Fairness_metric=f1
GA Parameters | Pop:10 | Gen:1000 | Mut:0.3145 | Cross:0.5857
Adaptive Penalty | beta1:2.25 | beta2:2.31 | k:8
Before optimization overall scores           : ndcg@10=0.4508 f1@10=0.1578
Before optimization group 1 (active) scores  : ndcg@10=0.7029 f1@10=0.3648
Before optimization group 2 (inactive) scores: ndcg@10=0.4274 f1@10=0.1386
Before optimization UGF (f1@10): 0.2262
Epsilon: 0.1131
Early stop at generation 16: first feasible solution found
CPU time: 3.79 seconds
After optimization overall metric scores     : ndcg@10=0.4398 f1@10=0.1433
After optimization group 1 (active) scores   : ndcg@10=0.6180 f1@10=0.2560
After optimization group 2 (inactive) scores : ndcg@10=0.4240 f1@10=0.1338
After optimization UGF: 0.1073
UGF reduction: 0.1189 (52.6%)
Constraint satisfied: True
GA Optimizer | Model:biasedMF | Dataset:dataset\5Grocery-rand | Group:0.05_count | K=10 | Fairness_metric=f1
GA Parameters | Pop:10 | Gen:1000 | Mut:0.3145 | Cross:0.5857
Adaptive Penalty | beta1:2.25 | beta2:2.31 | k:8
Before optimization overall scores           : ndcg@10=0.4508 f1@10=0.1578
Before optimization group 1 (active) scores  : ndcg@10=0.7029 f1@10=0.3648
Before optimization group 2 (inactive) scores: ndcg@10=0.4274 f1@10=0.1386
Before optimization UGF (f1@10): 0.2262
Epsilon: 0.1131
Early stop at generation 14: first feasible solution found
CPU time: 3.32 seconds
After optimization overall metric scores     : ndcg@10=0.4412 f1@10=0.1441
After optimization group 1 (active) scores   : ndcg@10=0.6247 f1@10=0.2581
After optimization group 2 (inactive) scores : ndcg@10=0.4241 f1@10=0.1337
After optimization UGF: 0.1130
UGF reduction: 0.1132 (50.1%)
Constraint satisfied: True
GA Optimizer | Model:biasedMF | Dataset:dataset\5Grocery-rand | Group:0.05_count | K=10 | Fairness_metric=f1
GA Parameters | Pop:10 | Gen:1000 | Mut:0.3145 | Cross:0.5857
Adaptive Penalty | beta1:2.25 | beta2:2.31 | k:8
Before optimization overall scores           : ndcg@10=0.4508 f1@10=0.1578
Before optimization group 1 (active) scores  : ndcg@10=0.7029 f1@10=0.3648
Before optimization group 2 (inactive) scores: ndcg@10=0.4274 f1@10=0.1386
Before optimization UGF (f1@10): 0.2262
Epsilon: 0.1131
Early stop at generation 15: first feasible solution found
CPU time: 3.55 seconds
After optimization overall metric scores     : ndcg@10=0.4397 f1@10=0.1430
After optimization group 1 (active) scores   : ndcg@10=0.6233 f1@10=0.2580
After optimization group 2 (inactive) scores : ndcg@10=0.4232 f1@10=0.1334
After optimization UGF: 0.1101
UGF reduction: 0.1161 (51.3%)
Constraint satisfied: True
GA Optimizer | Model:biasedMF | Dataset:dataset\5Grocery-rand | Group:0.05_count | K=10 | Fairness_metric=f1
GA Parameters | Pop:10 | Gen:1000 | Mut:0.3145 | Cross:0.5857
Adaptive Penalty | beta1:2.25 | beta2:2.31 | k:8
Before optimization overall scores           : ndcg@10=0.4508 f1@10=0.1578
Before optimization group 1 (active) scores  : ndcg@10=0.7029 f1@10=0.3648
Before optimization group 2 (inactive) scores: ndcg@10=0.4274 f1@10=0.1386
Before optimization UGF (f1@10): 0.2262
Epsilon: 0.1131
Early stop at generation 15: first feasible solution found
CPU time: 3.54 seconds
After optimization overall metric scores     : ndcg@10=0.4411 f1@10=0.1439
After optimization group 1 (active) scores   : ndcg@10=0.6282 f1@10=0.2554
After optimization group 2 (inactive) scores : ndcg@10=0.4235 f1@10=0.1329
After optimization UGF: 0.1090
UGF reduction: 0.1172 (51.8%)
Constraint satisfied: True
GA Optimizer | Model:biasedMF | Dataset:dataset\5Grocery-rand | Group:0.05_count | K=10 | Fairness_metric=f1
GA Parameters | Pop:10 | Gen:1000 | Mut:0.3145 | Cross:0.5857
Adaptive Penalty | beta1:2.25 | beta2:2.31 | k:8
Before optimization overall scores           : ndcg@10=0.4508 f1@10=0.1578
Before optimization group 1 (active) scores  : ndcg@10=0.7029 f1@10=0.3648
Before optimization group 2 (inactive) scores: ndcg@10=0.4274 f1@10=0.1386
Before optimization UGF (f1@10): 0.2262
Epsilon: 0.1131
Early stop at generation 15: first feasible solution found
CPU time: 3.54 seconds
After optimization overall metric scores     : ndcg@10=0.4422 f1@10=0.1444
After optimization group 1 (active) scores   : ndcg@10=0.6306 f1@10=0.2578
After optimization group 2 (inactive) scores : ndcg@10=0.4247 f1@10=0.1340
After optimization UGF: 0.1119
UGF reduction: 0.1143 (50.5%)
Constraint satisfied: True
GA Optimizer | Model:biasedMF | Dataset:dataset\5Grocery-rand | Group:0.05_count | K=10 | Fairness_metric=f1
GA Parameters | Pop:10 | Gen:1000 | Mut:0.3145 | Cross:0.5857
Adaptive Penalty | beta1:2.25 | beta2:2.31 | k:8
Before optimization overall scores           : ndcg@10=0.4508 f1@10=0.1578
Before optimization group 1 (active) scores  : ndcg@10=0.7029 f1@10=0.3648
Before optimization group 2 (inactive) scores: ndcg@10=0.4274 f1@10=0.1386
Before optimization UGF (f1@10): 0.2262
Epsilon: 0.1131
Early stop at generation 16: first feasible solution found
CPU time: 3.72 seconds
After optimization overall metric scores     : ndcg@10=0.4371 f1@10=0.1429
After optimization group 1 (active) scores   : ndcg@10=0.6009 f1@10=0.2518
After optimization group 2 (inactive) scores : ndcg@10=0.4222 f1@10=0.1332
After optimization UGF: 0.1041
UGF reduction: 0.1221 (54.0%)
Constraint satisfied: True
GA Optimizer | Model:biasedMF | Dataset:dataset\5Grocery-rand | Group:0.05_count | K=10 | Fairness_metric=f1
GA Parameters | Pop:10 | Gen:1000 | Mut:0.3145 | Cross:0.5857
Adaptive Penalty | beta1:2.25 | beta2:2.31 | k:8
Before optimization overall scores           : ndcg@10=0.4508 f1@10=0.1578
Before optimization group 1 (active) scores  : ndcg@10=0.7029 f1@10=0.3648
Before optimization group 2 (inactive) scores: ndcg@10=0.4274 f1@10=0.1386
Before optimization UGF (f1@10): 0.2262
Epsilon: 0.1131
Early stop at generation 15: first feasible solution found
CPU time: 3.55 seconds
After optimization overall metric scores     : ndcg@10=0.4406 f1@10=0.1442
After optimization group 1 (active) scores   : ndcg@10=0.6253 f1@10=0.2542
After optimization group 2 (inactive) scores : ndcg@10=0.4234 f1@10=0.1333
After optimization UGF: 0.1127
UGF reduction: 0.1135 (50.2%)
Constraint satisfied: True
GA Optimizer | Model:biasedMF | Dataset:dataset\5Grocery-rand | Group:0.05_count | K=10 | Fairness_metric=f1
GA Parameters | Pop:10 | Gen:1000 | Mut:0.3145 | Cross:0.5857
Adaptive Penalty | beta1:2.25 | beta2:2.31 | k:8
Before optimization overall scores           : ndcg@10=0.4508 f1@10=0.1578
Before optimization group 1 (active) scores  : ndcg@10=0.7029 f1@10=0.3648
Before optimization group 2 (inactive) scores: ndcg@10=0.4274 f1@10=0.1386
Before optimization UGF (f1@10): 0.2262
Epsilon: 0.1131
Early stop at generation 15: first feasible solution found
CPU time: 3.58 seconds
After optimization overall metric scores     : ndcg@10=0.4420 f1@10=0.1443
After optimization group 1 (active) scores   : ndcg@10=0.6404 f1@10=0.2567
After optimization group 2 (inactive) scores : ndcg@10=0.4236 f1@10=0.1336
After optimization UGF: 0.1125
UGF reduction: 0.1137 (50.3%)
Constraint satisfied: True
GA Optimizer | Model:biasedMF | Dataset:dataset\5Grocery-rand | Group:0.05_count | K=10 | Fairness_metric=f1
GA Parameters | Pop:10 | Gen:1000 | Mut:0.3145 | Cross:0.5857
Adaptive Penalty | beta1:2.25 | beta2:2.31 | k:8
Before optimization overall scores           : ndcg@10=0.4508 f1@10=0.1578
Before optimization group 1 (active) scores  : ndcg@10=0.7029 f1@10=0.3648
Before optimization group 2 (inactive) scores: ndcg@10=0.4274 f1@10=0.1386
Before optimization UGF (f1@10): 0.2262
Epsilon: 0.1131
Early stop at generation 15: first feasible solution found
CPU time: 3.56 seconds
After optimization overall metric scores     : ndcg@10=0.4413 f1@10=0.1438
After optimization group 1 (active) scores   : ndcg@10=0.6205 f1@10=0.2556
After optimization group 2 (inactive) scores : ndcg@10=0.4244 f1@10=0.1334
After optimization UGF: 0.1100
UGF reduction: 0.1162 (51.4%)
Constraint satisfied: True
GA Optimizer | Model:biasedMF | Dataset:dataset\5Grocery-rand | Group:0.05_count | K=10 | Fairness_metric=f1
GA Parameters | Pop:10 | Gen:1000 | Mut:0.3145 | Cross:0.5857
Adaptive Penalty | beta1:2.25 | beta2:2.31 | k:8
Before optimization overall scores           : ndcg@10=0.4508 f1@10=0.1578
Before optimization group 1 (active) scores  : ndcg@10=0.7029 f1@10=0.3648
Before optimization group 2 (inactive) scores: ndcg@10=0.4274 f1@10=0.1386
Before optimization UGF (f1@10): 0.2262
Epsilon: 0.1131
Early stop at generation 16: first feasible solution found
CPU time: 3.81 seconds
After optimization overall metric scores     : ndcg@10=0.4397 f1@10=0.1435
After optimization group 1 (active) scores   : ndcg@10=0.6148 f1@10=0.2465
After optimization group 2 (inactive) scores : ndcg@10=0.4237 f1@10=0.1337
After optimization UGF: 0.1070
UGF reduction: 0.1191 (52.7%)
Constraint satisfied: True
GA Optimizer | Model:biasedMF | Dataset:dataset\5Grocery-rand | Group:0.05_count | K=10 | Fairness_metric=f1
GA Parameters | Pop:10 | Gen:1000 | Mut:0.3145 | Cross:0.5857
Adaptive Penalty | beta1:2.25 | beta2:2.31 | k:8
Before optimization overall scores           : ndcg@10=0.4508 f1@10=0.1578
Before optimization group 1 (active) scores  : ndcg@10=0.7029 f1@10=0.3648
Before optimization group 2 (inactive) scores: ndcg@10=0.4274 f1@10=0.1386
Before optimization UGF (f1@10): 0.2262
Epsilon: 0.1131
Early stop at generation 15: first feasible solution found
CPU time: 3.54 seconds
After optimization overall metric scores     : ndcg@10=0.4408 f1@10=0.1439
After optimization group 1 (active) scores   : ndcg@10=0.6227 f1@10=0.2541
After optimization group 2 (inactive) scores : ndcg@10=0.4235 f1@10=0.1332
After optimization UGF: 0.1110
UGF reduction: 0.1152 (50.9%)
Constraint satisfied: True
GA Optimizer | Model:biasedMF | Dataset:dataset\5Grocery-rand | Group:0.05_count | K=10 | Fairness_metric=f1
GA Parameters | Pop:10 | Gen:1000 | Mut:0.3145 | Cross:0.5857
Adaptive Penalty | beta1:2.25 | beta2:2.31 | k:8
Before optimization overall scores           : ndcg@10=0.4508 f1@10=0.1578
Before optimization group 1 (active) scores  : ndcg@10=0.7029 f1@10=0.3648
Before optimization group 2 (inactive) scores: ndcg@10=0.4274 f1@10=0.1386
Before optimization UGF (f1@10): 0.2262
Epsilon: 0.1131
Early stop at generation 15: first feasible solution found
CPU time: 3.59 seconds
After optimization overall metric scores     : ndcg@10=0.4415 f1@10=0.1442
After optimization group 1 (active) scores   : ndcg@10=0.6213 f1@10=0.2581
After optimization group 2 (inactive) scores : ndcg@10=0.4244 f1@10=0.1333
After optimization UGF: 0.1119
UGF reduction: 0.1143 (50.5%)
Constraint satisfied: True
GA Optimizer | Model:biasedMF | Dataset:dataset\5Grocery-rand | Group:0.05_count | K=10 | Fairness_metric=f1
GA Parameters | Pop:10 | Gen:1000 | Mut:0.3145 | Cross:0.5857
Adaptive Penalty | beta1:2.25 | beta2:2.31 | k:8
Before optimization overall scores           : ndcg@10=0.4508 f1@10=0.1578
Before optimization group 1 (active) scores  : ndcg@10=0.7029 f1@10=0.3648
Before optimization group 2 (inactive) scores: ndcg@10=0.4274 f1@10=0.1386
Before optimization UGF (f1@10): 0.2262
Epsilon: 0.1131
Early stop at generation 15: first feasible solution found
CPU time: 3.58 seconds
After optimization overall metric scores     : ndcg@10=0.4404 f1@10=0.1440
After optimization group 1 (active) scores   : ndcg@10=0.6188 f1@10=0.2554
After optimization group 2 (inactive) scores : ndcg@10=0.4232 f1@10=0.1327
After optimization UGF: 0.1110
UGF reduction: 0.1152 (50.9%)
Constraint satisfied: True
GA Optimizer | Model:biasedMF | Dataset:dataset\5Grocery-rand | Group:0.05_count | K=10 | Fairness_metric=f1
GA Parameters | Pop:10 | Gen:1000 | Mut:0.3145 | Cross:0.5857
Adaptive Penalty | beta1:2.25 | beta2:2.31 | k:8
Before optimization overall scores           : ndcg@10=0.4508 f1@10=0.1578
Before optimization group 1 (active) scores  : ndcg@10=0.7029 f1@10=0.3648
Before optimization group 2 (inactive) scores: ndcg@10=0.4274 f1@10=0.1386
Before optimization UGF (f1@10): 0.2262
Epsilon: 0.1131
Early stop at generation 16: first feasible solution found
CPU time: 3.78 seconds
After optimization overall metric scores     : ndcg@10=0.4409 f1@10=0.1442
After optimization group 1 (active) scores   : ndcg@10=0.6236 f1@10=0.2550
After optimization group 2 (inactive) scores : ndcg@10=0.4239 f1@10=0.1337
After optimization UGF: 0.1075
UGF reduction: 0.1187 (52.5%)
Constraint satisfied: True
GA Optimizer | Model:biasedMF | Dataset:dataset\5Grocery-rand | Group:0.05_count | K=10 | Fairness_metric=f1
GA Parameters | Pop:10 | Gen:1000 | Mut:0.3145 | Cross:0.5857
Adaptive Penalty | beta1:2.25 | beta2:2.31 | k:8
Before optimization overall scores           : ndcg@10=0.4508 f1@10=0.1578
Before optimization group 1 (active) scores  : ndcg@10=0.7029 f1@10=0.3648
Before optimization group 2 (inactive) scores: ndcg@10=0.4274 f1@10=0.1386
Before optimization UGF (f1@10): 0.2262
Epsilon: 0.1131
Early stop at generation 15: first feasible solution found
CPU time: 3.50 seconds
After optimization overall metric scores     : ndcg@10=0.4399 f1@10=0.1435
After optimization group 1 (active) scores   : ndcg@10=0.6250 f1@10=0.2525
After optimization group 2 (inactive) scores : ndcg@10=0.4231 f1@10=0.1336
After optimization UGF: 0.1109
UGF reduction: 0.1153 (51.0%)
Constraint satisfied: True
GA Optimizer | Model:biasedMF | Dataset:dataset\5Grocery-rand | Group:0.05_count | K=10 | Fairness_metric=f1
GA Parameters | Pop:10 | Gen:1000 | Mut:0.3145 | Cross:0.5857
Adaptive Penalty | beta1:2.25 | beta2:2.31 | k:8
Before optimization overall scores           : ndcg@10=0.4508 f1@10=0.1578
Before optimization group 1 (active) scores  : ndcg@10=0.7029 f1@10=0.3648
Before optimization group 2 (inactive) scores: ndcg@10=0.4274 f1@10=0.1386
Before optimization UGF (f1@10): 0.2262
Epsilon: 0.1131
Early stop at generation 15: first feasible solution found
CPU time: 3.58 seconds
After optimization overall metric scores     : ndcg@10=0.4400 f1@10=0.1434
After optimization group 1 (active) scores   : ndcg@10=0.6241 f1@10=0.2623
After optimization group 2 (inactive) scores : ndcg@10=0.4242 f1@10=0.1338
After optimization UGF: 0.1131
UGF reduction: 0.1131 (50.0%)
Constraint satisfied: True
GA Optimizer | Model:biasedMF | Dataset:dataset\5Grocery-rand | Group:0.05_count | K=10 | Fairness_metric=f1
GA Parameters | Pop:10 | Gen:1000 | Mut:0.3145 | Cross:0.5857
Adaptive Penalty | beta1:2.25 | beta2:2.31 | k:8
Before optimization overall scores           : ndcg@10=0.4508 f1@10=0.1578
Before optimization group 1 (active) scores  : ndcg@10=0.7029 f1@10=0.3648
Before optimization group 2 (inactive) scores: ndcg@10=0.4274 f1@10=0.1386
Before optimization UGF (f1@10): 0.2262
Epsilon: 0.1131
Early stop at generation 16: first feasible solution found
CPU time: 3.82 seconds
After optimization overall metric scores     : ndcg@10=0.4394 f1@10=0.1417
After optimization group 1 (active) scores   : ndcg@10=0.6237 f1@10=0.2492
After optimization group 2 (inactive) scores : ndcg@10=0.4232 f1@10=0.1328
After optimization UGF: 0.1043
UGF reduction: 0.1219 (53.9%)
Constraint satisfied: True
GA Optimizer | Model:biasedMF | Dataset:dataset\5Grocery-rand | Group:0.05_count | K=10 | Fairness_metric=f1
GA Parameters | Pop:10 | Gen:1000 | Mut:0.3145 | Cross:0.5857
Adaptive Penalty | beta1:2.25 | beta2:2.31 | k:8
Before optimization overall scores           : ndcg@10=0.4508 f1@10=0.1578
Before optimization group 1 (active) scores  : ndcg@10=0.7029 f1@10=0.3648
Before optimization group 2 (inactive) scores: ndcg@10=0.4274 f1@10=0.1386
Before optimization UGF (f1@10): 0.2262
Epsilon: 0.1131
Early stop at generation 15: first feasible solution found
CPU time: 3.56 seconds
After optimization overall metric scores     : ndcg@10=0.4391 f1@10=0.1434
After optimization group 1 (active) scores   : ndcg@10=0.6232 f1@10=0.2581
After optimization group 2 (inactive) scores : ndcg@10=0.4221 f1@10=0.1327
After optimization UGF: 0.1130
UGF reduction: 0.1132 (50.0%)
Constraint satisfied: True
GA Optimizer | Model:biasedMF | Dataset:dataset\5Grocery-rand | Group:0.05_count | K=10 | Fairness_metric=f1
GA Parameters | Pop:10 | Gen:1000 | Mut:0.3145 | Cross:0.5857
Adaptive Penalty | beta1:2.25 | beta2:2.31 | k:8
Before optimization overall scores           : ndcg@10=0.4508 f1@10=0.1578
Before optimization group 1 (active) scores  : ndcg@10=0.7029 f1@10=0.3648
Before optimization group 2 (inactive) scores: ndcg@10=0.4274 f1@10=0.1386
Before optimization UGF (f1@10): 0.2262
Epsilon: 0.1131
Early stop at generation 16: first feasible solution found
CPU time: 3.78 seconds
After optimization overall metric scores     : ndcg@10=0.4391 f1@10=0.1432
After optimization group 1 (active) scores   : ndcg@10=0.6043 f1@10=0.2530
After optimization group 2 (inactive) scores : ndcg@10=0.4240 f1@10=0.1339
After optimization UGF: 0.1035
UGF reduction: 0.1227 (54.3%)
Constraint satisfied: True
GA Optimizer | Model:biasedMF | Dataset:dataset\5Grocery-rand | Group:0.05_count | K=10 | Fairness_metric=f1
GA Parameters | Pop:10 | Gen:1000 | Mut:0.3145 | Cross:0.5857
Adaptive Penalty | beta1:2.25 | beta2:2.31 | k:8
Before optimization overall scores           : ndcg@10=0.4508 f1@10=0.1578
Before optimization group 1 (active) scores  : ndcg@10=0.7029 f1@10=0.3648
Before optimization group 2 (inactive) scores: ndcg@10=0.4274 f1@10=0.1386
Before optimization UGF (f1@10): 0.2262
Epsilon: 0.1131
Early stop at generation 15: first feasible solution found
CPU time: 3.56 seconds
After optimization overall metric scores     : ndcg@10=0.4408 f1@10=0.1432
After optimization group 1 (active) scores   : ndcg@10=0.6377 f1@10=0.2570
After optimization group 2 (inactive) scores : ndcg@10=0.4220 f1@10=0.1320
After optimization UGF: 0.1118
UGF reduction: 0.1144 (50.6%)
Constraint satisfied: True
GA Optimizer | Model:biasedMF | Dataset:dataset\5Grocery-rand | Group:0.05_count | K=10 | Fairness_metric=f1
GA Parameters | Pop:10 | Gen:1000 | Mut:0.3145 | Cross:0.5857
Adaptive Penalty | beta1:2.25 | beta2:2.31 | k:8
Before optimization overall scores           : ndcg@10=0.4508 f1@10=0.1578
Before optimization group 1 (active) scores  : ndcg@10=0.7029 f1@10=0.3648
Before optimization group 2 (inactive) scores: ndcg@10=0.4274 f1@10=0.1386
Before optimization UGF (f1@10): 0.2262
Epsilon: 0.1131
Early stop at generation 15: first feasible solution found
CPU time: 3.62 seconds
After optimization overall metric scores     : ndcg@10=0.4401 f1@10=0.1432
After optimization group 1 (active) scores   : ndcg@10=0.6152 f1@10=0.2513
After optimization group 2 (inactive) scores : ndcg@10=0.4237 f1@10=0.1331
After optimization UGF: 0.1084
UGF reduction: 0.1178 (52.1%)
Constraint satisfied: True
GA Optimizer | Model:biasedMF | Dataset:dataset\5Grocery-rand | Group:0.05_count | K=10 | Fairness_metric=f1
GA Parameters | Pop:10 | Gen:1000 | Mut:0.3145 | Cross:0.5857
Adaptive Penalty | beta1:2.25 | beta2:2.31 | k:8
Before optimization overall scores           : ndcg@10=0.4508 f1@10=0.1578
Before optimization group 1 (active) scores  : ndcg@10=0.7029 f1@10=0.3648
Before optimization group 2 (inactive) scores: ndcg@10=0.4274 f1@10=0.1386
Before optimization UGF (f1@10): 0.2262
Epsilon: 0.1131
Early stop at generation 15: first feasible solution found
CPU time: 3.52 seconds
After optimization overall metric scores     : ndcg@10=0.4388 f1@10=0.1427
After optimization group 1 (active) scores   : ndcg@10=0.6173 f1@10=0.2482
After optimization group 2 (inactive) scores : ndcg@10=0.4218 f1@10=0.1327
After optimization UGF: 0.1071
UGF reduction: 0.1191 (52.6%)
Constraint satisfied: True
GA Optimizer | Model:biasedMF | Dataset:dataset\5Grocery-rand | Group:0.05_count | K=10 | Fairness_metric=f1
GA Parameters | Pop:10 | Gen:1000 | Mut:0.3145 | Cross:0.5857
Adaptive Penalty | beta1:2.25 | beta2:2.31 | k:8
Before optimization overall scores           : ndcg@10=0.4508 f1@10=0.1578
Before optimization group 1 (active) scores  : ndcg@10=0.7029 f1@10=0.3648
Before optimization group 2 (inactive) scores: ndcg@10=0.4274 f1@10=0.1386
Before optimization UGF (f1@10): 0.2262
Epsilon: 0.1131
Early stop at generation 15: first feasible solution found
CPU time: 3.56 seconds
After optimization overall metric scores     : ndcg@10=0.4397 f1@10=0.1432
After optimization group 1 (active) scores   : ndcg@10=0.6154 f1@10=0.2509
After optimization group 2 (inactive) scores : ndcg@10=0.4243 f1@10=0.1338
After optimization UGF: 0.1105
UGF reduction: 0.1157 (51.1%)
Constraint satisfied: True
GA Optimizer | Model:biasedMF | Dataset:dataset\5Grocery-rand | Group:0.05_count | K=10 | Fairness_metric=f1
GA Parameters | Pop:10 | Gen:1000 | Mut:0.3145 | Cross:0.5857
Adaptive Penalty | beta1:2.25 | beta2:2.31 | k:8
Before optimization overall scores           : ndcg@10=0.4508 f1@10=0.1578
Before optimization group 1 (active) scores  : ndcg@10=0.7029 f1@10=0.3648
Before optimization group 2 (inactive) scores: ndcg@10=0.4274 f1@10=0.1386
Before optimization UGF (f1@10): 0.2262
Epsilon: 0.1131
Early stop at generation 16: first feasible solution found
CPU time: 3.74 seconds
After optimization overall metric scores     : ndcg@10=0.4409 f1@10=0.1436
After optimization group 1 (active) scores   : ndcg@10=0.6324 f1@10=0.2574
After optimization group 2 (inactive) scores : ndcg@10=0.4239 f1@10=0.1339
After optimization UGF: 0.1105
UGF reduction: 0.1157 (51.1%)
Constraint satisfied: True
GA Optimizer | Model:biasedMF | Dataset:dataset\5Grocery-rand | Group:0.05_count | K=10 | Fairness_metric=f1
GA Parameters | Pop:10 | Gen:1000 | Mut:0.3145 | Cross:0.5857
Adaptive Penalty | beta1:2.25 | beta2:2.31 | k:8
Before optimization overall scores           : ndcg@10=0.4508 f1@10=0.1578
Before optimization group 1 (active) scores  : ndcg@10=0.7029 f1@10=0.3648
Before optimization group 2 (inactive) scores: ndcg@10=0.4274 f1@10=0.1386
Before optimization UGF (f1@10): 0.2262
Epsilon: 0.1131
Early stop at generation 15: first feasible solution found
CPU time: 3.56 seconds
After optimization overall metric scores     : ndcg@10=0.4401 f1@10=0.1437
After optimization group 1 (active) scores   : ndcg@10=0.6170 f1@10=0.2566
After optimization group 2 (inactive) scores : ndcg@10=0.4247 f1@10=0.1344
After optimization UGF: 0.1114
UGF reduction: 0.1148 (50.8%)
Constraint satisfied: True
GA Optimizer | Model:biasedMF | Dataset:dataset\5Grocery-rand | Group:0.05_count | K=10 | Fairness_metric=f1
GA Parameters | Pop:10 | Gen:1000 | Mut:0.3145 | Cross:0.5857
Adaptive Penalty | beta1:2.25 | beta2:2.31 | k:8
Before optimization overall scores           : ndcg@10=0.4508 f1@10=0.1578
Before optimization group 1 (active) scores  : ndcg@10=0.7029 f1@10=0.3648
Before optimization group 2 (inactive) scores: ndcg@10=0.4274 f1@10=0.1386
Before optimization UGF (f1@10): 0.2262
Epsilon: 0.1131
Early stop at generation 16: first feasible solution found
CPU time: 3.77 seconds
After optimization overall metric scores     : ndcg@10=0.4415 f1@10=0.1433
After optimization group 1 (active) scores   : ndcg@10=0.6377 f1@10=0.2470
After optimization group 2 (inactive) scores : ndcg@10=0.4240 f1@10=0.1340
After optimization UGF: 0.1077
UGF reduction: 0.1185 (52.4%)
Constraint satisfied: True
GA Optimizer | Model:biasedMF | Dataset:dataset\5Grocery-rand | Group:0.05_count | K=10 | Fairness_metric=f1
GA Parameters | Pop:10 | Gen:1000 | Mut:0.3145 | Cross:0.5857
Adaptive Penalty | beta1:2.25 | beta2:2.31 | k:8
Before optimization overall scores           : ndcg@10=0.4508 f1@10=0.1578
Before optimization group 1 (active) scores  : ndcg@10=0.7029 f1@10=0.3648
Before optimization group 2 (inactive) scores: ndcg@10=0.4274 f1@10=0.1386
Before optimization UGF (f1@10): 0.2262
Epsilon: 0.1131
Early stop at generation 15: first feasible solution found
CPU time: 3.57 seconds
After optimization overall metric scores     : ndcg@10=0.4391 f1@10=0.1415
After optimization group 1 (active) scores   : ndcg@10=0.6287 f1@10=0.2475
After optimization group 2 (inactive) scores : ndcg@10=0.4226 f1@10=0.1324
After optimization UGF: 0.1081
UGF reduction: 0.1181 (52.2%)
Constraint satisfied: True
GA Optimizer | Model:biasedMF | Dataset:dataset\5Grocery-rand | Group:0.05_count | K=10 | Fairness_metric=f1
GA Parameters | Pop:10 | Gen:1000 | Mut:0.3145 | Cross:0.5857
Adaptive Penalty | beta1:2.25 | beta2:2.31 | k:8
Before optimization overall scores           : ndcg@10=0.4508 f1@10=0.1578
Before optimization group 1 (active) scores  : ndcg@10=0.7029 f1@10=0.3648
Before optimization group 2 (inactive) scores: ndcg@10=0.4274 f1@10=0.1386
Before optimization UGF (f1@10): 0.2262
Epsilon: 0.1131
Early stop at generation 16: first feasible solution found
CPU time: 3.85 seconds
After optimization overall metric scores     : ndcg@10=0.4420 f1@10=0.1445
After optimization group 1 (active) scores   : ndcg@10=0.6276 f1@10=0.2516
After optimization group 2 (inactive) scores : ndcg@10=0.4248 f1@10=0.1345
After optimization UGF: 0.1037
UGF reduction: 0.1225 (54.2%)
Constraint satisfied: True
GA Optimizer | Model:biasedMF | Dataset:dataset\5Grocery-rand | Group:0.05_count | K=10 | Fairness_metric=f1
GA Parameters | Pop:10 | Gen:1000 | Mut:0.3145 | Cross:0.5857
Adaptive Penalty | beta1:2.25 | beta2:2.31 | k:8
Before optimization overall scores           : ndcg@10=0.4508 f1@10=0.1578
Before optimization group 1 (active) scores  : ndcg@10=0.7029 f1@10=0.3648
Before optimization group 2 (inactive) scores: ndcg@10=0.4274 f1@10=0.1386
Before optimization UGF (f1@10): 0.2262
Epsilon: 0.1131
Early stop at generation 15: first feasible solution found
CPU time: 3.57 seconds
After optimization overall metric scores     : ndcg@10=0.4411 f1@10=0.1438
After optimization group 1 (active) scores   : ndcg@10=0.6305 f1@10=0.2600
After optimization group 2 (inactive) scores : ndcg@10=0.4246 f1@10=0.1341
After optimization UGF: 0.1118
UGF reduction: 0.1144 (50.6%)
Constraint satisfied: True
