GA Optimizer | Model:biasedMF | Dataset:dataset\5Health-rand | Group:max_0.05 | K=10 | Fairness_metric=f1
GA Parameters | Pop:10 | Gen:1000 | Mut:0.3145 | Cross:0.5857
Adaptive Penalty | beta1:2.25 | beta2:2.31 | k:8
Before optimization overall scores           : ndcg@10=0.4137 f1@10=0.1392
Before optimization group 1 (active) scores  : ndcg@10=0.5316 f1@10=0.2221
Before optimization group 2 (inactive) scores: ndcg@10=0.4064 f1@10=0.1341
Before optimization UGF (f1@10): 0.0881 (8.81%) | UGF (ndcg@10): 0.1253 (12.53%)
Epsilon: 0.0440
Early stop at generation 13: first feasible solution found
CPU time: 7.86 seconds
After optimization overall metric scores     : ndcg@10=0.4010 f1@10=0.1292
After optimization group 1 (active) scores   : ndcg@10=0.4564 f1@10=0.1664
After optimization group 2 (inactive) scores : ndcg@10=0.3976 f1@10=0.1269
After optimization UGF (f1@10): 0.0395 (3.95%) | UGF (ndcg@10): 0.0589 (5.89%)
UGF reduction: 0.0486 (55.1%)
Constraint satisfied: True
GA Optimizer | Model:biasedMF | Dataset:dataset\5Health-rand | Group:max_0.05 | K=10 | Fairness_metric=f1
GA Parameters | Pop:10 | Gen:1000 | Mut:0.3145 | Cross:0.5857
Adaptive Penalty | beta1:2.25 | beta2:2.31 | k:8
Before optimization overall scores           : ndcg@10=0.4137 f1@10=0.1392
Before optimization group 1 (active) scores  : ndcg@10=0.5316 f1@10=0.2221
Before optimization group 2 (inactive) scores: ndcg@10=0.4064 f1@10=0.1341
Before optimization UGF (f1@10): 0.0881 (8.81%) | UGF (ndcg@10): 0.1253 (12.53%)
Epsilon: 0.0440
Early stop at generation 13: first feasible solution found
CPU time: 8.04 seconds
After optimization overall metric scores     : ndcg@10=0.4005 f1@10=0.1291
After optimization group 1 (active) scores   : ndcg@10=0.4589 f1@10=0.1684
After optimization group 2 (inactive) scores : ndcg@10=0.3969 f1@10=0.1267
After optimization UGF (f1@10): 0.0418 (4.18%) | UGF (ndcg@10): 0.0621 (6.21%)
UGF reduction: 0.0463 (52.6%)
Constraint satisfied: True
GA Optimizer | Model:biasedMF | Dataset:dataset\5Health-rand | Group:max_0.05 | K=10 | Fairness_metric=f1
GA Parameters | Pop:10 | Gen:1000 | Mut:0.3145 | Cross:0.5857
Adaptive Penalty | beta1:2.25 | beta2:2.31 | k:8
Before optimization overall scores           : ndcg@10=0.4137 f1@10=0.1392
Before optimization group 1 (active) scores  : ndcg@10=0.5316 f1@10=0.2221
Before optimization group 2 (inactive) scores: ndcg@10=0.4064 f1@10=0.1341
Before optimization UGF (f1@10): 0.0881 (8.81%) | UGF (ndcg@10): 0.1253 (12.53%)
Epsilon: 0.0440
Early stop at generation 13: first feasible solution found
CPU time: 7.90 seconds
After optimization overall metric scores     : ndcg@10=0.3988 f1@10=0.1287
After optimization group 1 (active) scores   : ndcg@10=0.4480 f1@10=0.1657
After optimization group 2 (inactive) scores : ndcg@10=0.3957 f1@10=0.1264
After optimization UGF (f1@10): 0.0393 (3.93%) | UGF (ndcg@10): 0.0523 (5.23%)
UGF reduction: 0.0488 (55.4%)
Constraint satisfied: True
GA Optimizer | Model:biasedMF | Dataset:dataset\5Health-rand | Group:max_0.05 | K=10 | Fairness_metric=f1
GA Parameters | Pop:10 | Gen:1000 | Mut:0.3145 | Cross:0.5857
Adaptive Penalty | beta1:2.25 | beta2:2.31 | k:8
Before optimization overall scores           : ndcg@10=0.4137 f1@10=0.1392
Before optimization group 1 (active) scores  : ndcg@10=0.5316 f1@10=0.2221
Before optimization group 2 (inactive) scores: ndcg@10=0.4064 f1@10=0.1341
Before optimization UGF (f1@10): 0.0881 (8.81%) | UGF (ndcg@10): 0.1253 (12.53%)
Epsilon: 0.0440
Early stop at generation 13: first feasible solution found
CPU time: 7.97 seconds
After optimization overall metric scores     : ndcg@10=0.4014 f1@10=0.1292
After optimization group 1 (active) scores   : ndcg@10=0.4541 f1@10=0.1672
After optimization group 2 (inactive) scores : ndcg@10=0.3982 f1@10=0.1269
After optimization UGF (f1@10): 0.0404 (4.04%) | UGF (ndcg@10): 0.0559 (5.59%)
UGF reduction: 0.0477 (54.2%)
Constraint satisfied: True
GA Optimizer | Model:biasedMF | Dataset:dataset\5Health-rand | Group:max_0.05 | K=10 | Fairness_metric=f1
GA Parameters | Pop:10 | Gen:1000 | Mut:0.3145 | Cross:0.5857
Adaptive Penalty | beta1:2.25 | beta2:2.31 | k:8
Before optimization overall scores           : ndcg@10=0.4137 f1@10=0.1392
Before optimization group 1 (active) scores  : ndcg@10=0.5316 f1@10=0.2221
Before optimization group 2 (inactive) scores: ndcg@10=0.4064 f1@10=0.1341
Before optimization UGF (f1@10): 0.0881 (8.81%) | UGF (ndcg@10): 0.1253 (12.53%)
Epsilon: 0.0440
Early stop at generation 13: first feasible solution found
CPU time: 7.81 seconds
After optimization overall metric scores     : ndcg@10=0.4012 f1@10=0.1289
After optimization group 1 (active) scores   : ndcg@10=0.4532 f1@10=0.1678
After optimization group 2 (inactive) scores : ndcg@10=0.3979 f1@10=0.1265
After optimization UGF (f1@10): 0.0413 (4.13%) | UGF (ndcg@10): 0.0552 (5.52%)
UGF reduction: 0.0467 (53.1%)
Constraint satisfied: True
GA Optimizer | Model:biasedMF | Dataset:dataset\5Health-rand | Group:max_0.05 | K=10 | Fairness_metric=f1
GA Parameters | Pop:10 | Gen:1000 | Mut:0.3145 | Cross:0.5857
Adaptive Penalty | beta1:2.25 | beta2:2.31 | k:8
Before optimization overall scores           : ndcg@10=0.4137 f1@10=0.1392
Before optimization group 1 (active) scores  : ndcg@10=0.5316 f1@10=0.2221
Before optimization group 2 (inactive) scores: ndcg@10=0.4064 f1@10=0.1341
Before optimization UGF (f1@10): 0.0881 (8.81%) | UGF (ndcg@10): 0.1253 (12.53%)
Epsilon: 0.0440
Early stop at generation 12: first feasible solution found
CPU time: 7.30 seconds
After optimization overall metric scores     : ndcg@10=0.4009 f1@10=0.1298
After optimization group 1 (active) scores   : ndcg@10=0.4570 f1@10=0.1710
After optimization group 2 (inactive) scores : ndcg@10=0.3974 f1@10=0.1273
After optimization UGF (f1@10): 0.0438 (4.38%) | UGF (ndcg@10): 0.0596 (5.96%)
UGF reduction: 0.0443 (50.3%)
Constraint satisfied: True
GA Optimizer | Model:biasedMF | Dataset:dataset\5Health-rand | Group:max_0.05 | K=10 | Fairness_metric=f1
GA Parameters | Pop:10 | Gen:1000 | Mut:0.3145 | Cross:0.5857
Adaptive Penalty | beta1:2.25 | beta2:2.31 | k:8
Before optimization overall scores           : ndcg@10=0.4137 f1@10=0.1392
Before optimization group 1 (active) scores  : ndcg@10=0.5316 f1@10=0.2221
Before optimization group 2 (inactive) scores: ndcg@10=0.4064 f1@10=0.1341
Before optimization UGF (f1@10): 0.0881 (8.81%) | UGF (ndcg@10): 0.1253 (12.53%)
Epsilon: 0.0440
Early stop at generation 13: first feasible solution found
CPU time: 7.86 seconds
After optimization overall metric scores     : ndcg@10=0.4003 f1@10=0.1288
After optimization group 1 (active) scores   : ndcg@10=0.4595 f1@10=0.1679
After optimization group 2 (inactive) scores : ndcg@10=0.3967 f1@10=0.1263
After optimization UGF (f1@10): 0.0415 (4.15%) | UGF (ndcg@10): 0.0628 (6.28%)
UGF reduction: 0.0465 (52.8%)
Constraint satisfied: True
GA Optimizer | Model:biasedMF | Dataset:dataset\5Health-rand | Group:max_0.05 | K=10 | Fairness_metric=f1
GA Parameters | Pop:10 | Gen:1000 | Mut:0.3145 | Cross:0.5857
Adaptive Penalty | beta1:2.25 | beta2:2.31 | k:8
Before optimization overall scores           : ndcg@10=0.4137 f1@10=0.1392
Before optimization group 1 (active) scores  : ndcg@10=0.5316 f1@10=0.2221
Before optimization group 2 (inactive) scores: ndcg@10=0.4064 f1@10=0.1341
Before optimization UGF (f1@10): 0.0881 (8.81%) | UGF (ndcg@10): 0.1253 (12.53%)
Epsilon: 0.0440
Early stop at generation 13: first feasible solution found
CPU time: 7.89 seconds
After optimization overall metric scores     : ndcg@10=0.4006 f1@10=0.1289
After optimization group 1 (active) scores   : ndcg@10=0.4445 f1@10=0.1640
After optimization group 2 (inactive) scores : ndcg@10=0.3979 f1@10=0.1267
After optimization UGF (f1@10): 0.0373 (3.73%) | UGF (ndcg@10): 0.0465 (4.65%)
UGF reduction: 0.0508 (57.7%)
Constraint satisfied: True
GA Optimizer | Model:biasedMF | Dataset:dataset\5Health-rand | Group:max_0.05 | K=10 | Fairness_metric=f1
GA Parameters | Pop:10 | Gen:1000 | Mut:0.3145 | Cross:0.5857
Adaptive Penalty | beta1:2.25 | beta2:2.31 | k:8
Before optimization overall scores           : ndcg@10=0.4137 f1@10=0.1392
Before optimization group 1 (active) scores  : ndcg@10=0.5316 f1@10=0.2221
Before optimization group 2 (inactive) scores: ndcg@10=0.4064 f1@10=0.1341
Before optimization UGF (f1@10): 0.0881 (8.81%) | UGF (ndcg@10): 0.1253 (12.53%)
Epsilon: 0.0440
Early stop at generation 13: first feasible solution found
CPU time: 7.83 seconds
After optimization overall metric scores     : ndcg@10=0.4006 f1@10=0.1293
After optimization group 1 (active) scores   : ndcg@10=0.4518 f1@10=0.1684
After optimization group 2 (inactive) scores : ndcg@10=0.3974 f1@10=0.1269
After optimization UGF (f1@10): 0.0415 (4.15%) | UGF (ndcg@10): 0.0544 (5.44%)
UGF reduction: 0.0466 (52.9%)
Constraint satisfied: True
GA Optimizer | Model:biasedMF | Dataset:dataset\5Health-rand | Group:max_0.05 | K=10 | Fairness_metric=f1
GA Parameters | Pop:10 | Gen:1000 | Mut:0.3145 | Cross:0.5857
Adaptive Penalty | beta1:2.25 | beta2:2.31 | k:8
Before optimization overall scores           : ndcg@10=0.4137 f1@10=0.1392
Before optimization group 1 (active) scores  : ndcg@10=0.5316 f1@10=0.2221
Before optimization group 2 (inactive) scores: ndcg@10=0.4064 f1@10=0.1341
Before optimization UGF (f1@10): 0.0881 (8.81%) | UGF (ndcg@10): 0.1253 (12.53%)
Epsilon: 0.0440
Early stop at generation 13: first feasible solution found
CPU time: 7.90 seconds
After optimization overall metric scores     : ndcg@10=0.3994 f1@10=0.1289
After optimization group 1 (active) scores   : ndcg@10=0.4554 f1@10=0.1675
After optimization group 2 (inactive) scores : ndcg@10=0.3959 f1@10=0.1265
After optimization UGF (f1@10): 0.0410 (4.10%) | UGF (ndcg@10): 0.0596 (5.96%)
UGF reduction: 0.0471 (53.4%)
Constraint satisfied: True
GA Optimizer | Model:biasedMF | Dataset:dataset\5Health-rand | Group:max_0.05 | K=10 | Fairness_metric=f1
GA Parameters | Pop:10 | Gen:1000 | Mut:0.3145 | Cross:0.5857
Adaptive Penalty | beta1:2.25 | beta2:2.31 | k:8
Before optimization overall scores           : ndcg@10=0.4137 f1@10=0.1392
Before optimization group 1 (active) scores  : ndcg@10=0.5316 f1@10=0.2221
Before optimization group 2 (inactive) scores: ndcg@10=0.4064 f1@10=0.1341
Before optimization UGF (f1@10): 0.0881 (8.81%) | UGF (ndcg@10): 0.1253 (12.53%)
Epsilon: 0.0440
Early stop at generation 13: first feasible solution found
CPU time: 7.85 seconds
After optimization overall metric scores     : ndcg@10=0.3997 f1@10=0.1283
After optimization group 1 (active) scores   : ndcg@10=0.4548 f1@10=0.1640
After optimization group 2 (inactive) scores : ndcg@10=0.3963 f1@10=0.1261
After optimization UGF (f1@10): 0.0379 (3.79%) | UGF (ndcg@10): 0.0585 (5.85%)
UGF reduction: 0.0502 (57.0%)
Constraint satisfied: True
GA Optimizer | Model:biasedMF | Dataset:dataset\5Health-rand | Group:max_0.05 | K=10 | Fairness_metric=f1
GA Parameters | Pop:10 | Gen:1000 | Mut:0.3145 | Cross:0.5857
Adaptive Penalty | beta1:2.25 | beta2:2.31 | k:8
Before optimization overall scores           : ndcg@10=0.4137 f1@10=0.1392
Before optimization group 1 (active) scores  : ndcg@10=0.5316 f1@10=0.2221
Before optimization group 2 (inactive) scores: ndcg@10=0.4064 f1@10=0.1341
Before optimization UGF (f1@10): 0.0881 (8.81%) | UGF (ndcg@10): 0.1253 (12.53%)
Epsilon: 0.0440
Early stop at generation 13: first feasible solution found
CPU time: 7.81 seconds
After optimization overall metric scores     : ndcg@10=0.3990 f1@10=0.1286
After optimization group 1 (active) scores   : ndcg@10=0.4367 f1@10=0.1635
After optimization group 2 (inactive) scores : ndcg@10=0.3967 f1@10=0.1265
After optimization UGF (f1@10): 0.0370 (3.70%) | UGF (ndcg@10): 0.0400 (4.00%)
UGF reduction: 0.0511 (58.0%)
Constraint satisfied: True
GA Optimizer | Model:biasedMF | Dataset:dataset\5Health-rand | Group:max_0.05 | K=10 | Fairness_metric=f1
GA Parameters | Pop:10 | Gen:1000 | Mut:0.3145 | Cross:0.5857
Adaptive Penalty | beta1:2.25 | beta2:2.31 | k:8
Before optimization overall scores           : ndcg@10=0.4137 f1@10=0.1392
Before optimization group 1 (active) scores  : ndcg@10=0.5316 f1@10=0.2221
Before optimization group 2 (inactive) scores: ndcg@10=0.4064 f1@10=0.1341
Before optimization UGF (f1@10): 0.0881 (8.81%) | UGF (ndcg@10): 0.1253 (12.53%)
Epsilon: 0.0440
Early stop at generation 12: first feasible solution found
CPU time: 7.30 seconds
After optimization overall metric scores     : ndcg@10=0.4008 f1@10=0.1298
After optimization group 1 (active) scores   : ndcg@10=0.4533 f1@10=0.1692
After optimization group 2 (inactive) scores : ndcg@10=0.3975 f1@10=0.1273
After optimization UGF (f1@10): 0.0419 (4.19%) | UGF (ndcg@10): 0.0558 (5.58%)
UGF reduction: 0.0462 (52.4%)
Constraint satisfied: True
GA Optimizer | Model:biasedMF | Dataset:dataset\5Health-rand | Group:max_0.05 | K=10 | Fairness_metric=f1
GA Parameters | Pop:10 | Gen:1000 | Mut:0.3145 | Cross:0.5857
Adaptive Penalty | beta1:2.25 | beta2:2.31 | k:8
Before optimization overall scores           : ndcg@10=0.4137 f1@10=0.1392
Before optimization group 1 (active) scores  : ndcg@10=0.5316 f1@10=0.2221
Before optimization group 2 (inactive) scores: ndcg@10=0.4064 f1@10=0.1341
Before optimization UGF (f1@10): 0.0881 (8.81%) | UGF (ndcg@10): 0.1253 (12.53%)
Epsilon: 0.0440
Early stop at generation 13: first feasible solution found
CPU time: 7.96 seconds
After optimization overall metric scores     : ndcg@10=0.4011 f1@10=0.1290
After optimization group 1 (active) scores   : ndcg@10=0.4549 f1@10=0.1666
After optimization group 2 (inactive) scores : ndcg@10=0.3977 f1@10=0.1267
After optimization UGF (f1@10): 0.0399 (3.99%) | UGF (ndcg@10): 0.0572 (5.72%)
UGF reduction: 0.0482 (54.7%)
Constraint satisfied: True
GA Optimizer | Model:biasedMF | Dataset:dataset\5Health-rand | Group:max_0.05 | K=10 | Fairness_metric=f1
GA Parameters | Pop:10 | Gen:1000 | Mut:0.3145 | Cross:0.5857
Adaptive Penalty | beta1:2.25 | beta2:2.31 | k:8
Before optimization overall scores           : ndcg@10=0.4137 f1@10=0.1392
Before optimization group 1 (active) scores  : ndcg@10=0.5316 f1@10=0.2221
Before optimization group 2 (inactive) scores: ndcg@10=0.4064 f1@10=0.1341
Before optimization UGF (f1@10): 0.0881 (8.81%) | UGF (ndcg@10): 0.1253 (12.53%)
Epsilon: 0.0440
Early stop at generation 13: first feasible solution found
CPU time: 7.88 seconds
After optimization overall metric scores     : ndcg@10=0.4011 f1@10=0.1290
After optimization group 1 (active) scores   : ndcg@10=0.4497 f1@10=0.1630
After optimization group 2 (inactive) scores : ndcg@10=0.3980 f1@10=0.1269
After optimization UGF (f1@10): 0.0362 (3.62%) | UGF (ndcg@10): 0.0516 (5.16%)
UGF reduction: 0.0519 (58.9%)
Constraint satisfied: True
GA Optimizer | Model:biasedMF | Dataset:dataset\5Health-rand | Group:max_0.05 | K=10 | Fairness_metric=f1
GA Parameters | Pop:10 | Gen:1000 | Mut:0.3145 | Cross:0.5857
Adaptive Penalty | beta1:2.25 | beta2:2.31 | k:8
Before optimization overall scores           : ndcg@10=0.4137 f1@10=0.1392
Before optimization group 1 (active) scores  : ndcg@10=0.5316 f1@10=0.2221
Before optimization group 2 (inactive) scores: ndcg@10=0.4064 f1@10=0.1341
Before optimization UGF (f1@10): 0.0881 (8.81%) | UGF (ndcg@10): 0.1253 (12.53%)
Epsilon: 0.0440
Early stop at generation 12: first feasible solution found
CPU time: 7.35 seconds
After optimization overall metric scores     : ndcg@10=0.4008 f1@10=0.1297
After optimization group 1 (active) scores   : ndcg@10=0.4507 f1@10=0.1711
After optimization group 2 (inactive) scores : ndcg@10=0.3977 f1@10=0.1271
After optimization UGF (f1@10): 0.0440 (4.40%) | UGF (ndcg@10): 0.0530 (5.30%)
UGF reduction: 0.0441 (50.1%)
Constraint satisfied: True
GA Optimizer | Model:biasedMF | Dataset:dataset\5Health-rand | Group:max_0.05 | K=10 | Fairness_metric=f1
GA Parameters | Pop:10 | Gen:1000 | Mut:0.3145 | Cross:0.5857
Adaptive Penalty | beta1:2.25 | beta2:2.31 | k:8
Before optimization overall scores           : ndcg@10=0.4137 f1@10=0.1392
Before optimization group 1 (active) scores  : ndcg@10=0.5316 f1@10=0.2221
Before optimization group 2 (inactive) scores: ndcg@10=0.4064 f1@10=0.1341
Before optimization UGF (f1@10): 0.0881 (8.81%) | UGF (ndcg@10): 0.1253 (12.53%)
Epsilon: 0.0440
Early stop at generation 13: first feasible solution found
CPU time: 8.22 seconds
After optimization overall metric scores     : ndcg@10=0.4005 f1@10=0.1292
After optimization group 1 (active) scores   : ndcg@10=0.4464 f1@10=0.1675
After optimization group 2 (inactive) scores : ndcg@10=0.3976 f1@10=0.1269
After optimization UGF (f1@10): 0.0407 (4.07%) | UGF (ndcg@10): 0.0488 (4.88%)
UGF reduction: 0.0474 (53.8%)
Constraint satisfied: True
GA Optimizer | Model:biasedMF | Dataset:dataset\5Health-rand | Group:max_0.05 | K=10 | Fairness_metric=f1
GA Parameters | Pop:10 | Gen:1000 | Mut:0.3145 | Cross:0.5857
Adaptive Penalty | beta1:2.25 | beta2:2.31 | k:8
Before optimization overall scores           : ndcg@10=0.4137 f1@10=0.1392
Before optimization group 1 (active) scores  : ndcg@10=0.5316 f1@10=0.2221
Before optimization group 2 (inactive) scores: ndcg@10=0.4064 f1@10=0.1341
Before optimization UGF (f1@10): 0.0881 (8.81%) | UGF (ndcg@10): 0.1253 (12.53%)
Epsilon: 0.0440
Early stop at generation 13: first feasible solution found
CPU time: 8.20 seconds
After optimization overall metric scores     : ndcg@10=0.3998 f1@10=0.1283
After optimization group 1 (active) scores   : ndcg@10=0.4429 f1@10=0.1600
After optimization group 2 (inactive) scores : ndcg@10=0.3971 f1@10=0.1263
After optimization UGF (f1@10): 0.0336 (3.36%) | UGF (ndcg@10): 0.0458 (4.58%)
UGF reduction: 0.0545 (61.8%)
Constraint satisfied: True
GA Optimizer | Model:biasedMF | Dataset:dataset\5Health-rand | Group:max_0.05 | K=10 | Fairness_metric=f1
GA Parameters | Pop:10 | Gen:1000 | Mut:0.3145 | Cross:0.5857
Adaptive Penalty | beta1:2.25 | beta2:2.31 | k:8
Before optimization overall scores           : ndcg@10=0.4137 f1@10=0.1392
Before optimization group 1 (active) scores  : ndcg@10=0.5316 f1@10=0.2221
Before optimization group 2 (inactive) scores: ndcg@10=0.4064 f1@10=0.1341
Before optimization UGF (f1@10): 0.0881 (8.81%) | UGF (ndcg@10): 0.1253 (12.53%)
Epsilon: 0.0440
Early stop at generation 13: first feasible solution found
CPU time: 8.17 seconds
After optimization overall metric scores     : ndcg@10=0.4004 f1@10=0.1292
After optimization group 1 (active) scores   : ndcg@10=0.4505 f1@10=0.1693
After optimization group 2 (inactive) scores : ndcg@10=0.3972 f1@10=0.1267
After optimization UGF (f1@10): 0.0427 (4.27%) | UGF (ndcg@10): 0.0533 (5.33%)
UGF reduction: 0.0454 (51.5%)
Constraint satisfied: True
GA Optimizer | Model:biasedMF | Dataset:dataset\5Health-rand | Group:max_0.05 | K=10 | Fairness_metric=f1
GA Parameters | Pop:10 | Gen:1000 | Mut:0.3145 | Cross:0.5857
Adaptive Penalty | beta1:2.25 | beta2:2.31 | k:8
Before optimization overall scores           : ndcg@10=0.4137 f1@10=0.1392
Before optimization group 1 (active) scores  : ndcg@10=0.5316 f1@10=0.2221
Before optimization group 2 (inactive) scores: ndcg@10=0.4064 f1@10=0.1341
Before optimization UGF (f1@10): 0.0881 (8.81%) | UGF (ndcg@10): 0.1253 (12.53%)
Epsilon: 0.0440
Early stop at generation 13: first feasible solution found
CPU time: 8.13 seconds
After optimization overall metric scores     : ndcg@10=0.3994 f1@10=0.1285
After optimization group 1 (active) scores   : ndcg@10=0.4489 f1@10=0.1642
After optimization group 2 (inactive) scores : ndcg@10=0.3963 f1@10=0.1263
After optimization UGF (f1@10): 0.0380 (3.80%) | UGF (ndcg@10): 0.0525 (5.25%)
UGF reduction: 0.0501 (56.9%)
Constraint satisfied: True
GA Optimizer | Model:biasedMF | Dataset:dataset\5Health-rand | Group:max_0.05 | K=10 | Fairness_metric=f1
GA Parameters | Pop:10 | Gen:1000 | Mut:0.3145 | Cross:0.5857
Adaptive Penalty | beta1:2.25 | beta2:2.31 | k:8
Before optimization overall scores           : ndcg@10=0.4137 f1@10=0.1392
Before optimization group 1 (active) scores  : ndcg@10=0.5316 f1@10=0.2221
Before optimization group 2 (inactive) scores: ndcg@10=0.4064 f1@10=0.1341
Before optimization UGF (f1@10): 0.0881 (8.81%) | UGF (ndcg@10): 0.1253 (12.53%)
Epsilon: 0.0440
Early stop at generation 13: first feasible solution found
CPU time: 8.32 seconds
After optimization overall metric scores     : ndcg@10=0.4000 f1@10=0.1287
After optimization group 1 (active) scores   : ndcg@10=0.4472 f1@10=0.1636
After optimization group 2 (inactive) scores : ndcg@10=0.3971 f1@10=0.1265
After optimization UGF (f1@10): 0.0371 (3.71%) | UGF (ndcg@10): 0.0501 (5.01%)
UGF reduction: 0.0510 (57.9%)
Constraint satisfied: True
GA Optimizer | Model:biasedMF | Dataset:dataset\5Health-rand | Group:max_0.05 | K=10 | Fairness_metric=f1
GA Parameters | Pop:10 | Gen:1000 | Mut:0.3145 | Cross:0.5857
Adaptive Penalty | beta1:2.25 | beta2:2.31 | k:8
Before optimization overall scores           : ndcg@10=0.4137 f1@10=0.1392
Before optimization group 1 (active) scores  : ndcg@10=0.5316 f1@10=0.2221
Before optimization group 2 (inactive) scores: ndcg@10=0.4064 f1@10=0.1341
Before optimization UGF (f1@10): 0.0881 (8.81%) | UGF (ndcg@10): 0.1253 (12.53%)
Epsilon: 0.0440
Early stop at generation 13: first feasible solution found
CPU time: 8.17 seconds
After optimization overall metric scores     : ndcg@10=0.4014 f1@10=0.1296
After optimization group 1 (active) scores   : ndcg@10=0.4525 f1@10=0.1691
After optimization group 2 (inactive) scores : ndcg@10=0.3982 f1@10=0.1271
After optimization UGF (f1@10): 0.0420 (4.20%) | UGF (ndcg@10): 0.0542 (5.42%)
UGF reduction: 0.0461 (52.3%)
Constraint satisfied: True
GA Optimizer | Model:biasedMF | Dataset:dataset\5Health-rand | Group:max_0.05 | K=10 | Fairness_metric=f1
GA Parameters | Pop:10 | Gen:1000 | Mut:0.3145 | Cross:0.5857
Adaptive Penalty | beta1:2.25 | beta2:2.31 | k:8
Before optimization overall scores           : ndcg@10=0.4137 f1@10=0.1392
Before optimization group 1 (active) scores  : ndcg@10=0.5316 f1@10=0.2221
Before optimization group 2 (inactive) scores: ndcg@10=0.4064 f1@10=0.1341
Before optimization UGF (f1@10): 0.0881 (8.81%) | UGF (ndcg@10): 0.1253 (12.53%)
Epsilon: 0.0440
Early stop at generation 12: first feasible solution found
CPU time: 7.55 seconds
After optimization overall metric scores     : ndcg@10=0.4026 f1@10=0.1303
After optimization group 1 (active) scores   : ndcg@10=0.4567 f1@10=0.1714
After optimization group 2 (inactive) scores : ndcg@10=0.3992 f1@10=0.1278
After optimization UGF (f1@10): 0.0436 (4.36%) | UGF (ndcg@10): 0.0574 (5.74%)
UGF reduction: 0.0445 (50.5%)
Constraint satisfied: True
GA Optimizer | Model:biasedMF | Dataset:dataset\5Health-rand | Group:max_0.05 | K=10 | Fairness_metric=f1
GA Parameters | Pop:10 | Gen:1000 | Mut:0.3145 | Cross:0.5857
Adaptive Penalty | beta1:2.25 | beta2:2.31 | k:8
Before optimization overall scores           : ndcg@10=0.4137 f1@10=0.1392
Before optimization group 1 (active) scores  : ndcg@10=0.5316 f1@10=0.2221
Before optimization group 2 (inactive) scores: ndcg@10=0.4064 f1@10=0.1341
Before optimization UGF (f1@10): 0.0881 (8.81%) | UGF (ndcg@10): 0.1253 (12.53%)
Epsilon: 0.0440
Early stop at generation 13: first feasible solution found
CPU time: 8.07 seconds
After optimization overall metric scores     : ndcg@10=0.4018 f1@10=0.1294
After optimization group 1 (active) scores   : ndcg@10=0.4691 f1@10=0.1706
After optimization group 2 (inactive) scores : ndcg@10=0.3977 f1@10=0.1269
After optimization UGF (f1@10): 0.0437 (4.37%) | UGF (ndcg@10): 0.0715 (7.15%)
UGF reduction: 0.0443 (50.3%)
Constraint satisfied: True
GA Optimizer | Model:biasedMF | Dataset:dataset\5Health-rand | Group:max_0.05 | K=10 | Fairness_metric=f1
GA Parameters | Pop:10 | Gen:1000 | Mut:0.3145 | Cross:0.5857
Adaptive Penalty | beta1:2.25 | beta2:2.31 | k:8
Before optimization overall scores           : ndcg@10=0.4137 f1@10=0.1392
Before optimization group 1 (active) scores  : ndcg@10=0.5316 f1@10=0.2221
Before optimization group 2 (inactive) scores: ndcg@10=0.4064 f1@10=0.1341
Before optimization UGF (f1@10): 0.0881 (8.81%) | UGF (ndcg@10): 0.1253 (12.53%)
Epsilon: 0.0440
Early stop at generation 13: first feasible solution found
CPU time: 8.02 seconds
After optimization overall metric scores     : ndcg@10=0.3999 f1@10=0.1288
After optimization group 1 (active) scores   : ndcg@10=0.4396 f1@10=0.1662
After optimization group 2 (inactive) scores : ndcg@10=0.3974 f1@10=0.1265
After optimization UGF (f1@10): 0.0398 (3.98%) | UGF (ndcg@10): 0.0422 (4.22%)
UGF reduction: 0.0483 (54.9%)
Constraint satisfied: True
GA Optimizer | Model:biasedMF | Dataset:dataset\5Health-rand | Group:max_0.05 | K=10 | Fairness_metric=f1
GA Parameters | Pop:10 | Gen:1000 | Mut:0.3145 | Cross:0.5857
Adaptive Penalty | beta1:2.25 | beta2:2.31 | k:8
Before optimization overall scores           : ndcg@10=0.4137 f1@10=0.1392
Before optimization group 1 (active) scores  : ndcg@10=0.5316 f1@10=0.2221
Before optimization group 2 (inactive) scores: ndcg@10=0.4064 f1@10=0.1341
Before optimization UGF (f1@10): 0.0881 (8.81%) | UGF (ndcg@10): 0.1253 (12.53%)
Epsilon: 0.0440
Early stop at generation 13: first feasible solution found
CPU time: 8.08 seconds
After optimization overall metric scores     : ndcg@10=0.4017 f1@10=0.1288
After optimization group 1 (active) scores   : ndcg@10=0.4614 f1@10=0.1695
After optimization group 2 (inactive) scores : ndcg@10=0.3980 f1@10=0.1263
After optimization UGF (f1@10): 0.0432 (4.32%) | UGF (ndcg@10): 0.0634 (6.34%)
UGF reduction: 0.0449 (51.0%)
Constraint satisfied: True
GA Optimizer | Model:biasedMF | Dataset:dataset\5Health-rand | Group:max_0.05 | K=10 | Fairness_metric=f1
GA Parameters | Pop:10 | Gen:1000 | Mut:0.3145 | Cross:0.5857
Adaptive Penalty | beta1:2.25 | beta2:2.31 | k:8
Before optimization overall scores           : ndcg@10=0.4137 f1@10=0.1392
Before optimization group 1 (active) scores  : ndcg@10=0.5316 f1@10=0.2221
Before optimization group 2 (inactive) scores: ndcg@10=0.4064 f1@10=0.1341
Before optimization UGF (f1@10): 0.0881 (8.81%) | UGF (ndcg@10): 0.1253 (12.53%)
Epsilon: 0.0440
Early stop at generation 13: first feasible solution found
CPU time: 8.05 seconds
After optimization overall metric scores     : ndcg@10=0.4008 f1@10=0.1292
After optimization group 1 (active) scores   : ndcg@10=0.4563 f1@10=0.1687
After optimization group 2 (inactive) scores : ndcg@10=0.3973 f1@10=0.1267
After optimization UGF (f1@10): 0.0419 (4.19%) | UGF (ndcg@10): 0.0590 (5.90%)
UGF reduction: 0.0461 (52.4%)
Constraint satisfied: True
GA Optimizer | Model:biasedMF | Dataset:dataset\5Health-rand | Group:max_0.05 | K=10 | Fairness_metric=f1
GA Parameters | Pop:10 | Gen:1000 | Mut:0.3145 | Cross:0.5857
Adaptive Penalty | beta1:2.25 | beta2:2.31 | k:8
Before optimization overall scores           : ndcg@10=0.4137 f1@10=0.1392
Before optimization group 1 (active) scores  : ndcg@10=0.5316 f1@10=0.2221
Before optimization group 2 (inactive) scores: ndcg@10=0.4064 f1@10=0.1341
Before optimization UGF (f1@10): 0.0881 (8.81%) | UGF (ndcg@10): 0.1253 (12.53%)
Epsilon: 0.0440
Early stop at generation 13: first feasible solution found
CPU time: 8.02 seconds
After optimization overall metric scores     : ndcg@10=0.4015 f1@10=0.1294
After optimization group 1 (active) scores   : ndcg@10=0.4669 f1@10=0.1703
After optimization group 2 (inactive) scores : ndcg@10=0.3975 f1@10=0.1269
After optimization UGF (f1@10): 0.0434 (4.34%) | UGF (ndcg@10): 0.0694 (6.94%)
UGF reduction: 0.0447 (50.7%)
Constraint satisfied: True
GA Optimizer | Model:biasedMF | Dataset:dataset\5Health-rand | Group:max_0.05 | K=10 | Fairness_metric=f1
GA Parameters | Pop:10 | Gen:1000 | Mut:0.3145 | Cross:0.5857
Adaptive Penalty | beta1:2.25 | beta2:2.31 | k:8
Before optimization overall scores           : ndcg@10=0.4137 f1@10=0.1392
Before optimization group 1 (active) scores  : ndcg@10=0.5316 f1@10=0.2221
Before optimization group 2 (inactive) scores: ndcg@10=0.4064 f1@10=0.1341
Before optimization UGF (f1@10): 0.0881 (8.81%) | UGF (ndcg@10): 0.1253 (12.53%)
Epsilon: 0.0440
Early stop at generation 13: first feasible solution found
CPU time: 8.10 seconds
After optimization overall metric scores     : ndcg@10=0.4014 f1@10=0.1292
After optimization group 1 (active) scores   : ndcg@10=0.4518 f1@10=0.1658
After optimization group 2 (inactive) scores : ndcg@10=0.3983 f1@10=0.1269
After optimization UGF (f1@10): 0.0389 (3.89%) | UGF (ndcg@10): 0.0535 (5.35%)
UGF reduction: 0.0491 (55.8%)
Constraint satisfied: True
GA Optimizer | Model:biasedMF | Dataset:dataset\5Health-rand | Group:max_0.05 | K=10 | Fairness_metric=f1
GA Parameters | Pop:10 | Gen:1000 | Mut:0.3145 | Cross:0.5857
Adaptive Penalty | beta1:2.25 | beta2:2.31 | k:8
Before optimization overall scores           : ndcg@10=0.4137 f1@10=0.1392
Before optimization group 1 (active) scores  : ndcg@10=0.5316 f1@10=0.2221
Before optimization group 2 (inactive) scores: ndcg@10=0.4064 f1@10=0.1341
Before optimization UGF (f1@10): 0.0881 (8.81%) | UGF (ndcg@10): 0.1253 (12.53%)
Epsilon: 0.0440
Early stop at generation 13: first feasible solution found
CPU time: 8.02 seconds
After optimization overall metric scores     : ndcg@10=0.4015 f1@10=0.1294
After optimization group 1 (active) scores   : ndcg@10=0.4576 f1@10=0.1690
After optimization group 2 (inactive) scores : ndcg@10=0.3980 f1@10=0.1269
After optimization UGF (f1@10): 0.0421 (4.21%) | UGF (ndcg@10): 0.0595 (5.95%)
UGF reduction: 0.0460 (52.2%)
Constraint satisfied: True
