GA Optimizer | Model:NCF | Dataset:dataset\5Beauty-rand | Group:0.05_count | K=10 | Fairness_metric=f1
GA Parameters | Pop:10 | Gen:1000 | Mut:0.3145 | Cross:0.5857
Adaptive Penalty | beta1:2.25 | beta2:2.31 | k:8
Before optimization overall scores           : ndcg@10=0.3513 f1@10=0.1244
Before optimization group 1 (active) scores  : ndcg@10=0.6176 f1@10=0.2910
Before optimization group 2 (inactive) scores: ndcg@10=0.3269 f1@10=0.1091
Before optimization UGF (f1@10): 0.1819 (18.19%) | UGF (ndcg@10): 0.2906 (29.06%)
Epsilon: 0.0909
Early stop at generation 16: first feasible solution found
CPU time: 5.67 seconds
After optimization overall metric scores     : ndcg@10=0.3368 f1@10=0.1099
After optimization group 1 (active) scores   : ndcg@10=0.5221 f1@10=0.1917
After optimization group 2 (inactive) scores : ndcg@10=0.3199 f1@10=0.1024
After optimization UGF (f1@10): 0.0893 (8.93%) | UGF (ndcg@10): 0.2022 (20.22%)
UGF reduction: 0.0926 (50.9%)
Constraint satisfied: True
GA Optimizer | Model:NCF | Dataset:dataset\5Beauty-rand | Group:0.05_count | K=10 | Fairness_metric=f1
GA Parameters | Pop:10 | Gen:1000 | Mut:0.3145 | Cross:0.5857
Adaptive Penalty | beta1:2.25 | beta2:2.31 | k:8
Before optimization overall scores           : ndcg@10=0.3513 f1@10=0.1244
Before optimization group 1 (active) scores  : ndcg@10=0.6176 f1@10=0.2910
Before optimization group 2 (inactive) scores: ndcg@10=0.3269 f1@10=0.1091
Before optimization UGF (f1@10): 0.1819 (18.19%) | UGF (ndcg@10): 0.2906 (29.06%)
Epsilon: 0.0909
Early stop at generation 15: first feasible solution found
CPU time: 5.29 seconds
After optimization overall metric scores     : ndcg@10=0.3349 f1@10=0.1093
After optimization group 1 (active) scores   : ndcg@10=0.5245 f1@10=0.1905
After optimization group 2 (inactive) scores : ndcg@10=0.3176 f1@10=0.1019
After optimization UGF (f1@10): 0.0886 (8.86%) | UGF (ndcg@10): 0.2070 (20.70%)
UGF reduction: 0.0933 (51.3%)
Constraint satisfied: True
GA Optimizer | Model:NCF | Dataset:dataset\5Beauty-rand | Group:0.05_count | K=10 | Fairness_metric=f1
GA Parameters | Pop:10 | Gen:1000 | Mut:0.3145 | Cross:0.5857
Adaptive Penalty | beta1:2.25 | beta2:2.31 | k:8
Before optimization overall scores           : ndcg@10=0.3513 f1@10=0.1244
Before optimization group 1 (active) scores  : ndcg@10=0.6176 f1@10=0.2910
Before optimization group 2 (inactive) scores: ndcg@10=0.3269 f1@10=0.1091
Before optimization UGF (f1@10): 0.1819 (18.19%) | UGF (ndcg@10): 0.2906 (29.06%)
Epsilon: 0.0909
Early stop at generation 15: first feasible solution found
CPU time: 5.30 seconds
After optimization overall metric scores     : ndcg@10=0.3332 f1@10=0.1093
After optimization group 1 (active) scores   : ndcg@10=0.5116 f1@10=0.1924
After optimization group 2 (inactive) scores : ndcg@10=0.3169 f1@10=0.1017
After optimization UGF (f1@10): 0.0907 (9.07%) | UGF (ndcg@10): 0.1948 (19.48%)
UGF reduction: 0.0912 (50.1%)
Constraint satisfied: True
GA Optimizer | Model:NCF | Dataset:dataset\5Beauty-rand | Group:0.05_count | K=10 | Fairness_metric=f1
GA Parameters | Pop:10 | Gen:1000 | Mut:0.3145 | Cross:0.5857
Adaptive Penalty | beta1:2.25 | beta2:2.31 | k:8
Before optimization overall scores           : ndcg@10=0.3513 f1@10=0.1244
Before optimization group 1 (active) scores  : ndcg@10=0.6176 f1@10=0.2910
Before optimization group 2 (inactive) scores: ndcg@10=0.3269 f1@10=0.1091
Before optimization UGF (f1@10): 0.1819 (18.19%) | UGF (ndcg@10): 0.2906 (29.06%)
Epsilon: 0.0909
Early stop at generation 15: first feasible solution found
CPU time: 5.34 seconds
After optimization overall metric scores     : ndcg@10=0.3346 f1@10=0.1090
After optimization group 1 (active) scores   : ndcg@10=0.5180 f1@10=0.1901
After optimization group 2 (inactive) scores : ndcg@10=0.3178 f1@10=0.1016
After optimization UGF (f1@10): 0.0885 (8.85%) | UGF (ndcg@10): 0.2002 (20.02%)
UGF reduction: 0.0933 (51.3%)
Constraint satisfied: True
GA Optimizer | Model:NCF | Dataset:dataset\5Beauty-rand | Group:0.05_count | K=10 | Fairness_metric=f1
GA Parameters | Pop:10 | Gen:1000 | Mut:0.3145 | Cross:0.5857
Adaptive Penalty | beta1:2.25 | beta2:2.31 | k:8
Before optimization overall scores           : ndcg@10=0.3513 f1@10=0.1244
Before optimization group 1 (active) scores  : ndcg@10=0.6176 f1@10=0.2910
Before optimization group 2 (inactive) scores: ndcg@10=0.3269 f1@10=0.1091
Before optimization UGF (f1@10): 0.1819 (18.19%) | UGF (ndcg@10): 0.2906 (29.06%)
Epsilon: 0.0909
Early stop at generation 15: first feasible solution found
CPU time: 5.27 seconds
After optimization overall metric scores     : ndcg@10=0.3356 f1@10=0.1097
After optimization group 1 (active) scores   : ndcg@10=0.5272 f1@10=0.1930
After optimization group 2 (inactive) scores : ndcg@10=0.3180 f1@10=0.1021
After optimization UGF (f1@10): 0.0909 (9.09%) | UGF (ndcg@10): 0.2092 (20.92%)
UGF reduction: 0.0910 (50.0%)
Constraint satisfied: True
GA Optimizer | Model:NCF | Dataset:dataset\5Beauty-rand | Group:0.05_count | K=10 | Fairness_metric=f1
GA Parameters | Pop:10 | Gen:1000 | Mut:0.3145 | Cross:0.5857
Adaptive Penalty | beta1:2.25 | beta2:2.31 | k:8
Before optimization overall scores           : ndcg@10=0.3513 f1@10=0.1244
Before optimization group 1 (active) scores  : ndcg@10=0.6176 f1@10=0.2910
Before optimization group 2 (inactive) scores: ndcg@10=0.3269 f1@10=0.1091
Before optimization UGF (f1@10): 0.1819 (18.19%) | UGF (ndcg@10): 0.2906 (29.06%)
Epsilon: 0.0909
Early stop at generation 16: first feasible solution found
CPU time: 5.73 seconds
After optimization overall metric scores     : ndcg@10=0.3346 f1@10=0.1092
After optimization group 1 (active) scores   : ndcg@10=0.5211 f1@10=0.1890
After optimization group 2 (inactive) scores : ndcg@10=0.3176 f1@10=0.1019
After optimization UGF (f1@10): 0.0871 (8.71%) | UGF (ndcg@10): 0.2035 (20.35%)
UGF reduction: 0.0948 (52.1%)
Constraint satisfied: True
GA Optimizer | Model:NCF | Dataset:dataset\5Beauty-rand | Group:0.05_count | K=10 | Fairness_metric=f1
GA Parameters | Pop:10 | Gen:1000 | Mut:0.3145 | Cross:0.5857
Adaptive Penalty | beta1:2.25 | beta2:2.31 | k:8
Before optimization overall scores           : ndcg@10=0.3513 f1@10=0.1244
Before optimization group 1 (active) scores  : ndcg@10=0.6176 f1@10=0.2910
Before optimization group 2 (inactive) scores: ndcg@10=0.3269 f1@10=0.1091
Before optimization UGF (f1@10): 0.1819 (18.19%) | UGF (ndcg@10): 0.2906 (29.06%)
Epsilon: 0.0909
Early stop at generation 15: first feasible solution found
CPU time: 5.31 seconds
After optimization overall metric scores     : ndcg@10=0.3340 f1@10=0.1094
After optimization group 1 (active) scores   : ndcg@10=0.5187 f1@10=0.1888
After optimization group 2 (inactive) scores : ndcg@10=0.3171 f1@10=0.1021
After optimization UGF (f1@10): 0.0867 (8.67%) | UGF (ndcg@10): 0.2017 (20.17%)
UGF reduction: 0.0952 (52.3%)
Constraint satisfied: True
GA Optimizer | Model:NCF | Dataset:dataset\5Beauty-rand | Group:0.05_count | K=10 | Fairness_metric=f1
GA Parameters | Pop:10 | Gen:1000 | Mut:0.3145 | Cross:0.5857
Adaptive Penalty | beta1:2.25 | beta2:2.31 | k:8
Before optimization overall scores           : ndcg@10=0.3513 f1@10=0.1244
Before optimization group 1 (active) scores  : ndcg@10=0.6176 f1@10=0.2910
Before optimization group 2 (inactive) scores: ndcg@10=0.3269 f1@10=0.1091
Before optimization UGF (f1@10): 0.1819 (18.19%) | UGF (ndcg@10): 0.2906 (29.06%)
Epsilon: 0.0909
Early stop at generation 16: first feasible solution found
CPU time: 5.64 seconds
After optimization overall metric scores     : ndcg@10=0.3352 f1@10=0.1087
After optimization group 1 (active) scores   : ndcg@10=0.5256 f1@10=0.1854
After optimization group 2 (inactive) scores : ndcg@10=0.3178 f1@10=0.1016
After optimization UGF (f1@10): 0.0837 (8.37%) | UGF (ndcg@10): 0.2078 (20.78%)
UGF reduction: 0.0981 (54.0%)
Constraint satisfied: True
GA Optimizer | Model:NCF | Dataset:dataset\5Beauty-rand | Group:0.05_count | K=10 | Fairness_metric=f1
GA Parameters | Pop:10 | Gen:1000 | Mut:0.3145 | Cross:0.5857
Adaptive Penalty | beta1:2.25 | beta2:2.31 | k:8
Before optimization overall scores           : ndcg@10=0.3513 f1@10=0.1244
Before optimization group 1 (active) scores  : ndcg@10=0.6176 f1@10=0.2910
Before optimization group 2 (inactive) scores: ndcg@10=0.3269 f1@10=0.1091
Before optimization UGF (f1@10): 0.1819 (18.19%) | UGF (ndcg@10): 0.2906 (29.06%)
Epsilon: 0.0909
Early stop at generation 15: first feasible solution found
CPU time: 5.27 seconds
After optimization overall metric scores     : ndcg@10=0.3348 f1@10=0.1100
After optimization group 1 (active) scores   : ndcg@10=0.5201 f1@10=0.1927
After optimization group 2 (inactive) scores : ndcg@10=0.3179 f1@10=0.1024
After optimization UGF (f1@10): 0.0903 (9.03%) | UGF (ndcg@10): 0.2022 (20.22%)
UGF reduction: 0.0916 (50.3%)
Constraint satisfied: True
GA Optimizer | Model:NCF | Dataset:dataset\5Beauty-rand | Group:0.05_count | K=10 | Fairness_metric=f1
GA Parameters | Pop:10 | Gen:1000 | Mut:0.3145 | Cross:0.5857
Adaptive Penalty | beta1:2.25 | beta2:2.31 | k:8
Before optimization overall scores           : ndcg@10=0.3513 f1@10=0.1244
Before optimization group 1 (active) scores  : ndcg@10=0.6176 f1@10=0.2910
Before optimization group 2 (inactive) scores: ndcg@10=0.3269 f1@10=0.1091
Before optimization UGF (f1@10): 0.1819 (18.19%) | UGF (ndcg@10): 0.2906 (29.06%)
Epsilon: 0.0909
Early stop at generation 15: first feasible solution found
CPU time: 5.32 seconds
After optimization overall metric scores     : ndcg@10=0.3339 f1@10=0.1094
After optimization group 1 (active) scores   : ndcg@10=0.5176 f1@10=0.1911
After optimization group 2 (inactive) scores : ndcg@10=0.3170 f1@10=0.1019
After optimization UGF (f1@10): 0.0892 (8.92%) | UGF (ndcg@10): 0.2006 (20.06%)
UGF reduction: 0.0927 (51.0%)
Constraint satisfied: True
GA Optimizer | Model:NCF | Dataset:dataset\5Beauty-rand | Group:0.05_count | K=10 | Fairness_metric=f1
GA Parameters | Pop:10 | Gen:1000 | Mut:0.3145 | Cross:0.5857
Adaptive Penalty | beta1:2.25 | beta2:2.31 | k:8
Before optimization overall scores           : ndcg@10=0.3513 f1@10=0.1244
Before optimization group 1 (active) scores  : ndcg@10=0.6176 f1@10=0.2910
Before optimization group 2 (inactive) scores: ndcg@10=0.3269 f1@10=0.1091
Before optimization UGF (f1@10): 0.1819 (18.19%) | UGF (ndcg@10): 0.2906 (29.06%)
Epsilon: 0.0909
Early stop at generation 15: first feasible solution found
CPU time: 5.21 seconds
After optimization overall metric scores     : ndcg@10=0.3352 f1@10=0.1102
After optimization group 1 (active) scores   : ndcg@10=0.5236 f1@10=0.1921
After optimization group 2 (inactive) scores : ndcg@10=0.3180 f1@10=0.1027
After optimization UGF (f1@10): 0.0894 (8.94%) | UGF (ndcg@10): 0.2056 (20.56%)
UGF reduction: 0.0925 (50.9%)
Constraint satisfied: True
GA Optimizer | Model:NCF | Dataset:dataset\5Beauty-rand | Group:0.05_count | K=10 | Fairness_metric=f1
GA Parameters | Pop:10 | Gen:1000 | Mut:0.3145 | Cross:0.5857
Adaptive Penalty | beta1:2.25 | beta2:2.31 | k:8
Before optimization overall scores           : ndcg@10=0.3513 f1@10=0.1244
Before optimization group 1 (active) scores  : ndcg@10=0.6176 f1@10=0.2910
Before optimization group 2 (inactive) scores: ndcg@10=0.3269 f1@10=0.1091
Before optimization UGF (f1@10): 0.1819 (18.19%) | UGF (ndcg@10): 0.2906 (29.06%)
Epsilon: 0.0909
Early stop at generation 15: first feasible solution found
CPU time: 5.33 seconds
After optimization overall metric scores     : ndcg@10=0.3356 f1@10=0.1093
After optimization group 1 (active) scores   : ndcg@10=0.5249 f1@10=0.1916
After optimization group 2 (inactive) scores : ndcg@10=0.3182 f1@10=0.1018
After optimization UGF (f1@10): 0.0898 (8.98%) | UGF (ndcg@10): 0.2066 (20.66%)
UGF reduction: 0.0920 (50.6%)
Constraint satisfied: True
GA Optimizer | Model:NCF | Dataset:dataset\5Beauty-rand | Group:0.05_count | K=10 | Fairness_metric=f1
GA Parameters | Pop:10 | Gen:1000 | Mut:0.3145 | Cross:0.5857
Adaptive Penalty | beta1:2.25 | beta2:2.31 | k:8
Before optimization overall scores           : ndcg@10=0.3513 f1@10=0.1244
Before optimization group 1 (active) scores  : ndcg@10=0.6176 f1@10=0.2910
Before optimization group 2 (inactive) scores: ndcg@10=0.3269 f1@10=0.1091
Before optimization UGF (f1@10): 0.1819 (18.19%) | UGF (ndcg@10): 0.2906 (29.06%)
Epsilon: 0.0909
Early stop at generation 15: first feasible solution found
CPU time: 5.31 seconds
After optimization overall metric scores     : ndcg@10=0.3341 f1@10=0.1094
After optimization group 1 (active) scores   : ndcg@10=0.5145 f1@10=0.1912
After optimization group 2 (inactive) scores : ndcg@10=0.3176 f1@10=0.1020
After optimization UGF (f1@10): 0.0893 (8.93%) | UGF (ndcg@10): 0.1969 (19.69%)
UGF reduction: 0.0926 (50.9%)
Constraint satisfied: True
GA Optimizer | Model:NCF | Dataset:dataset\5Beauty-rand | Group:0.05_count | K=10 | Fairness_metric=f1
GA Parameters | Pop:10 | Gen:1000 | Mut:0.3145 | Cross:0.5857
Adaptive Penalty | beta1:2.25 | beta2:2.31 | k:8
Before optimization overall scores           : ndcg@10=0.3513 f1@10=0.1244
Before optimization group 1 (active) scores  : ndcg@10=0.6176 f1@10=0.2910
Before optimization group 2 (inactive) scores: ndcg@10=0.3269 f1@10=0.1091
Before optimization UGF (f1@10): 0.1819 (18.19%) | UGF (ndcg@10): 0.2906 (29.06%)
Epsilon: 0.0909
Early stop at generation 16: first feasible solution found
CPU time: 5.59 seconds
After optimization overall metric scores     : ndcg@10=0.3327 f1@10=0.1083
After optimization group 1 (active) scores   : ndcg@10=0.5175 f1@10=0.1877
After optimization group 2 (inactive) scores : ndcg@10=0.3157 f1@10=0.1010
After optimization UGF (f1@10): 0.0867 (8.67%) | UGF (ndcg@10): 0.2018 (20.18%)
UGF reduction: 0.0952 (52.3%)
Constraint satisfied: True
GA Optimizer | Model:NCF | Dataset:dataset\5Beauty-rand | Group:0.05_count | K=10 | Fairness_metric=f1
GA Parameters | Pop:10 | Gen:1000 | Mut:0.3145 | Cross:0.5857
Adaptive Penalty | beta1:2.25 | beta2:2.31 | k:8
Before optimization overall scores           : ndcg@10=0.3513 f1@10=0.1244
Before optimization group 1 (active) scores  : ndcg@10=0.6176 f1@10=0.2910
Before optimization group 2 (inactive) scores: ndcg@10=0.3269 f1@10=0.1091
Before optimization UGF (f1@10): 0.1819 (18.19%) | UGF (ndcg@10): 0.2906 (29.06%)
Epsilon: 0.0909
Early stop at generation 15: first feasible solution found
CPU time: 5.38 seconds
After optimization overall metric scores     : ndcg@10=0.3353 f1@10=0.1098
After optimization group 1 (active) scores   : ndcg@10=0.5389 f1@10=0.1929
After optimization group 2 (inactive) scores : ndcg@10=0.3167 f1@10=0.1021
After optimization UGF (f1@10): 0.0908 (9.08%) | UGF (ndcg@10): 0.2223 (22.23%)
UGF reduction: 0.0911 (50.1%)
Constraint satisfied: True
GA Optimizer | Model:NCF | Dataset:dataset\5Beauty-rand | Group:0.05_count | K=10 | Fairness_metric=f1
GA Parameters | Pop:10 | Gen:1000 | Mut:0.3145 | Cross:0.5857
Adaptive Penalty | beta1:2.25 | beta2:2.31 | k:8
Before optimization overall scores           : ndcg@10=0.3513 f1@10=0.1244
Before optimization group 1 (active) scores  : ndcg@10=0.6176 f1@10=0.2910
Before optimization group 2 (inactive) scores: ndcg@10=0.3269 f1@10=0.1091
Before optimization UGF (f1@10): 0.1819 (18.19%) | UGF (ndcg@10): 0.2906 (29.06%)
Epsilon: 0.0909
Early stop at generation 15: first feasible solution found
CPU time: 5.23 seconds
After optimization overall metric scores     : ndcg@10=0.3361 f1@10=0.1100
After optimization group 1 (active) scores   : ndcg@10=0.5235 f1@10=0.1918
After optimization group 2 (inactive) scores : ndcg@10=0.3190 f1@10=0.1025
After optimization UGF (f1@10): 0.0893 (8.93%) | UGF (ndcg@10): 0.2045 (20.45%)
UGF reduction: 0.0926 (50.9%)
Constraint satisfied: True
GA Optimizer | Model:NCF | Dataset:dataset\5Beauty-rand | Group:0.05_count | K=10 | Fairness_metric=f1
GA Parameters | Pop:10 | Gen:1000 | Mut:0.3145 | Cross:0.5857
Adaptive Penalty | beta1:2.25 | beta2:2.31 | k:8
Before optimization overall scores           : ndcg@10=0.3513 f1@10=0.1244
Before optimization group 1 (active) scores  : ndcg@10=0.6176 f1@10=0.2910
Before optimization group 2 (inactive) scores: ndcg@10=0.3269 f1@10=0.1091
Before optimization UGF (f1@10): 0.1819 (18.19%) | UGF (ndcg@10): 0.2906 (29.06%)
Epsilon: 0.0909
Early stop at generation 15: first feasible solution found
CPU time: 5.26 seconds
After optimization overall metric scores     : ndcg@10=0.3361 f1@10=0.1100
After optimization group 1 (active) scores   : ndcg@10=0.5160 f1@10=0.1928
After optimization group 2 (inactive) scores : ndcg@10=0.3197 f1@10=0.1024
After optimization UGF (f1@10): 0.0904 (9.04%) | UGF (ndcg@10): 0.1963 (19.63%)
UGF reduction: 0.0915 (50.3%)
Constraint satisfied: True
GA Optimizer | Model:NCF | Dataset:dataset\5Beauty-rand | Group:0.05_count | K=10 | Fairness_metric=f1
GA Parameters | Pop:10 | Gen:1000 | Mut:0.3145 | Cross:0.5857
Adaptive Penalty | beta1:2.25 | beta2:2.31 | k:8
Before optimization overall scores           : ndcg@10=0.3513 f1@10=0.1244
Before optimization group 1 (active) scores  : ndcg@10=0.6176 f1@10=0.2910
Before optimization group 2 (inactive) scores: ndcg@10=0.3269 f1@10=0.1091
Before optimization UGF (f1@10): 0.1819 (18.19%) | UGF (ndcg@10): 0.2906 (29.06%)
Epsilon: 0.0909
Early stop at generation 15: first feasible solution found
CPU time: 5.25 seconds
After optimization overall metric scores     : ndcg@10=0.3359 f1@10=0.1102
After optimization group 1 (active) scores   : ndcg@10=0.5199 f1@10=0.1913
After optimization group 2 (inactive) scores : ndcg@10=0.3190 f1@10=0.1027
After optimization UGF (f1@10): 0.0885 (8.85%) | UGF (ndcg@10): 0.2009 (20.09%)
UGF reduction: 0.0933 (51.3%)
Constraint satisfied: True
GA Optimizer | Model:NCF | Dataset:dataset\5Beauty-rand | Group:0.05_count | K=10 | Fairness_metric=f1
GA Parameters | Pop:10 | Gen:1000 | Mut:0.3145 | Cross:0.5857
Adaptive Penalty | beta1:2.25 | beta2:2.31 | k:8
Before optimization overall scores           : ndcg@10=0.3513 f1@10=0.1244
Before optimization group 1 (active) scores  : ndcg@10=0.6176 f1@10=0.2910
Before optimization group 2 (inactive) scores: ndcg@10=0.3269 f1@10=0.1091
Before optimization UGF (f1@10): 0.1819 (18.19%) | UGF (ndcg@10): 0.2906 (29.06%)
Epsilon: 0.0909
Early stop at generation 15: first feasible solution found
CPU time: 5.23 seconds
After optimization overall metric scores     : ndcg@10=0.3343 f1@10=0.1096
After optimization group 1 (active) scores   : ndcg@10=0.5145 f1@10=0.1927
After optimization group 2 (inactive) scores : ndcg@10=0.3178 f1@10=0.1020
After optimization UGF (f1@10): 0.0907 (9.07%) | UGF (ndcg@10): 0.1966 (19.66%)
UGF reduction: 0.0912 (50.1%)
Constraint satisfied: True
GA Optimizer | Model:NCF | Dataset:dataset\5Beauty-rand | Group:0.05_count | K=10 | Fairness_metric=f1
GA Parameters | Pop:10 | Gen:1000 | Mut:0.3145 | Cross:0.5857
Adaptive Penalty | beta1:2.25 | beta2:2.31 | k:8
Before optimization overall scores           : ndcg@10=0.3513 f1@10=0.1244
Before optimization group 1 (active) scores  : ndcg@10=0.6176 f1@10=0.2910
Before optimization group 2 (inactive) scores: ndcg@10=0.3269 f1@10=0.1091
Before optimization UGF (f1@10): 0.1819 (18.19%) | UGF (ndcg@10): 0.2906 (29.06%)
Epsilon: 0.0909
Early stop at generation 16: first feasible solution found
CPU time: 5.57 seconds
After optimization overall metric scores     : ndcg@10=0.3353 f1@10=0.1091
After optimization group 1 (active) scores   : ndcg@10=0.5267 f1@10=0.1862
After optimization group 2 (inactive) scores : ndcg@10=0.3178 f1@10=0.1021
After optimization UGF (f1@10): 0.0842 (8.42%) | UGF (ndcg@10): 0.2090 (20.90%)
UGF reduction: 0.0977 (53.7%)
Constraint satisfied: True
GA Optimizer | Model:NCF | Dataset:dataset\5Beauty-rand | Group:0.05_count | K=10 | Fairness_metric=f1
GA Parameters | Pop:10 | Gen:1000 | Mut:0.3145 | Cross:0.5857
Adaptive Penalty | beta1:2.25 | beta2:2.31 | k:8
Before optimization overall scores           : ndcg@10=0.3513 f1@10=0.1244
Before optimization group 1 (active) scores  : ndcg@10=0.6176 f1@10=0.2910
Before optimization group 2 (inactive) scores: ndcg@10=0.3269 f1@10=0.1091
Before optimization UGF (f1@10): 0.1819 (18.19%) | UGF (ndcg@10): 0.2906 (29.06%)
Epsilon: 0.0909
Early stop at generation 16: first feasible solution found
CPU time: 5.57 seconds
After optimization overall metric scores     : ndcg@10=0.3333 f1@10=0.1090
After optimization group 1 (active) scores   : ndcg@10=0.5123 f1@10=0.1893
After optimization group 2 (inactive) scores : ndcg@10=0.3169 f1@10=0.1017
After optimization UGF (f1@10): 0.0877 (8.77%) | UGF (ndcg@10): 0.1954 (19.54%)
UGF reduction: 0.0942 (51.8%)
Constraint satisfied: True
GA Optimizer | Model:NCF | Dataset:dataset\5Beauty-rand | Group:0.05_count | K=10 | Fairness_metric=f1
GA Parameters | Pop:10 | Gen:1000 | Mut:0.3145 | Cross:0.5857
Adaptive Penalty | beta1:2.25 | beta2:2.31 | k:8
Before optimization overall scores           : ndcg@10=0.3513 f1@10=0.1244
Before optimization group 1 (active) scores  : ndcg@10=0.6176 f1@10=0.2910
Before optimization group 2 (inactive) scores: ndcg@10=0.3269 f1@10=0.1091
Before optimization UGF (f1@10): 0.1819 (18.19%) | UGF (ndcg@10): 0.2906 (29.06%)
Epsilon: 0.0909
Early stop at generation 15: first feasible solution found
CPU time: 5.24 seconds
After optimization overall metric scores     : ndcg@10=0.3343 f1@10=0.1095
After optimization group 1 (active) scores   : ndcg@10=0.5182 f1@10=0.1916
After optimization group 2 (inactive) scores : ndcg@10=0.3175 f1@10=0.1020
After optimization UGF (f1@10): 0.0896 (8.96%) | UGF (ndcg@10): 0.2007 (20.07%)
UGF reduction: 0.0922 (50.7%)
Constraint satisfied: True
GA Optimizer | Model:NCF | Dataset:dataset\5Beauty-rand | Group:0.05_count | K=10 | Fairness_metric=f1
GA Parameters | Pop:10 | Gen:1000 | Mut:0.3145 | Cross:0.5857
Adaptive Penalty | beta1:2.25 | beta2:2.31 | k:8
Before optimization overall scores           : ndcg@10=0.3513 f1@10=0.1244
Before optimization group 1 (active) scores  : ndcg@10=0.6176 f1@10=0.2910
Before optimization group 2 (inactive) scores: ndcg@10=0.3269 f1@10=0.1091
Before optimization UGF (f1@10): 0.1819 (18.19%) | UGF (ndcg@10): 0.2906 (29.06%)
Epsilon: 0.0909
Early stop at generation 15: first feasible solution found
CPU time: 5.27 seconds
After optimization overall metric scores     : ndcg@10=0.3347 f1@10=0.1094
After optimization group 1 (active) scores   : ndcg@10=0.5169 f1@10=0.1911
After optimization group 2 (inactive) scores : ndcg@10=0.3180 f1@10=0.1020
After optimization UGF (f1@10): 0.0892 (8.92%) | UGF (ndcg@10): 0.1989 (19.89%)
UGF reduction: 0.0927 (51.0%)
Constraint satisfied: True
GA Optimizer | Model:NCF | Dataset:dataset\5Beauty-rand | Group:0.05_count | K=10 | Fairness_metric=f1
GA Parameters | Pop:10 | Gen:1000 | Mut:0.3145 | Cross:0.5857
Adaptive Penalty | beta1:2.25 | beta2:2.31 | k:8
Before optimization overall scores           : ndcg@10=0.3513 f1@10=0.1244
Before optimization group 1 (active) scores  : ndcg@10=0.6176 f1@10=0.2910
Before optimization group 2 (inactive) scores: ndcg@10=0.3269 f1@10=0.1091
Before optimization UGF (f1@10): 0.1819 (18.19%) | UGF (ndcg@10): 0.2906 (29.06%)
Epsilon: 0.0909
Early stop at generation 16: first feasible solution found
CPU time: 5.56 seconds
After optimization overall metric scores     : ndcg@10=0.3337 f1@10=0.1088
After optimization group 1 (active) scores   : ndcg@10=0.4944 f1@10=0.1825
After optimization group 2 (inactive) scores : ndcg@10=0.3190 f1@10=0.1020
After optimization UGF (f1@10): 0.0805 (8.05%) | UGF (ndcg@10): 0.1754 (17.54%)
UGF reduction: 0.1014 (55.8%)
Constraint satisfied: True
GA Optimizer | Model:NCF | Dataset:dataset\5Beauty-rand | Group:0.05_count | K=10 | Fairness_metric=f1
GA Parameters | Pop:10 | Gen:1000 | Mut:0.3145 | Cross:0.5857
Adaptive Penalty | beta1:2.25 | beta2:2.31 | k:8
Before optimization overall scores           : ndcg@10=0.3513 f1@10=0.1244
Before optimization group 1 (active) scores  : ndcg@10=0.6176 f1@10=0.2910
Before optimization group 2 (inactive) scores: ndcg@10=0.3269 f1@10=0.1091
Before optimization UGF (f1@10): 0.1819 (18.19%) | UGF (ndcg@10): 0.2906 (29.06%)
Epsilon: 0.0909
Early stop at generation 15: first feasible solution found
CPU time: 5.26 seconds
After optimization overall metric scores     : ndcg@10=0.3344 f1@10=0.1095
After optimization group 1 (active) scores   : ndcg@10=0.5172 f1@10=0.1906
After optimization group 2 (inactive) scores : ndcg@10=0.3177 f1@10=0.1021
After optimization UGF (f1@10): 0.0885 (8.85%) | UGF (ndcg@10): 0.1995 (19.95%)
UGF reduction: 0.0934 (51.3%)
Constraint satisfied: True
GA Optimizer | Model:NCF | Dataset:dataset\5Beauty-rand | Group:0.05_count | K=10 | Fairness_metric=f1
GA Parameters | Pop:10 | Gen:1000 | Mut:0.3145 | Cross:0.5857
Adaptive Penalty | beta1:2.25 | beta2:2.31 | k:8
Before optimization overall scores           : ndcg@10=0.3513 f1@10=0.1244
Before optimization group 1 (active) scores  : ndcg@10=0.6176 f1@10=0.2910
Before optimization group 2 (inactive) scores: ndcg@10=0.3269 f1@10=0.1091
Before optimization UGF (f1@10): 0.1819 (18.19%) | UGF (ndcg@10): 0.2906 (29.06%)
Epsilon: 0.0909
Early stop at generation 15: first feasible solution found
CPU time: 5.27 seconds
After optimization overall metric scores     : ndcg@10=0.3358 f1@10=0.1095
After optimization group 1 (active) scores   : ndcg@10=0.5362 f1@10=0.1921
After optimization group 2 (inactive) scores : ndcg@10=0.3174 f1@10=0.1019
After optimization UGF (f1@10): 0.0902 (9.02%) | UGF (ndcg@10): 0.2188 (21.88%)
UGF reduction: 0.0917 (50.4%)
Constraint satisfied: True
GA Optimizer | Model:NCF | Dataset:dataset\5Beauty-rand | Group:0.05_count | K=10 | Fairness_metric=f1
GA Parameters | Pop:10 | Gen:1000 | Mut:0.3145 | Cross:0.5857
Adaptive Penalty | beta1:2.25 | beta2:2.31 | k:8
Before optimization overall scores           : ndcg@10=0.3513 f1@10=0.1244
Before optimization group 1 (active) scores  : ndcg@10=0.6176 f1@10=0.2910
Before optimization group 2 (inactive) scores: ndcg@10=0.3269 f1@10=0.1091
Before optimization UGF (f1@10): 0.1819 (18.19%) | UGF (ndcg@10): 0.2906 (29.06%)
Epsilon: 0.0909
Early stop at generation 15: first feasible solution found
CPU time: 5.24 seconds
After optimization overall metric scores     : ndcg@10=0.3343 f1@10=0.1097
After optimization group 1 (active) scores   : ndcg@10=0.5117 f1@10=0.1902
After optimization group 2 (inactive) scores : ndcg@10=0.3180 f1@10=0.1023
After optimization UGF (f1@10): 0.0879 (8.79%) | UGF (ndcg@10): 0.1937 (19.37%)
UGF reduction: 0.0940 (51.7%)
Constraint satisfied: True
GA Optimizer | Model:NCF | Dataset:dataset\5Beauty-rand | Group:0.05_count | K=10 | Fairness_metric=f1
GA Parameters | Pop:10 | Gen:1000 | Mut:0.3145 | Cross:0.5857
Adaptive Penalty | beta1:2.25 | beta2:2.31 | k:8
Before optimization overall scores           : ndcg@10=0.3513 f1@10=0.1244
Before optimization group 1 (active) scores  : ndcg@10=0.6176 f1@10=0.2910
Before optimization group 2 (inactive) scores: ndcg@10=0.3269 f1@10=0.1091
Before optimization UGF (f1@10): 0.1819 (18.19%) | UGF (ndcg@10): 0.2906 (29.06%)
Epsilon: 0.0909
Early stop at generation 16: first feasible solution found
CPU time: 5.54 seconds
After optimization overall metric scores     : ndcg@10=0.3347 f1@10=0.1096
After optimization group 1 (active) scores   : ndcg@10=0.5306 f1@10=0.1915
After optimization group 2 (inactive) scores : ndcg@10=0.3167 f1@10=0.1021
After optimization UGF (f1@10): 0.0894 (8.94%) | UGF (ndcg@10): 0.2139 (21.39%)
UGF reduction: 0.0924 (50.8%)
Constraint satisfied: True
GA Optimizer | Model:NCF | Dataset:dataset\5Beauty-rand | Group:0.05_count | K=10 | Fairness_metric=f1
GA Parameters | Pop:10 | Gen:1000 | Mut:0.3145 | Cross:0.5857
Adaptive Penalty | beta1:2.25 | beta2:2.31 | k:8
Before optimization overall scores           : ndcg@10=0.3513 f1@10=0.1244
Before optimization group 1 (active) scores  : ndcg@10=0.6176 f1@10=0.2910
Before optimization group 2 (inactive) scores: ndcg@10=0.3269 f1@10=0.1091
Before optimization UGF (f1@10): 0.1819 (18.19%) | UGF (ndcg@10): 0.2906 (29.06%)
Epsilon: 0.0909
Early stop at generation 15: first feasible solution found
CPU time: 5.26 seconds
After optimization overall metric scores     : ndcg@10=0.3338 f1@10=0.1092
After optimization group 1 (active) scores   : ndcg@10=0.5221 f1@10=0.1895
After optimization group 2 (inactive) scores : ndcg@10=0.3166 f1@10=0.1019
After optimization UGF (f1@10): 0.0876 (8.76%) | UGF (ndcg@10): 0.2055 (20.55%)
UGF reduction: 0.0943 (51.8%)
Constraint satisfied: True
GA Optimizer | Model:NCF | Dataset:dataset\5Beauty-rand | Group:0.05_count | K=10 | Fairness_metric=f1
GA Parameters | Pop:10 | Gen:1000 | Mut:0.3145 | Cross:0.5857
Adaptive Penalty | beta1:2.25 | beta2:2.31 | k:8
Before optimization overall scores           : ndcg@10=0.3513 f1@10=0.1244
Before optimization group 1 (active) scores  : ndcg@10=0.6176 f1@10=0.2910
Before optimization group 2 (inactive) scores: ndcg@10=0.3269 f1@10=0.1091
Before optimization UGF (f1@10): 0.1819 (18.19%) | UGF (ndcg@10): 0.2906 (29.06%)
Epsilon: 0.0909
Early stop at generation 15: first feasible solution found
CPU time: 5.28 seconds
After optimization overall metric scores     : ndcg@10=0.3337 f1@10=0.1094
After optimization group 1 (active) scores   : ndcg@10=0.5090 f1@10=0.1895
After optimization group 2 (inactive) scores : ndcg@10=0.3176 f1@10=0.1021
After optimization UGF (f1@10): 0.0874 (8.74%) | UGF (ndcg@10): 0.1914 (19.14%)
UGF reduction: 0.0945 (51.9%)
Constraint satisfied: True
