GA Optimizer | Model:NCF | Dataset:dataset\5Health-rand | Group:sum_0.05 | K=10 | Fairness_metric=f1
GA Parameters | Pop:10 | Gen:1000 | Mut:0.303 | Cross:0.9715
Adaptive Penalty | beta1:2.54 | beta2:3.0 | k:9
Before optimization overall scores           : ndcg@10=0.3355 f1@10=0.1220
Before optimization group 1 (active) scores  : ndcg@10=0.6174 f1@10=0.3210
Before optimization group 2 (inactive) scores: ndcg@10=0.3117 f1@10=0.1053
Before optimization UGF (f1@10): 0.2157
Epsilon: 0.1079
Early stop at generation 54: first feasible solution found
CPU time: 14.58 seconds
After optimization overall metric scores     : ndcg@10=0.3204 f1@10=0.1064
After optimization group 1 (active) scores   : ndcg@10=0.5343 f1@10=0.2101
After optimization group 2 (inactive) scores : ndcg@10=0.3025 f1@10=0.0977
After optimization UGF: 0.1000
UGF reduction: 0.1158 (53.7%)
Constraint satisfied: True
GA Optimizer | Model:NCF | Dataset:dataset\5Health-rand | Group:sum_0.05 | K=10 | Fairness_metric=f1
GA Parameters | Pop:10 | Gen:1000 | Mut:0.303 | Cross:0.9715
Adaptive Penalty | beta1:2.54 | beta2:3.0 | k:9
Before optimization overall scores           : ndcg@10=0.3355 f1@10=0.1220
Before optimization group 1 (active) scores  : ndcg@10=0.6174 f1@10=0.3210
Before optimization group 2 (inactive) scores: ndcg@10=0.3117 f1@10=0.1053
Before optimization UGF (f1@10): 0.2157
Epsilon: 0.1079
Early stop at generation 37: first feasible solution found
CPU time: 10.29 seconds
After optimization overall metric scores     : ndcg@10=0.3184 f1@10=0.1056
After optimization group 1 (active) scores   : ndcg@10=0.5294 f1@10=0.2167
After optimization group 2 (inactive) scores : ndcg@10=0.3019 f1@10=0.0975
After optimization UGF: 0.1077
UGF reduction: 0.1080 (50.1%)
Constraint satisfied: True
GA Optimizer | Model:NCF | Dataset:dataset\5Health-rand | Group:sum_0.05 | K=10 | Fairness_metric=f1
GA Parameters | Pop:10 | Gen:1000 | Mut:0.303 | Cross:0.9715
Adaptive Penalty | beta1:2.54 | beta2:3.0 | k:9
Before optimization overall scores           : ndcg@10=0.3355 f1@10=0.1220
Before optimization group 1 (active) scores  : ndcg@10=0.6174 f1@10=0.3210
Before optimization group 2 (inactive) scores: ndcg@10=0.3117 f1@10=0.1053
Before optimization UGF (f1@10): 0.2157
Epsilon: 0.1079
Early stop at generation 54: first feasible solution found
CPU time: 14.56 seconds
After optimization overall metric scores     : ndcg@10=0.3204 f1@10=0.1072
After optimization group 1 (active) scores   : ndcg@10=0.5425 f1@10=0.2169
After optimization group 2 (inactive) scores : ndcg@10=0.3019 f1@10=0.0981
After optimization UGF: 0.1069
UGF reduction: 0.1088 (50.4%)
Constraint satisfied: True
GA Optimizer | Model:NCF | Dataset:dataset\5Health-rand | Group:sum_0.05 | K=10 | Fairness_metric=f1
GA Parameters | Pop:10 | Gen:1000 | Mut:0.303 | Cross:0.9715
Adaptive Penalty | beta1:2.54 | beta2:3.0 | k:9
Before optimization overall scores           : ndcg@10=0.3355 f1@10=0.1220
Before optimization group 1 (active) scores  : ndcg@10=0.6174 f1@10=0.3210
Before optimization group 2 (inactive) scores: ndcg@10=0.3117 f1@10=0.1053
Before optimization UGF (f1@10): 0.2157
Epsilon: 0.1079
Early stop at generation 54: first feasible solution found
CPU time: 14.59 seconds
After optimization overall metric scores     : ndcg@10=0.3210 f1@10=0.1075
After optimization group 1 (active) scores   : ndcg@10=0.5331 f1@10=0.2163
After optimization group 2 (inactive) scores : ndcg@10=0.3029 f1@10=0.0982
After optimization UGF: 0.1061
UGF reduction: 0.1096 (50.8%)
Constraint satisfied: True
GA Optimizer | Model:NCF | Dataset:dataset\5Health-rand | Group:sum_0.05 | K=10 | Fairness_metric=f1
GA Parameters | Pop:10 | Gen:1000 | Mut:0.303 | Cross:0.9715
Adaptive Penalty | beta1:2.54 | beta2:3.0 | k:9
Before optimization overall scores           : ndcg@10=0.3355 f1@10=0.1220
Before optimization group 1 (active) scores  : ndcg@10=0.6174 f1@10=0.3210
Before optimization group 2 (inactive) scores: ndcg@10=0.3117 f1@10=0.1053
Before optimization UGF (f1@10): 0.2157
Epsilon: 0.1079
Early stop at generation 55: first feasible solution found
CPU time: 14.88 seconds
After optimization overall metric scores     : ndcg@10=0.3233 f1@10=0.1086
After optimization group 1 (active) scores   : ndcg@10=0.5405 f1@10=0.2170
After optimization group 2 (inactive) scores : ndcg@10=0.3033 f1@10=0.0982
After optimization UGF: 0.1057
UGF reduction: 0.1101 (51.0%)
Constraint satisfied: True
GA Optimizer | Model:NCF | Dataset:dataset\5Health-rand | Group:sum_0.05 | K=10 | Fairness_metric=f1
GA Parameters | Pop:10 | Gen:1000 | Mut:0.303 | Cross:0.9715
Adaptive Penalty | beta1:2.54 | beta2:3.0 | k:9
Before optimization overall scores           : ndcg@10=0.3355 f1@10=0.1220
Before optimization group 1 (active) scores  : ndcg@10=0.6174 f1@10=0.3210
Before optimization group 2 (inactive) scores: ndcg@10=0.3117 f1@10=0.1053
Before optimization UGF (f1@10): 0.2157
Epsilon: 0.1079
Early stop at generation 51: first feasible solution found
CPU time: 13.80 seconds
After optimization overall metric scores     : ndcg@10=0.3195 f1@10=0.1066
After optimization group 1 (active) scores   : ndcg@10=0.5284 f1@10=0.2168
After optimization group 2 (inactive) scores : ndcg@10=0.3030 f1@10=0.0987
After optimization UGF: 0.1073
UGF reduction: 0.1084 (50.3%)
Constraint satisfied: True
GA Optimizer | Model:NCF | Dataset:dataset\5Health-rand | Group:sum_0.05 | K=10 | Fairness_metric=f1
GA Parameters | Pop:10 | Gen:1000 | Mut:0.303 | Cross:0.9715
Adaptive Penalty | beta1:2.54 | beta2:3.0 | k:9
Before optimization overall scores           : ndcg@10=0.3355 f1@10=0.1220
Before optimization group 1 (active) scores  : ndcg@10=0.6174 f1@10=0.3210
Before optimization group 2 (inactive) scores: ndcg@10=0.3117 f1@10=0.1053
Before optimization UGF (f1@10): 0.2157
Epsilon: 0.1079
Early stop at generation 55: first feasible solution found
CPU time: 14.85 seconds
After optimization overall metric scores     : ndcg@10=0.3206 f1@10=0.1074
After optimization group 1 (active) scores   : ndcg@10=0.5355 f1@10=0.2175
After optimization group 2 (inactive) scores : ndcg@10=0.3026 f1@10=0.0982
After optimization UGF: 0.1072
UGF reduction: 0.1085 (50.3%)
Constraint satisfied: True
GA Optimizer | Model:NCF | Dataset:dataset\5Health-rand | Group:sum_0.05 | K=10 | Fairness_metric=f1
GA Parameters | Pop:10 | Gen:1000 | Mut:0.303 | Cross:0.9715
Adaptive Penalty | beta1:2.54 | beta2:3.0 | k:9
Before optimization overall scores           : ndcg@10=0.3355 f1@10=0.1220
Before optimization group 1 (active) scores  : ndcg@10=0.6174 f1@10=0.3210
Before optimization group 2 (inactive) scores: ndcg@10=0.3117 f1@10=0.1053
Before optimization UGF (f1@10): 0.2157
Epsilon: 0.1079
Early stop at generation 37: first feasible solution found
CPU time: 10.26 seconds
After optimization overall metric scores     : ndcg@10=0.3195 f1@10=0.1068
After optimization group 1 (active) scores   : ndcg@10=0.5317 f1@10=0.2136
After optimization group 2 (inactive) scores : ndcg@10=0.3017 f1@10=0.0978
After optimization UGF: 0.1037
UGF reduction: 0.1120 (51.9%)
Constraint satisfied: True
GA Optimizer | Model:NCF | Dataset:dataset\5Health-rand | Group:sum_0.05 | K=10 | Fairness_metric=f1
GA Parameters | Pop:10 | Gen:1000 | Mut:0.303 | Cross:0.9715
Adaptive Penalty | beta1:2.54 | beta2:3.0 | k:9
Before optimization overall scores           : ndcg@10=0.3355 f1@10=0.1220
Before optimization group 1 (active) scores  : ndcg@10=0.6174 f1@10=0.3210
Before optimization group 2 (inactive) scores: ndcg@10=0.3117 f1@10=0.1053
Before optimization UGF (f1@10): 0.2157
Epsilon: 0.1079
Early stop at generation 52: first feasible solution found
CPU time: 14.04 seconds
After optimization overall metric scores     : ndcg@10=0.3211 f1@10=0.1070
After optimization group 1 (active) scores   : ndcg@10=0.5475 f1@10=0.2185
After optimization group 2 (inactive) scores : ndcg@10=0.3022 f1@10=0.0976
After optimization UGF: 0.1078
UGF reduction: 0.1080 (50.0%)
Constraint satisfied: True
GA Optimizer | Model:NCF | Dataset:dataset\5Health-rand | Group:sum_0.05 | K=10 | Fairness_metric=f1
GA Parameters | Pop:10 | Gen:1000 | Mut:0.303 | Cross:0.9715
Adaptive Penalty | beta1:2.54 | beta2:3.0 | k:9
Before optimization overall scores           : ndcg@10=0.3355 f1@10=0.1220
Before optimization group 1 (active) scores  : ndcg@10=0.6174 f1@10=0.3210
Before optimization group 2 (inactive) scores: ndcg@10=0.3117 f1@10=0.1053
Before optimization UGF (f1@10): 0.2157
Epsilon: 0.1079
Early stop at generation 51: first feasible solution found
CPU time: 13.79 seconds
After optimization overall metric scores     : ndcg@10=0.3211 f1@10=0.1068
After optimization group 1 (active) scores   : ndcg@10=0.5376 f1@10=0.2127
After optimization group 2 (inactive) scores : ndcg@10=0.3030 f1@10=0.0978
After optimization UGF: 0.1012
UGF reduction: 0.1145 (53.1%)
Constraint satisfied: True
GA Optimizer | Model:NCF | Dataset:dataset\5Health-rand | Group:sum_0.05 | K=10 | Fairness_metric=f1
GA Parameters | Pop:10 | Gen:1000 | Mut:0.303 | Cross:0.9715
Adaptive Penalty | beta1:2.54 | beta2:3.0 | k:9
Before optimization overall scores           : ndcg@10=0.3355 f1@10=0.1220
Before optimization group 1 (active) scores  : ndcg@10=0.6174 f1@10=0.3210
Before optimization group 2 (inactive) scores: ndcg@10=0.3117 f1@10=0.1053
Before optimization UGF (f1@10): 0.2157
Epsilon: 0.1079
Early stop at generation 54: first feasible solution found
CPU time: 14.51 seconds
After optimization overall metric scores     : ndcg@10=0.3198 f1@10=0.1071
After optimization group 1 (active) scores   : ndcg@10=0.5270 f1@10=0.2146
After optimization group 2 (inactive) scores : ndcg@10=0.3024 f1@10=0.0981
After optimization UGF: 0.1030
UGF reduction: 0.1128 (52.3%)
Constraint satisfied: True
GA Optimizer | Model:NCF | Dataset:dataset\5Health-rand | Group:sum_0.05 | K=10 | Fairness_metric=f1
GA Parameters | Pop:10 | Gen:1000 | Mut:0.303 | Cross:0.9715
Adaptive Penalty | beta1:2.54 | beta2:3.0 | k:9
Before optimization overall scores           : ndcg@10=0.3355 f1@10=0.1220
Before optimization group 1 (active) scores  : ndcg@10=0.6174 f1@10=0.3210
Before optimization group 2 (inactive) scores: ndcg@10=0.3117 f1@10=0.1053
Before optimization UGF (f1@10): 0.2157
Epsilon: 0.1079
Early stop at generation 54: first feasible solution found
CPU time: 14.65 seconds
After optimization overall metric scores     : ndcg@10=0.3195 f1@10=0.1061
After optimization group 1 (active) scores   : ndcg@10=0.5376 f1@10=0.2139
After optimization group 2 (inactive) scores : ndcg@10=0.3023 f1@10=0.0982
After optimization UGF: 0.1034
UGF reduction: 0.1123 (52.1%)
Constraint satisfied: True
GA Optimizer | Model:NCF | Dataset:dataset\5Health-rand | Group:sum_0.05 | K=10 | Fairness_metric=f1
GA Parameters | Pop:10 | Gen:1000 | Mut:0.303 | Cross:0.9715
Adaptive Penalty | beta1:2.54 | beta2:3.0 | k:9
Before optimization overall scores           : ndcg@10=0.3355 f1@10=0.1220
Before optimization group 1 (active) scores  : ndcg@10=0.6174 f1@10=0.3210
Before optimization group 2 (inactive) scores: ndcg@10=0.3117 f1@10=0.1053
Before optimization UGF (f1@10): 0.2157
Epsilon: 0.1079
Early stop at generation 69: first feasible solution found
CPU time: 18.34 seconds
After optimization overall metric scores     : ndcg@10=0.3196 f1@10=0.1070
After optimization group 1 (active) scores   : ndcg@10=0.5248 f1@10=0.2183
After optimization group 2 (inactive) scores : ndcg@10=0.3023 f1@10=0.0975
After optimization UGF: 0.1072
UGF reduction: 0.1086 (50.3%)
Constraint satisfied: True
GA Optimizer | Model:NCF | Dataset:dataset\5Health-rand | Group:sum_0.05 | K=10 | Fairness_metric=f1
GA Parameters | Pop:10 | Gen:1000 | Mut:0.303 | Cross:0.9715
Adaptive Penalty | beta1:2.54 | beta2:3.0 | k:9
Before optimization overall scores           : ndcg@10=0.3355 f1@10=0.1220
Before optimization group 1 (active) scores  : ndcg@10=0.6174 f1@10=0.3210
Before optimization group 2 (inactive) scores: ndcg@10=0.3117 f1@10=0.1053
Before optimization UGF (f1@10): 0.2157
Epsilon: 0.1079
Early stop at generation 68: first feasible solution found
CPU time: 18.07 seconds
After optimization overall metric scores     : ndcg@10=0.3188 f1@10=0.1063
After optimization group 1 (active) scores   : ndcg@10=0.5213 f1@10=0.2083
After optimization group 2 (inactive) scores : ndcg@10=0.3015 f1@10=0.0973
After optimization UGF: 0.1014
UGF reduction: 0.1143 (53.0%)
Constraint satisfied: True
GA Optimizer | Model:NCF | Dataset:dataset\5Health-rand | Group:sum_0.05 | K=10 | Fairness_metric=f1
GA Parameters | Pop:10 | Gen:1000 | Mut:0.303 | Cross:0.9715
Adaptive Penalty | beta1:2.54 | beta2:3.0 | k:9
Before optimization overall scores           : ndcg@10=0.3355 f1@10=0.1220
Before optimization group 1 (active) scores  : ndcg@10=0.6174 f1@10=0.3210
Before optimization group 2 (inactive) scores: ndcg@10=0.3117 f1@10=0.1053
Before optimization UGF (f1@10): 0.2157
Epsilon: 0.1079
Early stop at generation 36: first feasible solution found
CPU time: 9.98 seconds
After optimization overall metric scores     : ndcg@10=0.3214 f1@10=0.1078
After optimization group 1 (active) scores   : ndcg@10=0.5390 f1@10=0.2127
After optimization group 2 (inactive) scores : ndcg@10=0.3015 f1@10=0.0975
After optimization UGF: 0.1075
UGF reduction: 0.1082 (50.2%)
Constraint satisfied: True
GA Optimizer | Model:NCF | Dataset:dataset\5Health-rand | Group:sum_0.05 | K=10 | Fairness_metric=f1
GA Parameters | Pop:10 | Gen:1000 | Mut:0.303 | Cross:0.9715
Adaptive Penalty | beta1:2.54 | beta2:3.0 | k:9
Before optimization overall scores           : ndcg@10=0.3355 f1@10=0.1220
Before optimization group 1 (active) scores  : ndcg@10=0.6174 f1@10=0.3210
Before optimization group 2 (inactive) scores: ndcg@10=0.3117 f1@10=0.1053
Before optimization UGF (f1@10): 0.2157
Epsilon: 0.1079
Early stop at generation 53: first feasible solution found
CPU time: 14.31 seconds
After optimization overall metric scores     : ndcg@10=0.3201 f1@10=0.1076
After optimization group 1 (active) scores   : ndcg@10=0.5302 f1@10=0.2115
After optimization group 2 (inactive) scores : ndcg@10=0.3018 f1@10=0.0982
After optimization UGF: 0.1063
UGF reduction: 0.1094 (50.7%)
Constraint satisfied: True
GA Optimizer | Model:NCF | Dataset:dataset\5Health-rand | Group:sum_0.05 | K=10 | Fairness_metric=f1
GA Parameters | Pop:10 | Gen:1000 | Mut:0.303 | Cross:0.9715
Adaptive Penalty | beta1:2.54 | beta2:3.0 | k:9
Before optimization overall scores           : ndcg@10=0.3355 f1@10=0.1220
Before optimization group 1 (active) scores  : ndcg@10=0.6174 f1@10=0.3210
Before optimization group 2 (inactive) scores: ndcg@10=0.3117 f1@10=0.1053
Before optimization UGF (f1@10): 0.2157
Epsilon: 0.1079
Early stop at generation 53: first feasible solution found
CPU time: 14.24 seconds
After optimization overall metric scores     : ndcg@10=0.3175 f1@10=0.1048
After optimization group 1 (active) scores   : ndcg@10=0.5231 f1@10=0.2045
After optimization group 2 (inactive) scores : ndcg@10=0.3015 f1@10=0.0971
After optimization UGF: 0.1013
UGF reduction: 0.1144 (53.0%)
Constraint satisfied: True
GA Optimizer | Model:NCF | Dataset:dataset\5Health-rand | Group:sum_0.05 | K=10 | Fairness_metric=f1
GA Parameters | Pop:10 | Gen:1000 | Mut:0.303 | Cross:0.9715
Adaptive Penalty | beta1:2.54 | beta2:3.0 | k:9
Before optimization overall scores           : ndcg@10=0.3355 f1@10=0.1220
Before optimization group 1 (active) scores  : ndcg@10=0.6174 f1@10=0.3210
Before optimization group 2 (inactive) scores: ndcg@10=0.3117 f1@10=0.1053
Before optimization UGF (f1@10): 0.2157
Epsilon: 0.1079
Early stop at generation 55: first feasible solution found
CPU time: 14.82 seconds
After optimization overall metric scores     : ndcg@10=0.3192 f1@10=0.1061
After optimization group 1 (active) scores   : ndcg@10=0.5225 f1@10=0.2106
After optimization group 2 (inactive) scores : ndcg@10=0.3022 f1@10=0.0974
After optimization UGF: 0.0980
UGF reduction: 0.1178 (54.6%)
Constraint satisfied: True
GA Optimizer | Model:NCF | Dataset:dataset\5Health-rand | Group:sum_0.05 | K=10 | Fairness_metric=f1
GA Parameters | Pop:10 | Gen:1000 | Mut:0.303 | Cross:0.9715
Adaptive Penalty | beta1:2.54 | beta2:3.0 | k:9
Before optimization overall scores           : ndcg@10=0.3355 f1@10=0.1220
Before optimization group 1 (active) scores  : ndcg@10=0.6174 f1@10=0.3210
Before optimization group 2 (inactive) scores: ndcg@10=0.3117 f1@10=0.1053
Before optimization UGF (f1@10): 0.2157
Epsilon: 0.1079
Early stop at generation 37: first feasible solution found
CPU time: 10.27 seconds
After optimization overall metric scores     : ndcg@10=0.3209 f1@10=0.1067
After optimization group 1 (active) scores   : ndcg@10=0.5409 f1@10=0.2131
After optimization group 2 (inactive) scores : ndcg@10=0.3010 f1@10=0.0968
After optimization UGF: 0.1025
UGF reduction: 0.1133 (52.5%)
Constraint satisfied: True
GA Optimizer | Model:NCF | Dataset:dataset\5Health-rand | Group:sum_0.05 | K=10 | Fairness_metric=f1
GA Parameters | Pop:10 | Gen:1000 | Mut:0.303 | Cross:0.9715
Adaptive Penalty | beta1:2.54 | beta2:3.0 | k:9
Before optimization overall scores           : ndcg@10=0.3355 f1@10=0.1220
Before optimization group 1 (active) scores  : ndcg@10=0.6174 f1@10=0.3210
Before optimization group 2 (inactive) scores: ndcg@10=0.3117 f1@10=0.1053
Before optimization UGF (f1@10): 0.2157
Epsilon: 0.1079
Early stop at generation 37: first feasible solution found
CPU time: 10.25 seconds
After optimization overall metric scores     : ndcg@10=0.3177 f1@10=0.1057
After optimization group 1 (active) scores   : ndcg@10=0.5283 f1@10=0.2180
After optimization group 2 (inactive) scores : ndcg@10=0.3011 f1@10=0.0974
After optimization UGF: 0.1058
UGF reduction: 0.1099 (50.9%)
Constraint satisfied: True
GA Optimizer | Model:NCF | Dataset:dataset\5Health-rand | Group:sum_0.05 | K=10 | Fairness_metric=f1
GA Parameters | Pop:10 | Gen:1000 | Mut:0.303 | Cross:0.9715
Adaptive Penalty | beta1:2.54 | beta2:3.0 | k:9
Before optimization overall scores           : ndcg@10=0.3355 f1@10=0.1220
Before optimization group 1 (active) scores  : ndcg@10=0.6174 f1@10=0.3210
Before optimization group 2 (inactive) scores: ndcg@10=0.3117 f1@10=0.1053
Before optimization UGF (f1@10): 0.2157
Epsilon: 0.1079
Early stop at generation 55: first feasible solution found
CPU time: 14.81 seconds
After optimization overall metric scores     : ndcg@10=0.3187 f1@10=0.1060
After optimization group 1 (active) scores   : ndcg@10=0.5321 f1@10=0.2115
After optimization group 2 (inactive) scores : ndcg@10=0.3009 f1@10=0.0969
After optimization UGF: 0.1005
UGF reduction: 0.1153 (53.4%)
Constraint satisfied: True
GA Optimizer | Model:NCF | Dataset:dataset\5Health-rand | Group:sum_0.05 | K=10 | Fairness_metric=f1
GA Parameters | Pop:10 | Gen:1000 | Mut:0.303 | Cross:0.9715
Adaptive Penalty | beta1:2.54 | beta2:3.0 | k:9
Before optimization overall scores           : ndcg@10=0.3355 f1@10=0.1220
Before optimization group 1 (active) scores  : ndcg@10=0.6174 f1@10=0.3210
Before optimization group 2 (inactive) scores: ndcg@10=0.3117 f1@10=0.1053
Before optimization UGF (f1@10): 0.2157
Epsilon: 0.1079
Early stop at generation 54: first feasible solution found
CPU time: 14.65 seconds
After optimization overall metric scores     : ndcg@10=0.3191 f1@10=0.1056
After optimization group 1 (active) scores   : ndcg@10=0.5350 f1@10=0.2161
After optimization group 2 (inactive) scores : ndcg@10=0.3023 f1@10=0.0976
After optimization UGF: 0.1045
UGF reduction: 0.1112 (51.6%)
Constraint satisfied: True
GA Optimizer | Model:NCF | Dataset:dataset\5Health-rand | Group:sum_0.05 | K=10 | Fairness_metric=f1
GA Parameters | Pop:10 | Gen:1000 | Mut:0.303 | Cross:0.9715
Adaptive Penalty | beta1:2.54 | beta2:3.0 | k:9
Before optimization overall scores           : ndcg@10=0.3355 f1@10=0.1220
Before optimization group 1 (active) scores  : ndcg@10=0.6174 f1@10=0.3210
Before optimization group 2 (inactive) scores: ndcg@10=0.3117 f1@10=0.1053
Before optimization UGF (f1@10): 0.2157
Epsilon: 0.1079
Early stop at generation 55: first feasible solution found
CPU time: 14.76 seconds
After optimization overall metric scores     : ndcg@10=0.3216 f1@10=0.1074
After optimization group 1 (active) scores   : ndcg@10=0.5386 f1@10=0.2113
After optimization group 2 (inactive) scores : ndcg@10=0.3030 f1@10=0.0980
After optimization UGF: 0.1065
UGF reduction: 0.1092 (50.6%)
Constraint satisfied: True
GA Optimizer | Model:NCF | Dataset:dataset\5Health-rand | Group:sum_0.05 | K=10 | Fairness_metric=f1
GA Parameters | Pop:10 | Gen:1000 | Mut:0.303 | Cross:0.9715
Adaptive Penalty | beta1:2.54 | beta2:3.0 | k:9
Before optimization overall scores           : ndcg@10=0.3355 f1@10=0.1220
Before optimization group 1 (active) scores  : ndcg@10=0.6174 f1@10=0.3210
Before optimization group 2 (inactive) scores: ndcg@10=0.3117 f1@10=0.1053
Before optimization UGF (f1@10): 0.2157
Epsilon: 0.1079
Early stop at generation 54: first feasible solution found
CPU time: 14.55 seconds
After optimization overall metric scores     : ndcg@10=0.3179 f1@10=0.1056
After optimization group 1 (active) scores   : ndcg@10=0.5215 f1@10=0.2103
After optimization group 2 (inactive) scores : ndcg@10=0.3019 f1@10=0.0979
After optimization UGF: 0.0986
UGF reduction: 0.1172 (54.3%)
Constraint satisfied: True
GA Optimizer | Model:NCF | Dataset:dataset\5Health-rand | Group:sum_0.05 | K=10 | Fairness_metric=f1
GA Parameters | Pop:10 | Gen:1000 | Mut:0.303 | Cross:0.9715
Adaptive Penalty | beta1:2.54 | beta2:3.0 | k:9
Before optimization overall scores           : ndcg@10=0.3355 f1@10=0.1220
Before optimization group 1 (active) scores  : ndcg@10=0.6174 f1@10=0.3210
Before optimization group 2 (inactive) scores: ndcg@10=0.3117 f1@10=0.1053
Before optimization UGF (f1@10): 0.2157
Epsilon: 0.1079
Early stop at generation 52: first feasible solution found
CPU time: 14.11 seconds
After optimization overall metric scores     : ndcg@10=0.3202 f1@10=0.1073
After optimization group 1 (active) scores   : ndcg@10=0.5319 f1@10=0.2159
After optimization group 2 (inactive) scores : ndcg@10=0.3023 f1@10=0.0981
After optimization UGF: 0.1069
UGF reduction: 0.1089 (50.5%)
Constraint satisfied: True
GA Optimizer | Model:NCF | Dataset:dataset\5Health-rand | Group:sum_0.05 | K=10 | Fairness_metric=f1
GA Parameters | Pop:10 | Gen:1000 | Mut:0.303 | Cross:0.9715
Adaptive Penalty | beta1:2.54 | beta2:3.0 | k:9
Before optimization overall scores           : ndcg@10=0.3355 f1@10=0.1220
Before optimization group 1 (active) scores  : ndcg@10=0.6174 f1@10=0.3210
Before optimization group 2 (inactive) scores: ndcg@10=0.3117 f1@10=0.1053
Before optimization UGF (f1@10): 0.2157
Epsilon: 0.1079
Early stop at generation 52: first feasible solution found
CPU time: 14.09 seconds
After optimization overall metric scores     : ndcg@10=0.3202 f1@10=0.1075
After optimization group 1 (active) scores   : ndcg@10=0.5309 f1@10=0.2180
After optimization group 2 (inactive) scores : ndcg@10=0.3027 f1@10=0.0981
After optimization UGF: 0.1062
UGF reduction: 0.1096 (50.8%)
Constraint satisfied: True
GA Optimizer | Model:NCF | Dataset:dataset\5Health-rand | Group:sum_0.05 | K=10 | Fairness_metric=f1
GA Parameters | Pop:10 | Gen:1000 | Mut:0.303 | Cross:0.9715
Adaptive Penalty | beta1:2.54 | beta2:3.0 | k:9
Before optimization overall scores           : ndcg@10=0.3355 f1@10=0.1220
Before optimization group 1 (active) scores  : ndcg@10=0.6174 f1@10=0.3210
Before optimization group 2 (inactive) scores: ndcg@10=0.3117 f1@10=0.1053
Before optimization UGF (f1@10): 0.2157
Epsilon: 0.1079
Early stop at generation 54: first feasible solution found
CPU time: 14.61 seconds
After optimization overall metric scores     : ndcg@10=0.3207 f1@10=0.1071
After optimization group 1 (active) scores   : ndcg@10=0.5430 f1@10=0.2155
After optimization group 2 (inactive) scores : ndcg@10=0.3022 f1@10=0.0980
After optimization UGF: 0.1051
UGF reduction: 0.1106 (51.3%)
Constraint satisfied: True
GA Optimizer | Model:NCF | Dataset:dataset\5Health-rand | Group:sum_0.05 | K=10 | Fairness_metric=f1
GA Parameters | Pop:10 | Gen:1000 | Mut:0.303 | Cross:0.9715
Adaptive Penalty | beta1:2.54 | beta2:3.0 | k:9
Before optimization overall scores           : ndcg@10=0.3355 f1@10=0.1220
Before optimization group 1 (active) scores  : ndcg@10=0.6174 f1@10=0.3210
Before optimization group 2 (inactive) scores: ndcg@10=0.3117 f1@10=0.1053
Before optimization UGF (f1@10): 0.2157
Epsilon: 0.1079
Early stop at generation 52: first feasible solution found
CPU time: 14.12 seconds
After optimization overall metric scores     : ndcg@10=0.3205 f1@10=0.1073
After optimization group 1 (active) scores   : ndcg@10=0.5336 f1@10=0.2169
After optimization group 2 (inactive) scores : ndcg@10=0.3026 f1@10=0.0980
After optimization UGF: 0.1051
UGF reduction: 0.1106 (51.3%)
Constraint satisfied: True
GA Optimizer | Model:NCF | Dataset:dataset\5Health-rand | Group:sum_0.05 | K=10 | Fairness_metric=f1
GA Parameters | Pop:10 | Gen:1000 | Mut:0.303 | Cross:0.9715
Adaptive Penalty | beta1:2.54 | beta2:3.0 | k:9
Before optimization overall scores           : ndcg@10=0.3355 f1@10=0.1220
Before optimization group 1 (active) scores  : ndcg@10=0.6174 f1@10=0.3210
Before optimization group 2 (inactive) scores: ndcg@10=0.3117 f1@10=0.1053
Before optimization UGF (f1@10): 0.2157
Epsilon: 0.1079
Early stop at generation 55: first feasible solution found
CPU time: 14.84 seconds
After optimization overall metric scores     : ndcg@10=0.3190 f1@10=0.1051
After optimization group 1 (active) scores   : ndcg@10=0.5241 f1@10=0.2071
After optimization group 2 (inactive) scores : ndcg@10=0.3032 f1@10=0.0978
After optimization UGF: 0.1003
UGF reduction: 0.1155 (53.5%)
Constraint satisfied: True
GA Optimizer | Model:NCF | Dataset:dataset\5Health-rand | Group:sum_0.05 | K=10 | Fairness_metric=f1
GA Parameters | Pop:10 | Gen:1000 | Mut:0.303 | Cross:0.9715
Adaptive Penalty | beta1:2.54 | beta2:3.0 | k:9
Before optimization overall scores           : ndcg@10=0.3355 f1@10=0.1220
Before optimization group 1 (active) scores  : ndcg@10=0.6174 f1@10=0.3210
Before optimization group 2 (inactive) scores: ndcg@10=0.3117 f1@10=0.1053
Before optimization UGF (f1@10): 0.2157
Epsilon: 0.1079
Early stop at generation 54: first feasible solution found
CPU time: 14.57 seconds
After optimization overall metric scores     : ndcg@10=0.3187 f1@10=0.1064
After optimization group 1 (active) scores   : ndcg@10=0.5291 f1@10=0.2154
After optimization group 2 (inactive) scores : ndcg@10=0.3023 f1@10=0.0985
After optimization UGF: 0.1044
UGF reduction: 0.1113 (51.6%)
Constraint satisfied: True
