GA Optimizer | Model:biasedMF | Dataset:dataset\5Beauty-rand | Group:0.05_count | K=10 | Fairness_metric=f1
GA Parameters | Pop:10 | Gen:1000 | Mut:0.3145 | Cross:0.5857
Adaptive Penalty | beta1:2.25 | beta2:2.31 | k:8
Before optimization overall scores           : ndcg@10=0.4325 f1@10=0.1427
Before optimization group 1 (active) scores  : ndcg@10=0.6779 f1@10=0.3068
Before optimization group 2 (inactive) scores: ndcg@10=0.4100 f1@10=0.1277
Before optimization UGF (f1@10): 0.1791 (17.91%) | UGF (ndcg@10): 0.2679 (26.79%)
Epsilon: 0.0895
Early stop at generation 15: first feasible solution found
CPU time: 5.42 seconds
After optimization overall metric scores     : ndcg@10=0.4147 f1@10=0.1277
After optimization group 1 (active) scores   : ndcg@10=0.5668 f1@10=0.2023
After optimization group 2 (inactive) scores : ndcg@10=0.4008 f1@10=0.1209
After optimization UGF (f1@10): 0.0814 (8.14%) | UGF (ndcg@10): 0.1660 (16.60%)
UGF reduction: 0.0976 (54.5%)
Constraint satisfied: True
GA Optimizer | Model:biasedMF | Dataset:dataset\5Beauty-rand | Group:0.05_count | K=10 | Fairness_metric=f1
GA Parameters | Pop:10 | Gen:1000 | Mut:0.3145 | Cross:0.5857
Adaptive Penalty | beta1:2.25 | beta2:2.31 | k:8
Before optimization overall scores           : ndcg@10=0.4325 f1@10=0.1427
Before optimization group 1 (active) scores  : ndcg@10=0.6779 f1@10=0.3068
Before optimization group 2 (inactive) scores: ndcg@10=0.4100 f1@10=0.1277
Before optimization UGF (f1@10): 0.1791 (17.91%) | UGF (ndcg@10): 0.2679 (26.79%)
Epsilon: 0.0895
Early stop at generation 14: first feasible solution found
CPU time: 5.01 seconds
After optimization overall metric scores     : ndcg@10=0.4137 f1@10=0.1282
After optimization group 1 (active) scores   : ndcg@10=0.5639 f1@10=0.2072
After optimization group 2 (inactive) scores : ndcg@10=0.4000 f1@10=0.1209
After optimization UGF (f1@10): 0.0863 (8.63%) | UGF (ndcg@10): 0.1639 (16.39%)
UGF reduction: 0.0928 (51.8%)
Constraint satisfied: True
GA Optimizer | Model:biasedMF | Dataset:dataset\5Beauty-rand | Group:0.05_count | K=10 | Fairness_metric=f1
GA Parameters | Pop:10 | Gen:1000 | Mut:0.3145 | Cross:0.5857
Adaptive Penalty | beta1:2.25 | beta2:2.31 | k:8
Before optimization overall scores           : ndcg@10=0.4325 f1@10=0.1427
Before optimization group 1 (active) scores  : ndcg@10=0.6779 f1@10=0.3068
Before optimization group 2 (inactive) scores: ndcg@10=0.4100 f1@10=0.1277
Before optimization UGF (f1@10): 0.1791 (17.91%) | UGF (ndcg@10): 0.2679 (26.79%)
Epsilon: 0.0895
Early stop at generation 14: first feasible solution found
CPU time: 5.05 seconds
After optimization overall metric scores     : ndcg@10=0.4160 f1@10=0.1284
After optimization group 1 (active) scores   : ndcg@10=0.5720 f1@10=0.2087
After optimization group 2 (inactive) scores : ndcg@10=0.4017 f1@10=0.1211
After optimization UGF (f1@10): 0.0876 (8.76%) | UGF (ndcg@10): 0.1703 (17.03%)
UGF reduction: 0.0915 (51.1%)
Constraint satisfied: True
GA Optimizer | Model:biasedMF | Dataset:dataset\5Beauty-rand | Group:0.05_count | K=10 | Fairness_metric=f1
GA Parameters | Pop:10 | Gen:1000 | Mut:0.3145 | Cross:0.5857
Adaptive Penalty | beta1:2.25 | beta2:2.31 | k:8
Before optimization overall scores           : ndcg@10=0.4325 f1@10=0.1427
Before optimization group 1 (active) scores  : ndcg@10=0.6779 f1@10=0.3068
Before optimization group 2 (inactive) scores: ndcg@10=0.4100 f1@10=0.1277
Before optimization UGF (f1@10): 0.1791 (17.91%) | UGF (ndcg@10): 0.2679 (26.79%)
Epsilon: 0.0895
Early stop at generation 14: first feasible solution found
CPU time: 5.02 seconds
After optimization overall metric scores     : ndcg@10=0.4126 f1@10=0.1280
After optimization group 1 (active) scores   : ndcg@10=0.5638 f1@10=0.2084
After optimization group 2 (inactive) scores : ndcg@10=0.3988 f1@10=0.1207
After optimization UGF (f1@10): 0.0878 (8.78%) | UGF (ndcg@10): 0.1650 (16.50%)
UGF reduction: 0.0913 (51.0%)
Constraint satisfied: True
GA Optimizer | Model:biasedMF | Dataset:dataset\5Beauty-rand | Group:0.05_count | K=10 | Fairness_metric=f1
GA Parameters | Pop:10 | Gen:1000 | Mut:0.3145 | Cross:0.5857
Adaptive Penalty | beta1:2.25 | beta2:2.31 | k:8
Before optimization overall scores           : ndcg@10=0.4325 f1@10=0.1427
Before optimization group 1 (active) scores  : ndcg@10=0.6779 f1@10=0.3068
Before optimization group 2 (inactive) scores: ndcg@10=0.4100 f1@10=0.1277
Before optimization UGF (f1@10): 0.1791 (17.91%) | UGF (ndcg@10): 0.2679 (26.79%)
Epsilon: 0.0895
Early stop at generation 14: first feasible solution found
CPU time: 5.03 seconds
After optimization overall metric scores     : ndcg@10=0.4159 f1@10=0.1281
After optimization group 1 (active) scores   : ndcg@10=0.5923 f1@10=0.2096
After optimization group 2 (inactive) scores : ndcg@10=0.3998 f1@10=0.1206
After optimization UGF (f1@10): 0.0890 (8.90%) | UGF (ndcg@10): 0.1925 (19.25%)
UGF reduction: 0.0901 (50.3%)
Constraint satisfied: True
GA Optimizer | Model:biasedMF | Dataset:dataset\5Beauty-rand | Group:0.05_count | K=10 | Fairness_metric=f1
GA Parameters | Pop:10 | Gen:1000 | Mut:0.3145 | Cross:0.5857
Adaptive Penalty | beta1:2.25 | beta2:2.31 | k:8
Before optimization overall scores           : ndcg@10=0.4325 f1@10=0.1427
Before optimization group 1 (active) scores  : ndcg@10=0.6779 f1@10=0.3068
Before optimization group 2 (inactive) scores: ndcg@10=0.4100 f1@10=0.1277
Before optimization UGF (f1@10): 0.1791 (17.91%) | UGF (ndcg@10): 0.2679 (26.79%)
Epsilon: 0.0895
Early stop at generation 15: first feasible solution found
CPU time: 5.34 seconds
After optimization overall metric scores     : ndcg@10=0.4126 f1@10=0.1269
After optimization group 1 (active) scores   : ndcg@10=0.5602 f1@10=0.2035
After optimization group 2 (inactive) scores : ndcg@10=0.3991 f1@10=0.1199
After optimization UGF (f1@10): 0.0837 (8.37%) | UGF (ndcg@10): 0.1611 (16.11%)
UGF reduction: 0.0954 (53.3%)
Constraint satisfied: True
GA Optimizer | Model:biasedMF | Dataset:dataset\5Beauty-rand | Group:0.05_count | K=10 | Fairness_metric=f1
GA Parameters | Pop:10 | Gen:1000 | Mut:0.3145 | Cross:0.5857
Adaptive Penalty | beta1:2.25 | beta2:2.31 | k:8
Before optimization overall scores           : ndcg@10=0.4325 f1@10=0.1427
Before optimization group 1 (active) scores  : ndcg@10=0.6779 f1@10=0.3068
Before optimization group 2 (inactive) scores: ndcg@10=0.4100 f1@10=0.1277
Before optimization UGF (f1@10): 0.1791 (17.91%) | UGF (ndcg@10): 0.2679 (26.79%)
Epsilon: 0.0895
Early stop at generation 14: first feasible solution found
CPU time: 4.99 seconds
After optimization overall metric scores     : ndcg@10=0.4145 f1@10=0.1287
After optimization group 1 (active) scores   : ndcg@10=0.5615 f1@10=0.2099
After optimization group 2 (inactive) scores : ndcg@10=0.4011 f1@10=0.1212
After optimization UGF (f1@10): 0.0886 (8.86%) | UGF (ndcg@10): 0.1605 (16.05%)
UGF reduction: 0.0904 (50.5%)
Constraint satisfied: True
GA Optimizer | Model:biasedMF | Dataset:dataset\5Beauty-rand | Group:0.05_count | K=10 | Fairness_metric=f1
GA Parameters | Pop:10 | Gen:1000 | Mut:0.3145 | Cross:0.5857
Adaptive Penalty | beta1:2.25 | beta2:2.31 | k:8
Before optimization overall scores           : ndcg@10=0.4325 f1@10=0.1427
Before optimization group 1 (active) scores  : ndcg@10=0.6779 f1@10=0.3068
Before optimization group 2 (inactive) scores: ndcg@10=0.4100 f1@10=0.1277
Before optimization UGF (f1@10): 0.1791 (17.91%) | UGF (ndcg@10): 0.2679 (26.79%)
Epsilon: 0.0895
Early stop at generation 15: first feasible solution found
CPU time: 5.33 seconds
After optimization overall metric scores     : ndcg@10=0.4156 f1@10=0.1278
After optimization group 1 (active) scores   : ndcg@10=0.5856 f1@10=0.2068
After optimization group 2 (inactive) scores : ndcg@10=0.4000 f1@10=0.1205
After optimization UGF (f1@10): 0.0863 (8.63%) | UGF (ndcg@10): 0.1856 (18.56%)
UGF reduction: 0.0928 (51.8%)
Constraint satisfied: True
GA Optimizer | Model:biasedMF | Dataset:dataset\5Beauty-rand | Group:0.05_count | K=10 | Fairness_metric=f1
GA Parameters | Pop:10 | Gen:1000 | Mut:0.3145 | Cross:0.5857
Adaptive Penalty | beta1:2.25 | beta2:2.31 | k:8
Before optimization overall scores           : ndcg@10=0.4325 f1@10=0.1427
Before optimization group 1 (active) scores  : ndcg@10=0.6779 f1@10=0.3068
Before optimization group 2 (inactive) scores: ndcg@10=0.4100 f1@10=0.1277
Before optimization UGF (f1@10): 0.1791 (17.91%) | UGF (ndcg@10): 0.2679 (26.79%)
Epsilon: 0.0895
Early stop at generation 15: first feasible solution found
CPU time: 5.34 seconds
After optimization overall metric scores     : ndcg@10=0.4154 f1@10=0.1284
After optimization group 1 (active) scores   : ndcg@10=0.5727 f1@10=0.2069
After optimization group 2 (inactive) scores : ndcg@10=0.4010 f1@10=0.1212
After optimization UGF (f1@10): 0.0857 (8.57%) | UGF (ndcg@10): 0.1717 (17.17%)
UGF reduction: 0.0933 (52.1%)
Constraint satisfied: True
GA Optimizer | Model:biasedMF | Dataset:dataset\5Beauty-rand | Group:0.05_count | K=10 | Fairness_metric=f1
GA Parameters | Pop:10 | Gen:1000 | Mut:0.3145 | Cross:0.5857
Adaptive Penalty | beta1:2.25 | beta2:2.31 | k:8
Before optimization overall scores           : ndcg@10=0.4325 f1@10=0.1427
Before optimization group 1 (active) scores  : ndcg@10=0.6779 f1@10=0.3068
Before optimization group 2 (inactive) scores: ndcg@10=0.4100 f1@10=0.1277
Before optimization UGF (f1@10): 0.1791 (17.91%) | UGF (ndcg@10): 0.2679 (26.79%)
Epsilon: 0.0895
Early stop at generation 14: first feasible solution found
CPU time: 5.02 seconds
After optimization overall metric scores     : ndcg@10=0.4156 f1@10=0.1285
After optimization group 1 (active) scores   : ndcg@10=0.5803 f1@10=0.2078
After optimization group 2 (inactive) scores : ndcg@10=0.4005 f1@10=0.1213
After optimization UGF (f1@10): 0.0865 (8.65%) | UGF (ndcg@10): 0.1798 (17.98%)
UGF reduction: 0.0926 (51.7%)
Constraint satisfied: True
GA Optimizer | Model:biasedMF | Dataset:dataset\5Beauty-rand | Group:0.05_count | K=10 | Fairness_metric=f1
GA Parameters | Pop:10 | Gen:1000 | Mut:0.3145 | Cross:0.5857
Adaptive Penalty | beta1:2.25 | beta2:2.31 | k:8
Before optimization overall scores           : ndcg@10=0.4325 f1@10=0.1427
Before optimization group 1 (active) scores  : ndcg@10=0.6779 f1@10=0.3068
Before optimization group 2 (inactive) scores: ndcg@10=0.4100 f1@10=0.1277
Before optimization UGF (f1@10): 0.1791 (17.91%) | UGF (ndcg@10): 0.2679 (26.79%)
Epsilon: 0.0895
Early stop at generation 15: first feasible solution found
CPU time: 5.36 seconds
After optimization overall metric scores     : ndcg@10=0.4144 f1@10=0.1273
After optimization group 1 (active) scores   : ndcg@10=0.5654 f1@10=0.2017
After optimization group 2 (inactive) scores : ndcg@10=0.4005 f1@10=0.1205
After optimization UGF (f1@10): 0.0813 (8.13%) | UGF (ndcg@10): 0.1649 (16.49%)
UGF reduction: 0.0978 (54.6%)
Constraint satisfied: True
GA Optimizer | Model:biasedMF | Dataset:dataset\5Beauty-rand | Group:0.05_count | K=10 | Fairness_metric=f1
GA Parameters | Pop:10 | Gen:1000 | Mut:0.3145 | Cross:0.5857
Adaptive Penalty | beta1:2.25 | beta2:2.31 | k:8
Before optimization overall scores           : ndcg@10=0.4325 f1@10=0.1427
Before optimization group 1 (active) scores  : ndcg@10=0.6779 f1@10=0.3068
Before optimization group 2 (inactive) scores: ndcg@10=0.4100 f1@10=0.1277
Before optimization UGF (f1@10): 0.1791 (17.91%) | UGF (ndcg@10): 0.2679 (26.79%)
Epsilon: 0.0895
Early stop at generation 14: first feasible solution found
CPU time: 5.05 seconds
After optimization overall metric scores     : ndcg@10=0.4120 f1@10=0.1274
After optimization group 1 (active) scores   : ndcg@10=0.5667 f1@10=0.2071
After optimization group 2 (inactive) scores : ndcg@10=0.3978 f1@10=0.1201
After optimization UGF (f1@10): 0.0870 (8.70%) | UGF (ndcg@10): 0.1688 (16.88%)
UGF reduction: 0.0921 (51.4%)
Constraint satisfied: True
GA Optimizer | Model:biasedMF | Dataset:dataset\5Beauty-rand | Group:0.05_count | K=10 | Fairness_metric=f1
GA Parameters | Pop:10 | Gen:1000 | Mut:0.3145 | Cross:0.5857
Adaptive Penalty | beta1:2.25 | beta2:2.31 | k:8
Before optimization overall scores           : ndcg@10=0.4325 f1@10=0.1427
Before optimization group 1 (active) scores  : ndcg@10=0.6779 f1@10=0.3068
Before optimization group 2 (inactive) scores: ndcg@10=0.4100 f1@10=0.1277
Before optimization UGF (f1@10): 0.1791 (17.91%) | UGF (ndcg@10): 0.2679 (26.79%)
Epsilon: 0.0895
Early stop at generation 15: first feasible solution found
CPU time: 5.41 seconds
After optimization overall metric scores     : ndcg@10=0.4147 f1@10=0.1275
After optimization group 1 (active) scores   : ndcg@10=0.5603 f1@10=0.2013
After optimization group 2 (inactive) scores : ndcg@10=0.4013 f1@10=0.1207
After optimization UGF (f1@10): 0.0806 (8.06%) | UGF (ndcg@10): 0.1590 (15.90%)
UGF reduction: 0.0985 (55.0%)
Constraint satisfied: True
GA Optimizer | Model:biasedMF | Dataset:dataset\5Beauty-rand | Group:0.05_count | K=10 | Fairness_metric=f1
GA Parameters | Pop:10 | Gen:1000 | Mut:0.3145 | Cross:0.5857
Adaptive Penalty | beta1:2.25 | beta2:2.31 | k:8
Before optimization overall scores           : ndcg@10=0.4325 f1@10=0.1427
Before optimization group 1 (active) scores  : ndcg@10=0.6779 f1@10=0.3068
Before optimization group 2 (inactive) scores: ndcg@10=0.4100 f1@10=0.1277
Before optimization UGF (f1@10): 0.1791 (17.91%) | UGF (ndcg@10): 0.2679 (26.79%)
Epsilon: 0.0895
Early stop at generation 15: first feasible solution found
CPU time: 5.32 seconds
After optimization overall metric scores     : ndcg@10=0.4119 f1@10=0.1272
After optimization group 1 (active) scores   : ndcg@10=0.5584 f1@10=0.2030
After optimization group 2 (inactive) scores : ndcg@10=0.3985 f1@10=0.1202
After optimization UGF (f1@10): 0.0828 (8.28%) | UGF (ndcg@10): 0.1598 (15.98%)
UGF reduction: 0.0963 (53.8%)
Constraint satisfied: True
GA Optimizer | Model:biasedMF | Dataset:dataset\5Beauty-rand | Group:0.05_count | K=10 | Fairness_metric=f1
GA Parameters | Pop:10 | Gen:1000 | Mut:0.3145 | Cross:0.5857
Adaptive Penalty | beta1:2.25 | beta2:2.31 | k:8
Before optimization overall scores           : ndcg@10=0.4325 f1@10=0.1427
Before optimization group 1 (active) scores  : ndcg@10=0.6779 f1@10=0.3068
Before optimization group 2 (inactive) scores: ndcg@10=0.4100 f1@10=0.1277
Before optimization UGF (f1@10): 0.1791 (17.91%) | UGF (ndcg@10): 0.2679 (26.79%)
Epsilon: 0.0895
Early stop at generation 14: first feasible solution found
CPU time: 5.07 seconds
After optimization overall metric scores     : ndcg@10=0.4150 f1@10=0.1277
After optimization group 1 (active) scores   : ndcg@10=0.5834 f1@10=0.2087
After optimization group 2 (inactive) scores : ndcg@10=0.3996 f1@10=0.1203
After optimization UGF (f1@10): 0.0884 (8.84%) | UGF (ndcg@10): 0.1838 (18.38%)
UGF reduction: 0.0907 (50.6%)
Constraint satisfied: True
GA Optimizer | Model:biasedMF | Dataset:dataset\5Beauty-rand | Group:0.05_count | K=10 | Fairness_metric=f1
GA Parameters | Pop:10 | Gen:1000 | Mut:0.3145 | Cross:0.5857
Adaptive Penalty | beta1:2.25 | beta2:2.31 | k:8
Before optimization overall scores           : ndcg@10=0.4325 f1@10=0.1427
Before optimization group 1 (active) scores  : ndcg@10=0.6779 f1@10=0.3068
Before optimization group 2 (inactive) scores: ndcg@10=0.4100 f1@10=0.1277
Before optimization UGF (f1@10): 0.1791 (17.91%) | UGF (ndcg@10): 0.2679 (26.79%)
Epsilon: 0.0895
Early stop at generation 14: first feasible solution found
CPU time: 5.04 seconds
After optimization overall metric scores     : ndcg@10=0.4139 f1@10=0.1280
After optimization group 1 (active) scores   : ndcg@10=0.5637 f1@10=0.2073
After optimization group 2 (inactive) scores : ndcg@10=0.4001 f1@10=0.1207
After optimization UGF (f1@10): 0.0866 (8.66%) | UGF (ndcg@10): 0.1636 (16.36%)
UGF reduction: 0.0924 (51.6%)
Constraint satisfied: True
GA Optimizer | Model:biasedMF | Dataset:dataset\5Beauty-rand | Group:0.05_count | K=10 | Fairness_metric=f1
GA Parameters | Pop:10 | Gen:1000 | Mut:0.3145 | Cross:0.5857
Adaptive Penalty | beta1:2.25 | beta2:2.31 | k:8
Before optimization overall scores           : ndcg@10=0.4325 f1@10=0.1427
Before optimization group 1 (active) scores  : ndcg@10=0.6779 f1@10=0.3068
Before optimization group 2 (inactive) scores: ndcg@10=0.4100 f1@10=0.1277
Before optimization UGF (f1@10): 0.1791 (17.91%) | UGF (ndcg@10): 0.2679 (26.79%)
Epsilon: 0.0895
Early stop at generation 14: first feasible solution found
CPU time: 5.06 seconds
After optimization overall metric scores     : ndcg@10=0.4147 f1@10=0.1277
After optimization group 1 (active) scores   : ndcg@10=0.5728 f1@10=0.2089
After optimization group 2 (inactive) scores : ndcg@10=0.4003 f1@10=0.1202
After optimization UGF (f1@10): 0.0886 (8.86%) | UGF (ndcg@10): 0.1725 (17.25%)
UGF reduction: 0.0904 (50.5%)
Constraint satisfied: True
GA Optimizer | Model:biasedMF | Dataset:dataset\5Beauty-rand | Group:0.05_count | K=10 | Fairness_metric=f1
GA Parameters | Pop:10 | Gen:1000 | Mut:0.3145 | Cross:0.5857
Adaptive Penalty | beta1:2.25 | beta2:2.31 | k:8
Before optimization overall scores           : ndcg@10=0.4325 f1@10=0.1427
Before optimization group 1 (active) scores  : ndcg@10=0.6779 f1@10=0.3068
Before optimization group 2 (inactive) scores: ndcg@10=0.4100 f1@10=0.1277
Before optimization UGF (f1@10): 0.1791 (17.91%) | UGF (ndcg@10): 0.2679 (26.79%)
Epsilon: 0.0895
Early stop at generation 15: first feasible solution found
CPU time: 5.35 seconds
After optimization overall metric scores     : ndcg@10=0.4131 f1@10=0.1273
After optimization group 1 (active) scores   : ndcg@10=0.5602 f1@10=0.2017
After optimization group 2 (inactive) scores : ndcg@10=0.3997 f1@10=0.1205
After optimization UGF (f1@10): 0.0812 (8.12%) | UGF (ndcg@10): 0.1606 (16.06%)
UGF reduction: 0.0979 (54.7%)
Constraint satisfied: True
GA Optimizer | Model:biasedMF | Dataset:dataset\5Beauty-rand | Group:0.05_count | K=10 | Fairness_metric=f1
GA Parameters | Pop:10 | Gen:1000 | Mut:0.3145 | Cross:0.5857
Adaptive Penalty | beta1:2.25 | beta2:2.31 | k:8
Before optimization overall scores           : ndcg@10=0.4325 f1@10=0.1427
Before optimization group 1 (active) scores  : ndcg@10=0.6779 f1@10=0.3068
Before optimization group 2 (inactive) scores: ndcg@10=0.4100 f1@10=0.1277
Before optimization UGF (f1@10): 0.1791 (17.91%) | UGF (ndcg@10): 0.2679 (26.79%)
Epsilon: 0.0895
Early stop at generation 14: first feasible solution found
CPU time: 5.07 seconds
After optimization overall metric scores     : ndcg@10=0.4148 f1@10=0.1277
After optimization group 1 (active) scores   : ndcg@10=0.5806 f1@10=0.2093
After optimization group 2 (inactive) scores : ndcg@10=0.3996 f1@10=0.1203
After optimization UGF (f1@10): 0.0890 (8.90%) | UGF (ndcg@10): 0.1810 (18.10%)
UGF reduction: 0.0901 (50.3%)
Constraint satisfied: True
GA Optimizer | Model:biasedMF | Dataset:dataset\5Beauty-rand | Group:0.05_count | K=10 | Fairness_metric=f1
GA Parameters | Pop:10 | Gen:1000 | Mut:0.3145 | Cross:0.5857
Adaptive Penalty | beta1:2.25 | beta2:2.31 | k:8
Before optimization overall scores           : ndcg@10=0.4325 f1@10=0.1427
Before optimization group 1 (active) scores  : ndcg@10=0.6779 f1@10=0.3068
Before optimization group 2 (inactive) scores: ndcg@10=0.4100 f1@10=0.1277
Before optimization UGF (f1@10): 0.1791 (17.91%) | UGF (ndcg@10): 0.2679 (26.79%)
Epsilon: 0.0895
Early stop at generation 14: first feasible solution found
CPU time: 4.95 seconds
After optimization overall metric scores     : ndcg@10=0.4158 f1@10=0.1282
After optimization group 1 (active) scores   : ndcg@10=0.5795 f1@10=0.2067
After optimization group 2 (inactive) scores : ndcg@10=0.4008 f1@10=0.1210
After optimization UGF (f1@10): 0.0857 (8.57%) | UGF (ndcg@10): 0.1787 (17.87%)
UGF reduction: 0.0934 (52.1%)
Constraint satisfied: True
GA Optimizer | Model:biasedMF | Dataset:dataset\5Beauty-rand | Group:0.05_count | K=10 | Fairness_metric=f1
GA Parameters | Pop:10 | Gen:1000 | Mut:0.3145 | Cross:0.5857
Adaptive Penalty | beta1:2.25 | beta2:2.31 | k:8
Before optimization overall scores           : ndcg@10=0.4325 f1@10=0.1427
Before optimization group 1 (active) scores  : ndcg@10=0.6779 f1@10=0.3068
Before optimization group 2 (inactive) scores: ndcg@10=0.4100 f1@10=0.1277
Before optimization UGF (f1@10): 0.1791 (17.91%) | UGF (ndcg@10): 0.2679 (26.79%)
Epsilon: 0.0895
Early stop at generation 14: first feasible solution found
CPU time: 4.97 seconds
After optimization overall metric scores     : ndcg@10=0.4148 f1@10=0.1278
After optimization group 1 (active) scores   : ndcg@10=0.5807 f1@10=0.2090
After optimization group 2 (inactive) scores : ndcg@10=0.3996 f1@10=0.1203
After optimization UGF (f1@10): 0.0887 (8.87%) | UGF (ndcg@10): 0.1811 (18.11%)
UGF reduction: 0.0904 (50.5%)
Constraint satisfied: True
GA Optimizer | Model:biasedMF | Dataset:dataset\5Beauty-rand | Group:0.05_count | K=10 | Fairness_metric=f1
GA Parameters | Pop:10 | Gen:1000 | Mut:0.3145 | Cross:0.5857
Adaptive Penalty | beta1:2.25 | beta2:2.31 | k:8
Before optimization overall scores           : ndcg@10=0.4325 f1@10=0.1427
Before optimization group 1 (active) scores  : ndcg@10=0.6779 f1@10=0.3068
Before optimization group 2 (inactive) scores: ndcg@10=0.4100 f1@10=0.1277
Before optimization UGF (f1@10): 0.1791 (17.91%) | UGF (ndcg@10): 0.2679 (26.79%)
Epsilon: 0.0895
Early stop at generation 14: first feasible solution found
CPU time: 4.99 seconds
After optimization overall metric scores     : ndcg@10=0.4152 f1@10=0.1280
After optimization group 1 (active) scores   : ndcg@10=0.5604 f1@10=0.2086
After optimization group 2 (inactive) scores : ndcg@10=0.4019 f1@10=0.1206
After optimization UGF (f1@10): 0.0880 (8.80%) | UGF (ndcg@10): 0.1584 (15.84%)
UGF reduction: 0.0911 (50.9%)
Constraint satisfied: True
GA Optimizer | Model:biasedMF | Dataset:dataset\5Beauty-rand | Group:0.05_count | K=10 | Fairness_metric=f1
GA Parameters | Pop:10 | Gen:1000 | Mut:0.3145 | Cross:0.5857
Adaptive Penalty | beta1:2.25 | beta2:2.31 | k:8
Before optimization overall scores           : ndcg@10=0.4325 f1@10=0.1427
Before optimization group 1 (active) scores  : ndcg@10=0.6779 f1@10=0.3068
Before optimization group 2 (inactive) scores: ndcg@10=0.4100 f1@10=0.1277
Before optimization UGF (f1@10): 0.1791 (17.91%) | UGF (ndcg@10): 0.2679 (26.79%)
Epsilon: 0.0895
Early stop at generation 14: first feasible solution found
CPU time: 5.03 seconds
After optimization overall metric scores     : ndcg@10=0.4135 f1@10=0.1275
After optimization group 1 (active) scores   : ndcg@10=0.5649 f1@10=0.2080
After optimization group 2 (inactive) scores : ndcg@10=0.3997 f1@10=0.1201
After optimization UGF (f1@10): 0.0878 (8.78%) | UGF (ndcg@10): 0.1652 (16.52%)
UGF reduction: 0.0912 (50.9%)
Constraint satisfied: True
GA Optimizer | Model:biasedMF | Dataset:dataset\5Beauty-rand | Group:0.05_count | K=10 | Fairness_metric=f1
GA Parameters | Pop:10 | Gen:1000 | Mut:0.3145 | Cross:0.5857
Adaptive Penalty | beta1:2.25 | beta2:2.31 | k:8
Before optimization overall scores           : ndcg@10=0.4325 f1@10=0.1427
Before optimization group 1 (active) scores  : ndcg@10=0.6779 f1@10=0.3068
Before optimization group 2 (inactive) scores: ndcg@10=0.4100 f1@10=0.1277
Before optimization UGF (f1@10): 0.1791 (17.91%) | UGF (ndcg@10): 0.2679 (26.79%)
Epsilon: 0.0895
Early stop at generation 15: first feasible solution found
CPU time: 5.36 seconds
After optimization overall metric scores     : ndcg@10=0.4153 f1@10=0.1277
After optimization group 1 (active) scores   : ndcg@10=0.5829 f1@10=0.2068
After optimization group 2 (inactive) scores : ndcg@10=0.4000 f1@10=0.1205
After optimization UGF (f1@10): 0.0863 (8.63%) | UGF (ndcg@10): 0.1829 (18.29%)
UGF reduction: 0.0928 (51.8%)
Constraint satisfied: True
GA Optimizer | Model:biasedMF | Dataset:dataset\5Beauty-rand | Group:0.05_count | K=10 | Fairness_metric=f1
GA Parameters | Pop:10 | Gen:1000 | Mut:0.3145 | Cross:0.5857
Adaptive Penalty | beta1:2.25 | beta2:2.31 | k:8
Before optimization overall scores           : ndcg@10=0.4325 f1@10=0.1427
Before optimization group 1 (active) scores  : ndcg@10=0.6779 f1@10=0.3068
Before optimization group 2 (inactive) scores: ndcg@10=0.4100 f1@10=0.1277
Before optimization UGF (f1@10): 0.1791 (17.91%) | UGF (ndcg@10): 0.2679 (26.79%)
Epsilon: 0.0895
Early stop at generation 14: first feasible solution found
CPU time: 5.02 seconds
After optimization overall metric scores     : ndcg@10=0.4154 f1@10=0.1279
After optimization group 1 (active) scores   : ndcg@10=0.5691 f1@10=0.2084
After optimization group 2 (inactive) scores : ndcg@10=0.4014 f1@10=0.1206
After optimization UGF (f1@10): 0.0879 (8.79%) | UGF (ndcg@10): 0.1677 (16.77%)
UGF reduction: 0.0912 (50.9%)
Constraint satisfied: True
GA Optimizer | Model:biasedMF | Dataset:dataset\5Beauty-rand | Group:0.05_count | K=10 | Fairness_metric=f1
GA Parameters | Pop:10 | Gen:1000 | Mut:0.3145 | Cross:0.5857
Adaptive Penalty | beta1:2.25 | beta2:2.31 | k:8
Before optimization overall scores           : ndcg@10=0.4325 f1@10=0.1427
Before optimization group 1 (active) scores  : ndcg@10=0.6779 f1@10=0.3068
Before optimization group 2 (inactive) scores: ndcg@10=0.4100 f1@10=0.1277
Before optimization UGF (f1@10): 0.1791 (17.91%) | UGF (ndcg@10): 0.2679 (26.79%)
Epsilon: 0.0895
Early stop at generation 15: first feasible solution found
CPU time: 5.33 seconds
After optimization overall metric scores     : ndcg@10=0.4139 f1@10=0.1272
After optimization group 1 (active) scores   : ndcg@10=0.5656 f1@10=0.2003
After optimization group 2 (inactive) scores : ndcg@10=0.4001 f1@10=0.1205
After optimization UGF (f1@10): 0.0798 (7.98%) | UGF (ndcg@10): 0.1656 (16.56%)
UGF reduction: 0.0992 (55.4%)
Constraint satisfied: True
GA Optimizer | Model:biasedMF | Dataset:dataset\5Beauty-rand | Group:0.05_count | K=10 | Fairness_metric=f1
GA Parameters | Pop:10 | Gen:1000 | Mut:0.3145 | Cross:0.5857
Adaptive Penalty | beta1:2.25 | beta2:2.31 | k:8
Before optimization overall scores           : ndcg@10=0.4325 f1@10=0.1427
Before optimization group 1 (active) scores  : ndcg@10=0.6779 f1@10=0.3068
Before optimization group 2 (inactive) scores: ndcg@10=0.4100 f1@10=0.1277
Before optimization UGF (f1@10): 0.1791 (17.91%) | UGF (ndcg@10): 0.2679 (26.79%)
Epsilon: 0.0895
Early stop at generation 14: first feasible solution found
CPU time: 5.05 seconds
After optimization overall metric scores     : ndcg@10=0.4145 f1@10=0.1281
After optimization group 1 (active) scores   : ndcg@10=0.5765 f1@10=0.2084
After optimization group 2 (inactive) scores : ndcg@10=0.3997 f1@10=0.1208
After optimization UGF (f1@10): 0.0876 (8.76%) | UGF (ndcg@10): 0.1768 (17.68%)
UGF reduction: 0.0915 (51.1%)
Constraint satisfied: True
GA Optimizer | Model:biasedMF | Dataset:dataset\5Beauty-rand | Group:0.05_count | K=10 | Fairness_metric=f1
GA Parameters | Pop:10 | Gen:1000 | Mut:0.3145 | Cross:0.5857
Adaptive Penalty | beta1:2.25 | beta2:2.31 | k:8
Before optimization overall scores           : ndcg@10=0.4325 f1@10=0.1427
Before optimization group 1 (active) scores  : ndcg@10=0.6779 f1@10=0.3068
Before optimization group 2 (inactive) scores: ndcg@10=0.4100 f1@10=0.1277
Before optimization UGF (f1@10): 0.1791 (17.91%) | UGF (ndcg@10): 0.2679 (26.79%)
Epsilon: 0.0895
Early stop at generation 14: first feasible solution found
CPU time: 5.01 seconds
After optimization overall metric scores     : ndcg@10=0.4150 f1@10=0.1286
After optimization group 1 (active) scores   : ndcg@10=0.5657 f1@10=0.2083
After optimization group 2 (inactive) scores : ndcg@10=0.4012 f1@10=0.1213
After optimization UGF (f1@10): 0.0870 (8.70%) | UGF (ndcg@10): 0.1645 (16.45%)
UGF reduction: 0.0920 (51.4%)
Constraint satisfied: True
GA Optimizer | Model:biasedMF | Dataset:dataset\5Beauty-rand | Group:0.05_count | K=10 | Fairness_metric=f1
GA Parameters | Pop:10 | Gen:1000 | Mut:0.3145 | Cross:0.5857
Adaptive Penalty | beta1:2.25 | beta2:2.31 | k:8
Before optimization overall scores           : ndcg@10=0.4325 f1@10=0.1427
Before optimization group 1 (active) scores  : ndcg@10=0.6779 f1@10=0.3068
Before optimization group 2 (inactive) scores: ndcg@10=0.4100 f1@10=0.1277
Before optimization UGF (f1@10): 0.1791 (17.91%) | UGF (ndcg@10): 0.2679 (26.79%)
Epsilon: 0.0895
Early stop at generation 14: first feasible solution found
CPU time: 5.06 seconds
After optimization overall metric scores     : ndcg@10=0.4134 f1@10=0.1281
After optimization group 1 (active) scores   : ndcg@10=0.5621 f1@10=0.2078
After optimization group 2 (inactive) scores : ndcg@10=0.3997 f1@10=0.1208
After optimization UGF (f1@10): 0.0869 (8.69%) | UGF (ndcg@10): 0.1624 (16.24%)
UGF reduction: 0.0921 (51.4%)
Constraint satisfied: True
GA Optimizer | Model:biasedMF | Dataset:dataset\5Beauty-rand | Group:0.05_count | K=10 | Fairness_metric=f1
GA Parameters | Pop:10 | Gen:1000 | Mut:0.3145 | Cross:0.5857
Adaptive Penalty | beta1:2.25 | beta2:2.31 | k:8
Before optimization overall scores           : ndcg@10=0.4325 f1@10=0.1427
Before optimization group 1 (active) scores  : ndcg@10=0.6779 f1@10=0.3068
Before optimization group 2 (inactive) scores: ndcg@10=0.4100 f1@10=0.1277
Before optimization UGF (f1@10): 0.1791 (17.91%) | UGF (ndcg@10): 0.2679 (26.79%)
Epsilon: 0.0895
Early stop at generation 14: first feasible solution found
CPU time: 5.05 seconds
After optimization overall metric scores     : ndcg@10=0.4132 f1@10=0.1274
After optimization group 1 (active) scores   : ndcg@10=0.5747 f1@10=0.2091
After optimization group 2 (inactive) scores : ndcg@10=0.3984 f1@10=0.1200
After optimization UGF (f1@10): 0.0891 (8.91%) | UGF (ndcg@10): 0.1763 (17.63%)
UGF reduction: 0.0900 (50.2%)
Constraint satisfied: True
