GA Optimizer | Model:biasedMF | Dataset:dataset\5Grocery-rand | Group:max_0.05 | K=10 | Fairness_metric=f1
GA Parameters | Pop:10 | Gen:1000 | Mut:0.3145 | Cross:0.5857
Adaptive Penalty | beta1:2.25 | beta2:2.31 | k:8
Before optimization overall scores           : ndcg@10=0.4508 f1@10=0.1578
Before optimization group 1 (active) scores  : ndcg@10=0.5729 f1@10=0.2429
Before optimization group 2 (inactive) scores: ndcg@10=0.4430 f1@10=0.1525
Before optimization UGF (f1@10): 0.0905
Epsilon: 0.0452
Early stop at generation 13: first feasible solution found
CPU time: 3.31 seconds
After optimization overall metric scores     : ndcg@10=0.4374 f1@10=0.1470
After optimization group 1 (active) scores   : ndcg@10=0.5038 f1@10=0.1878
After optimization group 2 (inactive) scores : ndcg@10=0.4345 f1@10=0.1455
After optimization UGF: 0.0371
UGF reduction: 0.0534 (59.0%)
Constraint satisfied: True
GA Optimizer | Model:biasedMF | Dataset:dataset\5Grocery-rand | Group:max_0.05 | K=10 | Fairness_metric=f1
GA Parameters | Pop:10 | Gen:1000 | Mut:0.3145 | Cross:0.5857
Adaptive Penalty | beta1:2.25 | beta2:2.31 | k:8
Before optimization overall scores           : ndcg@10=0.4508 f1@10=0.1578
Before optimization group 1 (active) scores  : ndcg@10=0.5729 f1@10=0.2429
Before optimization group 2 (inactive) scores: ndcg@10=0.4430 f1@10=0.1525
Before optimization UGF (f1@10): 0.0905
Epsilon: 0.0452
Early stop at generation 12: first feasible solution found
CPU time: 2.90 seconds
After optimization overall metric scores     : ndcg@10=0.4387 f1@10=0.1479
After optimization group 1 (active) scores   : ndcg@10=0.4980 f1@10=0.1934
After optimization group 2 (inactive) scores : ndcg@10=0.4359 f1@10=0.1459
After optimization UGF: 0.0432
UGF reduction: 0.0473 (52.2%)
Constraint satisfied: True
GA Optimizer | Model:biasedMF | Dataset:dataset\5Grocery-rand | Group:max_0.05 | K=10 | Fairness_metric=f1
GA Parameters | Pop:10 | Gen:1000 | Mut:0.3145 | Cross:0.5857
Adaptive Penalty | beta1:2.25 | beta2:2.31 | k:8
Before optimization overall scores           : ndcg@10=0.4508 f1@10=0.1578
Before optimization group 1 (active) scores  : ndcg@10=0.5729 f1@10=0.2429
Before optimization group 2 (inactive) scores: ndcg@10=0.4430 f1@10=0.1525
Before optimization UGF (f1@10): 0.0905
Epsilon: 0.0452
Early stop at generation 12: first feasible solution found
CPU time: 2.87 seconds
After optimization overall metric scores     : ndcg@10=0.4394 f1@10=0.1480
After optimization group 1 (active) scores   : ndcg@10=0.5155 f1@10=0.1915
After optimization group 2 (inactive) scores : ndcg@10=0.4348 f1@10=0.1459
After optimization UGF: 0.0421
UGF reduction: 0.0484 (53.5%)
Constraint satisfied: True
GA Optimizer | Model:biasedMF | Dataset:dataset\5Grocery-rand | Group:max_0.05 | K=10 | Fairness_metric=f1
GA Parameters | Pop:10 | Gen:1000 | Mut:0.3145 | Cross:0.5857
Adaptive Penalty | beta1:2.25 | beta2:2.31 | k:8
Before optimization overall scores           : ndcg@10=0.4508 f1@10=0.1578
Before optimization group 1 (active) scores  : ndcg@10=0.5729 f1@10=0.2429
Before optimization group 2 (inactive) scores: ndcg@10=0.4430 f1@10=0.1525
Before optimization UGF (f1@10): 0.0905
Epsilon: 0.0452
Early stop at generation 12: first feasible solution found
CPU time: 2.89 seconds
After optimization overall metric scores     : ndcg@10=0.4385 f1@10=0.1480
After optimization group 1 (active) scores   : ndcg@10=0.4961 f1@10=0.1900
After optimization group 2 (inactive) scores : ndcg@10=0.4349 f1@10=0.1454
After optimization UGF: 0.0412
UGF reduction: 0.0493 (54.5%)
Constraint satisfied: True
GA Optimizer | Model:biasedMF | Dataset:dataset\5Grocery-rand | Group:max_0.05 | K=10 | Fairness_metric=f1
GA Parameters | Pop:10 | Gen:1000 | Mut:0.3145 | Cross:0.5857
Adaptive Penalty | beta1:2.25 | beta2:2.31 | k:8
Before optimization overall scores           : ndcg@10=0.4508 f1@10=0.1578
Before optimization group 1 (active) scores  : ndcg@10=0.5729 f1@10=0.2429
Before optimization group 2 (inactive) scores: ndcg@10=0.4430 f1@10=0.1525
Before optimization UGF (f1@10): 0.0905
Epsilon: 0.0452
Early stop at generation 12: first feasible solution found
CPU time: 2.92 seconds
After optimization overall metric scores     : ndcg@10=0.4394 f1@10=0.1478
After optimization group 1 (active) scores   : ndcg@10=0.5142 f1@10=0.1962
After optimization group 2 (inactive) scores : ndcg@10=0.4360 f1@10=0.1460
After optimization UGF: 0.0439
UGF reduction: 0.0465 (51.5%)
Constraint satisfied: True
GA Optimizer | Model:biasedMF | Dataset:dataset\5Grocery-rand | Group:max_0.05 | K=10 | Fairness_metric=f1
GA Parameters | Pop:10 | Gen:1000 | Mut:0.3145 | Cross:0.5857
Adaptive Penalty | beta1:2.25 | beta2:2.31 | k:8
Before optimization overall scores           : ndcg@10=0.4508 f1@10=0.1578
Before optimization group 1 (active) scores  : ndcg@10=0.5729 f1@10=0.2429
Before optimization group 2 (inactive) scores: ndcg@10=0.4430 f1@10=0.1525
Before optimization UGF (f1@10): 0.0905
Epsilon: 0.0452
Early stop at generation 12: first feasible solution found
CPU time: 2.93 seconds
After optimization overall metric scores     : ndcg@10=0.4388 f1@10=0.1481
After optimization group 1 (active) scores   : ndcg@10=0.4802 f1@10=0.1889
After optimization group 2 (inactive) scores : ndcg@10=0.4358 f1@10=0.1451
After optimization UGF: 0.0386
UGF reduction: 0.0518 (57.3%)
Constraint satisfied: True
GA Optimizer | Model:biasedMF | Dataset:dataset\5Grocery-rand | Group:max_0.05 | K=10 | Fairness_metric=f1
GA Parameters | Pop:10 | Gen:1000 | Mut:0.3145 | Cross:0.5857
Adaptive Penalty | beta1:2.25 | beta2:2.31 | k:8
Before optimization overall scores           : ndcg@10=0.4508 f1@10=0.1578
Before optimization group 1 (active) scores  : ndcg@10=0.5729 f1@10=0.2429
Before optimization group 2 (inactive) scores: ndcg@10=0.4430 f1@10=0.1525
Before optimization UGF (f1@10): 0.0905
Epsilon: 0.0452
Early stop at generation 13: first feasible solution found
CPU time: 3.09 seconds
After optimization overall metric scores     : ndcg@10=0.4386 f1@10=0.1470
After optimization group 1 (active) scores   : ndcg@10=0.5051 f1@10=0.1908
After optimization group 2 (inactive) scores : ndcg@10=0.4345 f1@10=0.1443
After optimization UGF: 0.0409
UGF reduction: 0.0496 (54.8%)
Constraint satisfied: True
GA Optimizer | Model:biasedMF | Dataset:dataset\5Grocery-rand | Group:max_0.05 | K=10 | Fairness_metric=f1
GA Parameters | Pop:10 | Gen:1000 | Mut:0.3145 | Cross:0.5857
Adaptive Penalty | beta1:2.25 | beta2:2.31 | k:8
Before optimization overall scores           : ndcg@10=0.4508 f1@10=0.1578
Before optimization group 1 (active) scores  : ndcg@10=0.5729 f1@10=0.2429
Before optimization group 2 (inactive) scores: ndcg@10=0.4430 f1@10=0.1525
Before optimization UGF (f1@10): 0.0905
Epsilon: 0.0452
Early stop at generation 12: first feasible solution found
CPU time: 2.89 seconds
After optimization overall metric scores     : ndcg@10=0.4396 f1@10=0.1477
After optimization group 1 (active) scores   : ndcg@10=0.5285 f1@10=0.1969
After optimization group 2 (inactive) scores : ndcg@10=0.4350 f1@10=0.1456
After optimization UGF: 0.0448
UGF reduction: 0.0456 (50.4%)
Constraint satisfied: True
GA Optimizer | Model:biasedMF | Dataset:dataset\5Grocery-rand | Group:max_0.05 | K=10 | Fairness_metric=f1
GA Parameters | Pop:10 | Gen:1000 | Mut:0.3145 | Cross:0.5857
Adaptive Penalty | beta1:2.25 | beta2:2.31 | k:8
Before optimization overall scores           : ndcg@10=0.4508 f1@10=0.1578
Before optimization group 1 (active) scores  : ndcg@10=0.5729 f1@10=0.2429
Before optimization group 2 (inactive) scores: ndcg@10=0.4430 f1@10=0.1525
Before optimization UGF (f1@10): 0.0905
Epsilon: 0.0452
Early stop at generation 12: first feasible solution found
CPU time: 2.91 seconds
After optimization overall metric scores     : ndcg@10=0.4409 f1@10=0.1491
After optimization group 1 (active) scores   : ndcg@10=0.5049 f1@10=0.1951
After optimization group 2 (inactive) scores : ndcg@10=0.4368 f1@10=0.1463
After optimization UGF: 0.0425
UGF reduction: 0.0479 (53.0%)
Constraint satisfied: True
GA Optimizer | Model:biasedMF | Dataset:dataset\5Grocery-rand | Group:max_0.05 | K=10 | Fairness_metric=f1
GA Parameters | Pop:10 | Gen:1000 | Mut:0.3145 | Cross:0.5857
Adaptive Penalty | beta1:2.25 | beta2:2.31 | k:8
Before optimization overall scores           : ndcg@10=0.4508 f1@10=0.1578
Before optimization group 1 (active) scores  : ndcg@10=0.5729 f1@10=0.2429
Before optimization group 2 (inactive) scores: ndcg@10=0.4430 f1@10=0.1525
Before optimization UGF (f1@10): 0.0905
Epsilon: 0.0452
Early stop at generation 12: first feasible solution found
CPU time: 2.91 seconds
After optimization overall metric scores     : ndcg@10=0.4402 f1@10=0.1493
After optimization group 1 (active) scores   : ndcg@10=0.5008 f1@10=0.1919
After optimization group 2 (inactive) scores : ndcg@10=0.4358 f1@10=0.1461
After optimization UGF: 0.0449
UGF reduction: 0.0456 (50.4%)
Constraint satisfied: True
GA Optimizer | Model:biasedMF | Dataset:dataset\5Grocery-rand | Group:max_0.05 | K=10 | Fairness_metric=f1
GA Parameters | Pop:10 | Gen:1000 | Mut:0.3145 | Cross:0.5857
Adaptive Penalty | beta1:2.25 | beta2:2.31 | k:8
Before optimization overall scores           : ndcg@10=0.4508 f1@10=0.1578
Before optimization group 1 (active) scores  : ndcg@10=0.5729 f1@10=0.2429
Before optimization group 2 (inactive) scores: ndcg@10=0.4430 f1@10=0.1525
Before optimization UGF (f1@10): 0.0905
Epsilon: 0.0452
Early stop at generation 12: first feasible solution found
CPU time: 2.95 seconds
After optimization overall metric scores     : ndcg@10=0.4418 f1@10=0.1490
After optimization group 1 (active) scores   : ndcg@10=0.5264 f1@10=0.1917
After optimization group 2 (inactive) scores : ndcg@10=0.4357 f1@10=0.1457
After optimization UGF: 0.0432
UGF reduction: 0.0472 (52.2%)
Constraint satisfied: True
GA Optimizer | Model:biasedMF | Dataset:dataset\5Grocery-rand | Group:max_0.05 | K=10 | Fairness_metric=f1
GA Parameters | Pop:10 | Gen:1000 | Mut:0.3145 | Cross:0.5857
Adaptive Penalty | beta1:2.25 | beta2:2.31 | k:8
Before optimization overall scores           : ndcg@10=0.4508 f1@10=0.1578
Before optimization group 1 (active) scores  : ndcg@10=0.5729 f1@10=0.2429
Before optimization group 2 (inactive) scores: ndcg@10=0.4430 f1@10=0.1525
Before optimization UGF (f1@10): 0.0905
Epsilon: 0.0452
Early stop at generation 13: first feasible solution found
CPU time: 3.12 seconds
After optimization overall metric scores     : ndcg@10=0.4402 f1@10=0.1477
After optimization group 1 (active) scores   : ndcg@10=0.5081 f1@10=0.1940
After optimization group 2 (inactive) scores : ndcg@10=0.4352 f1@10=0.1444
After optimization UGF: 0.0450
UGF reduction: 0.0455 (50.3%)
Constraint satisfied: True
GA Optimizer | Model:biasedMF | Dataset:dataset\5Grocery-rand | Group:max_0.05 | K=10 | Fairness_metric=f1
GA Parameters | Pop:10 | Gen:1000 | Mut:0.3145 | Cross:0.5857
Adaptive Penalty | beta1:2.25 | beta2:2.31 | k:8
Before optimization overall scores           : ndcg@10=0.4508 f1@10=0.1578
Before optimization group 1 (active) scores  : ndcg@10=0.5729 f1@10=0.2429
Before optimization group 2 (inactive) scores: ndcg@10=0.4430 f1@10=0.1525
Before optimization UGF (f1@10): 0.0905
Epsilon: 0.0452
Early stop at generation 12: first feasible solution found
CPU time: 2.92 seconds
After optimization overall metric scores     : ndcg@10=0.4404 f1@10=0.1493
After optimization group 1 (active) scores   : ndcg@10=0.5023 f1@10=0.1941
After optimization group 2 (inactive) scores : ndcg@10=0.4362 f1@10=0.1463
After optimization UGF: 0.0427
UGF reduction: 0.0477 (52.7%)
Constraint satisfied: True
GA Optimizer | Model:biasedMF | Dataset:dataset\5Grocery-rand | Group:max_0.05 | K=10 | Fairness_metric=f1
GA Parameters | Pop:10 | Gen:1000 | Mut:0.3145 | Cross:0.5857
Adaptive Penalty | beta1:2.25 | beta2:2.31 | k:8
Before optimization overall scores           : ndcg@10=0.4508 f1@10=0.1578
Before optimization group 1 (active) scores  : ndcg@10=0.5729 f1@10=0.2429
Before optimization group 2 (inactive) scores: ndcg@10=0.4430 f1@10=0.1525
Before optimization UGF (f1@10): 0.0905
Epsilon: 0.0452
Early stop at generation 12: first feasible solution found
CPU time: 2.89 seconds
After optimization overall metric scores     : ndcg@10=0.4418 f1@10=0.1495
After optimization group 1 (active) scores   : ndcg@10=0.5062 f1@10=0.1948
After optimization group 2 (inactive) scores : ndcg@10=0.4369 f1@10=0.1457
After optimization UGF: 0.0424
UGF reduction: 0.0481 (53.1%)
Constraint satisfied: True
GA Optimizer | Model:biasedMF | Dataset:dataset\5Grocery-rand | Group:max_0.05 | K=10 | Fairness_metric=f1
GA Parameters | Pop:10 | Gen:1000 | Mut:0.3145 | Cross:0.5857
Adaptive Penalty | beta1:2.25 | beta2:2.31 | k:8
Before optimization overall scores           : ndcg@10=0.4508 f1@10=0.1578
Before optimization group 1 (active) scores  : ndcg@10=0.5729 f1@10=0.2429
Before optimization group 2 (inactive) scores: ndcg@10=0.4430 f1@10=0.1525
Before optimization UGF (f1@10): 0.0905
Epsilon: 0.0452
Early stop at generation 12: first feasible solution found
CPU time: 2.91 seconds
After optimization overall metric scores     : ndcg@10=0.4408 f1@10=0.1487
After optimization group 1 (active) scores   : ndcg@10=0.5005 f1@10=0.1939
After optimization group 2 (inactive) scores : ndcg@10=0.4374 f1@10=0.1458
After optimization UGF: 0.0439
UGF reduction: 0.0466 (51.5%)
Constraint satisfied: True
GA Optimizer | Model:biasedMF | Dataset:dataset\5Grocery-rand | Group:max_0.05 | K=10 | Fairness_metric=f1
GA Parameters | Pop:10 | Gen:1000 | Mut:0.3145 | Cross:0.5857
Adaptive Penalty | beta1:2.25 | beta2:2.31 | k:8
Before optimization overall scores           : ndcg@10=0.4508 f1@10=0.1578
Before optimization group 1 (active) scores  : ndcg@10=0.5729 f1@10=0.2429
Before optimization group 2 (inactive) scores: ndcg@10=0.4430 f1@10=0.1525
Before optimization UGF (f1@10): 0.0905
Epsilon: 0.0452
Early stop at generation 12: first feasible solution found
CPU time: 2.92 seconds
After optimization overall metric scores     : ndcg@10=0.4392 f1@10=0.1476
After optimization group 1 (active) scores   : ndcg@10=0.5025 f1@10=0.1911
After optimization group 2 (inactive) scores : ndcg@10=0.4357 f1@10=0.1456
After optimization UGF: 0.0423
UGF reduction: 0.0481 (53.2%)
Constraint satisfied: True
GA Optimizer | Model:biasedMF | Dataset:dataset\5Grocery-rand | Group:max_0.05 | K=10 | Fairness_metric=f1
GA Parameters | Pop:10 | Gen:1000 | Mut:0.3145 | Cross:0.5857
Adaptive Penalty | beta1:2.25 | beta2:2.31 | k:8
Before optimization overall scores           : ndcg@10=0.4508 f1@10=0.1578
Before optimization group 1 (active) scores  : ndcg@10=0.5729 f1@10=0.2429
Before optimization group 2 (inactive) scores: ndcg@10=0.4430 f1@10=0.1525
Before optimization UGF (f1@10): 0.0905
Epsilon: 0.0452
Early stop at generation 12: first feasible solution found
CPU time: 2.93 seconds
After optimization overall metric scores     : ndcg@10=0.4401 f1@10=0.1488
After optimization group 1 (active) scores   : ndcg@10=0.5005 f1@10=0.1909
After optimization group 2 (inactive) scores : ndcg@10=0.4363 f1@10=0.1462
After optimization UGF: 0.0422
UGF reduction: 0.0482 (53.3%)
Constraint satisfied: True
GA Optimizer | Model:biasedMF | Dataset:dataset\5Grocery-rand | Group:max_0.05 | K=10 | Fairness_metric=f1
GA Parameters | Pop:10 | Gen:1000 | Mut:0.3145 | Cross:0.5857
Adaptive Penalty | beta1:2.25 | beta2:2.31 | k:8
Before optimization overall scores           : ndcg@10=0.4508 f1@10=0.1578
Before optimization group 1 (active) scores  : ndcg@10=0.5729 f1@10=0.2429
Before optimization group 2 (inactive) scores: ndcg@10=0.4430 f1@10=0.1525
Before optimization UGF (f1@10): 0.0905
Epsilon: 0.0452
Early stop at generation 12: first feasible solution found
CPU time: 2.92 seconds
After optimization overall metric scores     : ndcg@10=0.4408 f1@10=0.1485
After optimization group 1 (active) scores   : ndcg@10=0.5180 f1@10=0.1931
After optimization group 2 (inactive) scores : ndcg@10=0.4360 f1@10=0.1458
After optimization UGF: 0.0428
UGF reduction: 0.0476 (52.6%)
Constraint satisfied: True
GA Optimizer | Model:biasedMF | Dataset:dataset\5Grocery-rand | Group:max_0.05 | K=10 | Fairness_metric=f1
GA Parameters | Pop:10 | Gen:1000 | Mut:0.3145 | Cross:0.5857
Adaptive Penalty | beta1:2.25 | beta2:2.31 | k:8
Before optimization overall scores           : ndcg@10=0.4508 f1@10=0.1578
Before optimization group 1 (active) scores  : ndcg@10=0.5729 f1@10=0.2429
Before optimization group 2 (inactive) scores: ndcg@10=0.4430 f1@10=0.1525
Before optimization UGF (f1@10): 0.0905
Epsilon: 0.0452
Early stop at generation 12: first feasible solution found
CPU time: 2.91 seconds
After optimization overall metric scores     : ndcg@10=0.4404 f1@10=0.1480
After optimization group 1 (active) scores   : ndcg@10=0.5113 f1@10=0.1910
After optimization group 2 (inactive) scores : ndcg@10=0.4354 f1@10=0.1449
After optimization UGF: 0.0435
UGF reduction: 0.0469 (51.9%)
Constraint satisfied: True
GA Optimizer | Model:biasedMF | Dataset:dataset\5Grocery-rand | Group:max_0.05 | K=10 | Fairness_metric=f1
GA Parameters | Pop:10 | Gen:1000 | Mut:0.3145 | Cross:0.5857
Adaptive Penalty | beta1:2.25 | beta2:2.31 | k:8
Before optimization overall scores           : ndcg@10=0.4508 f1@10=0.1578
Before optimization group 1 (active) scores  : ndcg@10=0.5729 f1@10=0.2429
Before optimization group 2 (inactive) scores: ndcg@10=0.4430 f1@10=0.1525
Before optimization UGF (f1@10): 0.0905
Epsilon: 0.0452
Early stop at generation 12: first feasible solution found
CPU time: 2.96 seconds
After optimization overall metric scores     : ndcg@10=0.4395 f1@10=0.1484
After optimization group 1 (active) scores   : ndcg@10=0.5010 f1@10=0.1928
After optimization group 2 (inactive) scores : ndcg@10=0.4364 f1@10=0.1462
After optimization UGF: 0.0446
UGF reduction: 0.0459 (50.7%)
Constraint satisfied: True
GA Optimizer | Model:biasedMF | Dataset:dataset\5Grocery-rand | Group:max_0.05 | K=10 | Fairness_metric=f1
GA Parameters | Pop:10 | Gen:1000 | Mut:0.3145 | Cross:0.5857
Adaptive Penalty | beta1:2.25 | beta2:2.31 | k:8
Before optimization overall scores           : ndcg@10=0.4508 f1@10=0.1578
Before optimization group 1 (active) scores  : ndcg@10=0.5729 f1@10=0.2429
Before optimization group 2 (inactive) scores: ndcg@10=0.4430 f1@10=0.1525
Before optimization UGF (f1@10): 0.0905
Epsilon: 0.0452
Early stop at generation 13: first feasible solution found
CPU time: 3.15 seconds
After optimization overall metric scores     : ndcg@10=0.4382 f1@10=0.1464
After optimization group 1 (active) scores   : ndcg@10=0.5008 f1@10=0.1890
After optimization group 2 (inactive) scores : ndcg@10=0.4342 f1@10=0.1435
After optimization UGF: 0.0425
UGF reduction: 0.0479 (53.0%)
Constraint satisfied: True
GA Optimizer | Model:biasedMF | Dataset:dataset\5Grocery-rand | Group:max_0.05 | K=10 | Fairness_metric=f1
GA Parameters | Pop:10 | Gen:1000 | Mut:0.3145 | Cross:0.5857
Adaptive Penalty | beta1:2.25 | beta2:2.31 | k:8
Before optimization overall scores           : ndcg@10=0.4508 f1@10=0.1578
Before optimization group 1 (active) scores  : ndcg@10=0.5729 f1@10=0.2429
Before optimization group 2 (inactive) scores: ndcg@10=0.4430 f1@10=0.1525
Before optimization UGF (f1@10): 0.0905
Epsilon: 0.0452
Early stop at generation 12: first feasible solution found
CPU time: 2.93 seconds
After optimization overall metric scores     : ndcg@10=0.4409 f1@10=0.1488
After optimization group 1 (active) scores   : ndcg@10=0.4938 f1@10=0.1911
After optimization group 2 (inactive) scores : ndcg@10=0.4372 f1@10=0.1459
After optimization UGF: 0.0399
UGF reduction: 0.0506 (55.9%)
Constraint satisfied: True
GA Optimizer | Model:biasedMF | Dataset:dataset\5Grocery-rand | Group:max_0.05 | K=10 | Fairness_metric=f1
GA Parameters | Pop:10 | Gen:1000 | Mut:0.3145 | Cross:0.5857
Adaptive Penalty | beta1:2.25 | beta2:2.31 | k:8
Before optimization overall scores           : ndcg@10=0.4508 f1@10=0.1578
Before optimization group 1 (active) scores  : ndcg@10=0.5729 f1@10=0.2429
Before optimization group 2 (inactive) scores: ndcg@10=0.4430 f1@10=0.1525
Before optimization UGF (f1@10): 0.0905
Epsilon: 0.0452
Early stop at generation 12: first feasible solution found
CPU time: 2.93 seconds
After optimization overall metric scores     : ndcg@10=0.4399 f1@10=0.1484
After optimization group 1 (active) scores   : ndcg@10=0.4976 f1@10=0.1914
After optimization group 2 (inactive) scores : ndcg@10=0.4351 f1@10=0.1447
After optimization UGF: 0.0419
UGF reduction: 0.0485 (53.7%)
Constraint satisfied: True
GA Optimizer | Model:biasedMF | Dataset:dataset\5Grocery-rand | Group:max_0.05 | K=10 | Fairness_metric=f1
GA Parameters | Pop:10 | Gen:1000 | Mut:0.3145 | Cross:0.5857
Adaptive Penalty | beta1:2.25 | beta2:2.31 | k:8
Before optimization overall scores           : ndcg@10=0.4508 f1@10=0.1578
Before optimization group 1 (active) scores  : ndcg@10=0.5729 f1@10=0.2429
Before optimization group 2 (inactive) scores: ndcg@10=0.4430 f1@10=0.1525
Before optimization UGF (f1@10): 0.0905
Epsilon: 0.0452
Early stop at generation 12: first feasible solution found
CPU time: 2.91 seconds
After optimization overall metric scores     : ndcg@10=0.4400 f1@10=0.1487
After optimization group 1 (active) scores   : ndcg@10=0.5065 f1@10=0.1931
After optimization group 2 (inactive) scores : ndcg@10=0.4357 f1@10=0.1460
After optimization UGF: 0.0426
UGF reduction: 0.0479 (53.0%)
Constraint satisfied: True
GA Optimizer | Model:biasedMF | Dataset:dataset\5Grocery-rand | Group:max_0.05 | K=10 | Fairness_metric=f1
GA Parameters | Pop:10 | Gen:1000 | Mut:0.3145 | Cross:0.5857
Adaptive Penalty | beta1:2.25 | beta2:2.31 | k:8
Before optimization overall scores           : ndcg@10=0.4508 f1@10=0.1578
Before optimization group 1 (active) scores  : ndcg@10=0.5729 f1@10=0.2429
Before optimization group 2 (inactive) scores: ndcg@10=0.4430 f1@10=0.1525
Before optimization UGF (f1@10): 0.0905
Epsilon: 0.0452
Early stop at generation 13: first feasible solution found
CPU time: 3.12 seconds
After optimization overall metric scores     : ndcg@10=0.4395 f1@10=0.1471
After optimization group 1 (active) scores   : ndcg@10=0.5174 f1@10=0.1904
After optimization group 2 (inactive) scores : ndcg@10=0.4351 f1@10=0.1451
After optimization UGF: 0.0425
UGF reduction: 0.0480 (53.1%)
Constraint satisfied: True
GA Optimizer | Model:biasedMF | Dataset:dataset\5Grocery-rand | Group:max_0.05 | K=10 | Fairness_metric=f1
GA Parameters | Pop:10 | Gen:1000 | Mut:0.3145 | Cross:0.5857
Adaptive Penalty | beta1:2.25 | beta2:2.31 | k:8
Before optimization overall scores           : ndcg@10=0.4508 f1@10=0.1578
Before optimization group 1 (active) scores  : ndcg@10=0.5729 f1@10=0.2429
Before optimization group 2 (inactive) scores: ndcg@10=0.4430 f1@10=0.1525
Before optimization UGF (f1@10): 0.0905
Epsilon: 0.0452
Early stop at generation 12: first feasible solution found
CPU time: 2.93 seconds
After optimization overall metric scores     : ndcg@10=0.4388 f1@10=0.1473
After optimization group 1 (active) scores   : ndcg@10=0.5107 f1@10=0.1896
After optimization group 2 (inactive) scores : ndcg@10=0.4343 f1@10=0.1447
After optimization UGF: 0.0425
UGF reduction: 0.0480 (53.0%)
Constraint satisfied: True
GA Optimizer | Model:biasedMF | Dataset:dataset\5Grocery-rand | Group:max_0.05 | K=10 | Fairness_metric=f1
GA Parameters | Pop:10 | Gen:1000 | Mut:0.3145 | Cross:0.5857
Adaptive Penalty | beta1:2.25 | beta2:2.31 | k:8
Before optimization overall scores           : ndcg@10=0.4508 f1@10=0.1578
Before optimization group 1 (active) scores  : ndcg@10=0.5729 f1@10=0.2429
Before optimization group 2 (inactive) scores: ndcg@10=0.4430 f1@10=0.1525
Before optimization UGF (f1@10): 0.0905
Epsilon: 0.0452
Early stop at generation 12: first feasible solution found
CPU time: 2.90 seconds
After optimization overall metric scores     : ndcg@10=0.4402 f1@10=0.1488
After optimization group 1 (active) scores   : ndcg@10=0.5114 f1@10=0.1922
After optimization group 2 (inactive) scores : ndcg@10=0.4353 f1@10=0.1455
After optimization UGF: 0.0410
UGF reduction: 0.0495 (54.7%)
Constraint satisfied: True
GA Optimizer | Model:biasedMF | Dataset:dataset\5Grocery-rand | Group:max_0.05 | K=10 | Fairness_metric=f1
GA Parameters | Pop:10 | Gen:1000 | Mut:0.3145 | Cross:0.5857
Adaptive Penalty | beta1:2.25 | beta2:2.31 | k:8
Before optimization overall scores           : ndcg@10=0.4508 f1@10=0.1578
Before optimization group 1 (active) scores  : ndcg@10=0.5729 f1@10=0.2429
Before optimization group 2 (inactive) scores: ndcg@10=0.4430 f1@10=0.1525
Before optimization UGF (f1@10): 0.0905
Epsilon: 0.0452
Early stop at generation 13: first feasible solution found
CPU time: 3.13 seconds
After optimization overall metric scores     : ndcg@10=0.4379 f1@10=0.1471
After optimization group 1 (active) scores   : ndcg@10=0.5006 f1@10=0.1877
After optimization group 2 (inactive) scores : ndcg@10=0.4339 f1@10=0.1443
After optimization UGF: 0.0386
UGF reduction: 0.0519 (57.3%)
Constraint satisfied: True
GA Optimizer | Model:biasedMF | Dataset:dataset\5Grocery-rand | Group:max_0.05 | K=10 | Fairness_metric=f1
GA Parameters | Pop:10 | Gen:1000 | Mut:0.3145 | Cross:0.5857
Adaptive Penalty | beta1:2.25 | beta2:2.31 | k:8
Before optimization overall scores           : ndcg@10=0.4508 f1@10=0.1578
Before optimization group 1 (active) scores  : ndcg@10=0.5729 f1@10=0.2429
Before optimization group 2 (inactive) scores: ndcg@10=0.4430 f1@10=0.1525
Before optimization UGF (f1@10): 0.0905
Epsilon: 0.0452
Early stop at generation 12: first feasible solution found
CPU time: 2.91 seconds
After optimization overall metric scores     : ndcg@10=0.4405 f1@10=0.1494
After optimization group 1 (active) scores   : ndcg@10=0.4981 f1@10=0.1929
After optimization group 2 (inactive) scores : ndcg@10=0.4362 f1@10=0.1464
After optimization UGF: 0.0412
UGF reduction: 0.0493 (54.5%)
Constraint satisfied: True
GA Optimizer | Model:biasedMF | Dataset:dataset\5Grocery-rand | Group:max_0.05 | K=10 | Fairness_metric=f1
GA Parameters | Pop:10 | Gen:1000 | Mut:0.3145 | Cross:0.5857
Adaptive Penalty | beta1:2.25 | beta2:2.31 | k:8
Before optimization overall scores           : ndcg@10=0.4508 f1@10=0.1578
Before optimization group 1 (active) scores  : ndcg@10=0.5729 f1@10=0.2429
Before optimization group 2 (inactive) scores: ndcg@10=0.4430 f1@10=0.1525
Before optimization UGF (f1@10): 0.0905
Epsilon: 0.0452
Early stop at generation 13: first feasible solution found
CPU time: 3.13 seconds
After optimization overall metric scores     : ndcg@10=0.4390 f1@10=0.1473
After optimization group 1 (active) scores   : ndcg@10=0.5074 f1@10=0.1926
After optimization group 2 (inactive) scores : ndcg@10=0.4340 f1@10=0.1438
After optimization UGF: 0.0398
UGF reduction: 0.0506 (56.0%)
Constraint satisfied: True
