GA Optimizer | Model:NCF | Dataset:dataset\5Health-rand | Group:max_0.05 | K=10 | Fairness_metric=f1
GA Parameters | Pop:10 | Gen:1000 | Mut:0.3145 | Cross:0.5857
Adaptive Penalty | beta1:2.25 | beta2:2.31 | k:8
Before optimization overall scores           : ndcg@10=0.3355 f1@10=0.1220
Before optimization group 1 (active) scores  : ndcg@10=0.4651 f1@10=0.2112
Before optimization group 2 (inactive) scores: ndcg@10=0.3274 f1@10=0.1165
Before optimization UGF (f1@10): 0.0948 (9.48%) | UGF (ndcg@10): 0.1377 (13.77%)
Epsilon: 0.0474
Early stop at generation 14: first feasible solution found
CPU time: 8.77 seconds
After optimization overall metric scores     : ndcg@10=0.3212 f1@10=0.1105
After optimization group 1 (active) scores   : ndcg@10=0.4016 f1@10=0.1545
After optimization group 2 (inactive) scores : ndcg@10=0.3162 f1@10=0.1078
After optimization UGF (f1@10): 0.0467 (4.67%) | UGF (ndcg@10): 0.0854 (8.54%)
UGF reduction: 0.0480 (50.7%)
Constraint satisfied: True
GA Optimizer | Model:NCF | Dataset:dataset\5Health-rand | Group:max_0.05 | K=10 | Fairness_metric=f1
GA Parameters | Pop:10 | Gen:1000 | Mut:0.3145 | Cross:0.5857
Adaptive Penalty | beta1:2.25 | beta2:2.31 | k:8
Before optimization overall scores           : ndcg@10=0.3355 f1@10=0.1220
Before optimization group 1 (active) scores  : ndcg@10=0.4651 f1@10=0.2112
Before optimization group 2 (inactive) scores: ndcg@10=0.3274 f1@10=0.1165
Before optimization UGF (f1@10): 0.0948 (9.48%) | UGF (ndcg@10): 0.1377 (13.77%)
Epsilon: 0.0474
Early stop at generation 14: first feasible solution found
CPU time: 8.62 seconds
After optimization overall metric scores     : ndcg@10=0.3228 f1@10=0.1110
After optimization group 1 (active) scores   : ndcg@10=0.3942 f1@10=0.1529
After optimization group 2 (inactive) scores : ndcg@10=0.3184 f1@10=0.1084
After optimization UGF (f1@10): 0.0445 (4.45%) | UGF (ndcg@10): 0.0758 (7.58%)
UGF reduction: 0.0503 (53.1%)
Constraint satisfied: True
GA Optimizer | Model:NCF | Dataset:dataset\5Health-rand | Group:max_0.05 | K=10 | Fairness_metric=f1
GA Parameters | Pop:10 | Gen:1000 | Mut:0.3145 | Cross:0.5857
Adaptive Penalty | beta1:2.25 | beta2:2.31 | k:8
Before optimization overall scores           : ndcg@10=0.3355 f1@10=0.1220
Before optimization group 1 (active) scores  : ndcg@10=0.4651 f1@10=0.2112
Before optimization group 2 (inactive) scores: ndcg@10=0.3274 f1@10=0.1165
Before optimization UGF (f1@10): 0.0948 (9.48%) | UGF (ndcg@10): 0.1377 (13.77%)
Epsilon: 0.0474
Early stop at generation 14: first feasible solution found
CPU time: 8.74 seconds
After optimization overall metric scores     : ndcg@10=0.3233 f1@10=0.1115
After optimization group 1 (active) scores   : ndcg@10=0.4010 f1@10=0.1541
After optimization group 2 (inactive) scores : ndcg@10=0.3185 f1@10=0.1088
After optimization UGF (f1@10): 0.0453 (4.53%) | UGF (ndcg@10): 0.0825 (8.25%)
UGF reduction: 0.0494 (52.2%)
Constraint satisfied: True
GA Optimizer | Model:NCF | Dataset:dataset\5Health-rand | Group:max_0.05 | K=10 | Fairness_metric=f1
GA Parameters | Pop:10 | Gen:1000 | Mut:0.3145 | Cross:0.5857
Adaptive Penalty | beta1:2.25 | beta2:2.31 | k:8
Before optimization overall scores           : ndcg@10=0.3355 f1@10=0.1220
Before optimization group 1 (active) scores  : ndcg@10=0.4651 f1@10=0.2112
Before optimization group 2 (inactive) scores: ndcg@10=0.3274 f1@10=0.1165
Before optimization UGF (f1@10): 0.0948 (9.48%) | UGF (ndcg@10): 0.1377 (13.77%)
Epsilon: 0.0474
Early stop at generation 14: first feasible solution found
CPU time: 8.67 seconds
After optimization overall metric scores     : ndcg@10=0.3233 f1@10=0.1113
After optimization group 1 (active) scores   : ndcg@10=0.3950 f1@10=0.1529
After optimization group 2 (inactive) scores : ndcg@10=0.3188 f1@10=0.1087
After optimization UGF (f1@10): 0.0441 (4.41%) | UGF (ndcg@10): 0.0762 (7.62%)
UGF reduction: 0.0506 (53.4%)
Constraint satisfied: True
GA Optimizer | Model:NCF | Dataset:dataset\5Health-rand | Group:max_0.05 | K=10 | Fairness_metric=f1
GA Parameters | Pop:10 | Gen:1000 | Mut:0.3145 | Cross:0.5857
Adaptive Penalty | beta1:2.25 | beta2:2.31 | k:8
Before optimization overall scores           : ndcg@10=0.3355 f1@10=0.1220
Before optimization group 1 (active) scores  : ndcg@10=0.4651 f1@10=0.2112
Before optimization group 2 (inactive) scores: ndcg@10=0.3274 f1@10=0.1165
Before optimization UGF (f1@10): 0.0948 (9.48%) | UGF (ndcg@10): 0.1377 (13.77%)
Epsilon: 0.0474
Early stop at generation 14: first feasible solution found
CPU time: 8.66 seconds
After optimization overall metric scores     : ndcg@10=0.3224 f1@10=0.1109
After optimization group 1 (active) scores   : ndcg@10=0.3973 f1@10=0.1528
After optimization group 2 (inactive) scores : ndcg@10=0.3178 f1@10=0.1083
After optimization UGF (f1@10): 0.0445 (4.45%) | UGF (ndcg@10): 0.0795 (7.95%)
UGF reduction: 0.0503 (53.0%)
Constraint satisfied: True
GA Optimizer | Model:NCF | Dataset:dataset\5Health-rand | Group:max_0.05 | K=10 | Fairness_metric=f1
GA Parameters | Pop:10 | Gen:1000 | Mut:0.3145 | Cross:0.5857
Adaptive Penalty | beta1:2.25 | beta2:2.31 | k:8
Before optimization overall scores           : ndcg@10=0.3355 f1@10=0.1220
Before optimization group 1 (active) scores  : ndcg@10=0.4651 f1@10=0.2112
Before optimization group 2 (inactive) scores: ndcg@10=0.3274 f1@10=0.1165
Before optimization UGF (f1@10): 0.0948 (9.48%) | UGF (ndcg@10): 0.1377 (13.77%)
Epsilon: 0.0474
Early stop at generation 15: first feasible solution found
CPU time: 9.23 seconds
After optimization overall metric scores     : ndcg@10=0.3230 f1@10=0.1105
After optimization group 1 (active) scores   : ndcg@10=0.3970 f1@10=0.1525
After optimization group 2 (inactive) scores : ndcg@10=0.3184 f1@10=0.1079
After optimization UGF (f1@10): 0.0446 (4.46%) | UGF (ndcg@10): 0.0786 (7.86%)
UGF reduction: 0.0502 (52.9%)
Constraint satisfied: True
GA Optimizer | Model:NCF | Dataset:dataset\5Health-rand | Group:max_0.05 | K=10 | Fairness_metric=f1
GA Parameters | Pop:10 | Gen:1000 | Mut:0.3145 | Cross:0.5857
Adaptive Penalty | beta1:2.25 | beta2:2.31 | k:8
Before optimization overall scores           : ndcg@10=0.3355 f1@10=0.1220
Before optimization group 1 (active) scores  : ndcg@10=0.4651 f1@10=0.2112
Before optimization group 2 (inactive) scores: ndcg@10=0.3274 f1@10=0.1165
Before optimization UGF (f1@10): 0.0948 (9.48%) | UGF (ndcg@10): 0.1377 (13.77%)
Epsilon: 0.0474
Early stop at generation 14: first feasible solution found
CPU time: 8.65 seconds
After optimization overall metric scores     : ndcg@10=0.3220 f1@10=0.1109
After optimization group 1 (active) scores   : ndcg@10=0.3963 f1@10=0.1547
After optimization group 2 (inactive) scores : ndcg@10=0.3174 f1@10=0.1081
After optimization UGF (f1@10): 0.0466 (4.66%) | UGF (ndcg@10): 0.0789 (7.89%)
UGF reduction: 0.0482 (50.8%)
Constraint satisfied: True
GA Optimizer | Model:NCF | Dataset:dataset\5Health-rand | Group:max_0.05 | K=10 | Fairness_metric=f1
GA Parameters | Pop:10 | Gen:1000 | Mut:0.3145 | Cross:0.5857
Adaptive Penalty | beta1:2.25 | beta2:2.31 | k:8
Before optimization overall scores           : ndcg@10=0.3355 f1@10=0.1220
Before optimization group 1 (active) scores  : ndcg@10=0.4651 f1@10=0.2112
Before optimization group 2 (inactive) scores: ndcg@10=0.3274 f1@10=0.1165
Before optimization UGF (f1@10): 0.0948 (9.48%) | UGF (ndcg@10): 0.1377 (13.77%)
Epsilon: 0.0474
Early stop at generation 14: first feasible solution found
CPU time: 8.66 seconds
After optimization overall metric scores     : ndcg@10=0.3243 f1@10=0.1114
After optimization group 1 (active) scores   : ndcg@10=0.3921 f1@10=0.1502
After optimization group 2 (inactive) scores : ndcg@10=0.3201 f1@10=0.1090
After optimization UGF (f1@10): 0.0412 (4.12%) | UGF (ndcg@10): 0.0719 (7.19%)
UGF reduction: 0.0536 (56.5%)
Constraint satisfied: True
GA Optimizer | Model:NCF | Dataset:dataset\5Health-rand | Group:max_0.05 | K=10 | Fairness_metric=f1
GA Parameters | Pop:10 | Gen:1000 | Mut:0.3145 | Cross:0.5857
Adaptive Penalty | beta1:2.25 | beta2:2.31 | k:8
Before optimization overall scores           : ndcg@10=0.3355 f1@10=0.1220
Before optimization group 1 (active) scores  : ndcg@10=0.4651 f1@10=0.2112
Before optimization group 2 (inactive) scores: ndcg@10=0.3274 f1@10=0.1165
Before optimization UGF (f1@10): 0.0948 (9.48%) | UGF (ndcg@10): 0.1377 (13.77%)
Epsilon: 0.0474
Early stop at generation 14: first feasible solution found
CPU time: 8.64 seconds
After optimization overall metric scores     : ndcg@10=0.3236 f1@10=0.1113
After optimization group 1 (active) scores   : ndcg@10=0.3998 f1@10=0.1554
After optimization group 2 (inactive) scores : ndcg@10=0.3188 f1@10=0.1086
After optimization UGF (f1@10): 0.0468 (4.68%) | UGF (ndcg@10): 0.0810 (8.10%)
UGF reduction: 0.0479 (50.6%)
Constraint satisfied: True
GA Optimizer | Model:NCF | Dataset:dataset\5Health-rand | Group:max_0.05 | K=10 | Fairness_metric=f1
GA Parameters | Pop:10 | Gen:1000 | Mut:0.3145 | Cross:0.5857
Adaptive Penalty | beta1:2.25 | beta2:2.31 | k:8
Before optimization overall scores           : ndcg@10=0.3355 f1@10=0.1220
Before optimization group 1 (active) scores  : ndcg@10=0.4651 f1@10=0.2112
Before optimization group 2 (inactive) scores: ndcg@10=0.3274 f1@10=0.1165
Before optimization UGF (f1@10): 0.0948 (9.48%) | UGF (ndcg@10): 0.1377 (13.77%)
Epsilon: 0.0474
Early stop at generation 14: first feasible solution found
CPU time: 8.63 seconds
After optimization overall metric scores     : ndcg@10=0.3234 f1@10=0.1114
After optimization group 1 (active) scores   : ndcg@10=0.3912 f1@10=0.1508
After optimization group 2 (inactive) scores : ndcg@10=0.3192 f1@10=0.1090
After optimization UGF (f1@10): 0.0418 (4.18%) | UGF (ndcg@10): 0.0719 (7.19%)
UGF reduction: 0.0530 (55.9%)
Constraint satisfied: True
GA Optimizer | Model:NCF | Dataset:dataset\5Health-rand | Group:max_0.05 | K=10 | Fairness_metric=f1
GA Parameters | Pop:10 | Gen:1000 | Mut:0.3145 | Cross:0.5857
Adaptive Penalty | beta1:2.25 | beta2:2.31 | k:8
Before optimization overall scores           : ndcg@10=0.3355 f1@10=0.1220
Before optimization group 1 (active) scores  : ndcg@10=0.4651 f1@10=0.2112
Before optimization group 2 (inactive) scores: ndcg@10=0.3274 f1@10=0.1165
Before optimization UGF (f1@10): 0.0948 (9.48%) | UGF (ndcg@10): 0.1377 (13.77%)
Epsilon: 0.0474
Early stop at generation 14: first feasible solution found
CPU time: 8.74 seconds
After optimization overall metric scores     : ndcg@10=0.3228 f1@10=0.1108
After optimization group 1 (active) scores   : ndcg@10=0.3983 f1@10=0.1524
After optimization group 2 (inactive) scores : ndcg@10=0.3181 f1@10=0.1082
After optimization UGF (f1@10): 0.0441 (4.41%) | UGF (ndcg@10): 0.0803 (8.03%)
UGF reduction: 0.0506 (53.4%)
Constraint satisfied: True
GA Optimizer | Model:NCF | Dataset:dataset\5Health-rand | Group:max_0.05 | K=10 | Fairness_metric=f1
GA Parameters | Pop:10 | Gen:1000 | Mut:0.3145 | Cross:0.5857
Adaptive Penalty | beta1:2.25 | beta2:2.31 | k:8
Before optimization overall scores           : ndcg@10=0.3355 f1@10=0.1220
Before optimization group 1 (active) scores  : ndcg@10=0.4651 f1@10=0.2112
Before optimization group 2 (inactive) scores: ndcg@10=0.3274 f1@10=0.1165
Before optimization UGF (f1@10): 0.0948 (9.48%) | UGF (ndcg@10): 0.1377 (13.77%)
Epsilon: 0.0474
Early stop at generation 14: first feasible solution found
CPU time: 8.65 seconds
After optimization overall metric scores     : ndcg@10=0.3215 f1@10=0.1104
After optimization group 1 (active) scores   : ndcg@10=0.3875 f1@10=0.1501
After optimization group 2 (inactive) scores : ndcg@10=0.3174 f1@10=0.1080
After optimization UGF (f1@10): 0.0422 (4.22%) | UGF (ndcg@10): 0.0701 (7.01%)
UGF reduction: 0.0526 (55.5%)
Constraint satisfied: True
GA Optimizer | Model:NCF | Dataset:dataset\5Health-rand | Group:max_0.05 | K=10 | Fairness_metric=f1
GA Parameters | Pop:10 | Gen:1000 | Mut:0.3145 | Cross:0.5857
Adaptive Penalty | beta1:2.25 | beta2:2.31 | k:8
Before optimization overall scores           : ndcg@10=0.3355 f1@10=0.1220
Before optimization group 1 (active) scores  : ndcg@10=0.4651 f1@10=0.2112
Before optimization group 2 (inactive) scores: ndcg@10=0.3274 f1@10=0.1165
Before optimization UGF (f1@10): 0.0948 (9.48%) | UGF (ndcg@10): 0.1377 (13.77%)
Epsilon: 0.0474
Early stop at generation 14: first feasible solution found
CPU time: 8.68 seconds
After optimization overall metric scores     : ndcg@10=0.3223 f1@10=0.1109
After optimization group 1 (active) scores   : ndcg@10=0.3913 f1@10=0.1512
After optimization group 2 (inactive) scores : ndcg@10=0.3180 f1@10=0.1084
After optimization UGF (f1@10): 0.0428 (4.28%) | UGF (ndcg@10): 0.0732 (7.32%)
UGF reduction: 0.0520 (54.8%)
Constraint satisfied: True
GA Optimizer | Model:NCF | Dataset:dataset\5Health-rand | Group:max_0.05 | K=10 | Fairness_metric=f1
GA Parameters | Pop:10 | Gen:1000 | Mut:0.3145 | Cross:0.5857
Adaptive Penalty | beta1:2.25 | beta2:2.31 | k:8
Before optimization overall scores           : ndcg@10=0.3355 f1@10=0.1220
Before optimization group 1 (active) scores  : ndcg@10=0.4651 f1@10=0.2112
Before optimization group 2 (inactive) scores: ndcg@10=0.3274 f1@10=0.1165
Before optimization UGF (f1@10): 0.0948 (9.48%) | UGF (ndcg@10): 0.1377 (13.77%)
Epsilon: 0.0474
Early stop at generation 14: first feasible solution found
CPU time: 8.62 seconds
After optimization overall metric scores     : ndcg@10=0.3231 f1@10=0.1118
After optimization group 1 (active) scores   : ndcg@10=0.3974 f1@10=0.1545
After optimization group 2 (inactive) scores : ndcg@10=0.3185 f1@10=0.1091
After optimization UGF (f1@10): 0.0454 (4.54%) | UGF (ndcg@10): 0.0789 (7.89%)
UGF reduction: 0.0494 (52.1%)
Constraint satisfied: True
GA Optimizer | Model:NCF | Dataset:dataset\5Health-rand | Group:max_0.05 | K=10 | Fairness_metric=f1
GA Parameters | Pop:10 | Gen:1000 | Mut:0.3145 | Cross:0.5857
Adaptive Penalty | beta1:2.25 | beta2:2.31 | k:8
Before optimization overall scores           : ndcg@10=0.3355 f1@10=0.1220
Before optimization group 1 (active) scores  : ndcg@10=0.4651 f1@10=0.2112
Before optimization group 2 (inactive) scores: ndcg@10=0.3274 f1@10=0.1165
Before optimization UGF (f1@10): 0.0948 (9.48%) | UGF (ndcg@10): 0.1377 (13.77%)
Epsilon: 0.0474
Early stop at generation 14: first feasible solution found
CPU time: 8.68 seconds
After optimization overall metric scores     : ndcg@10=0.3237 f1@10=0.1115
After optimization group 1 (active) scores   : ndcg@10=0.3933 f1@10=0.1542
After optimization group 2 (inactive) scores : ndcg@10=0.3194 f1@10=0.1089
After optimization UGF (f1@10): 0.0453 (4.53%) | UGF (ndcg@10): 0.0739 (7.39%)
UGF reduction: 0.0495 (52.2%)
Constraint satisfied: True
GA Optimizer | Model:NCF | Dataset:dataset\5Health-rand | Group:max_0.05 | K=10 | Fairness_metric=f1
GA Parameters | Pop:10 | Gen:1000 | Mut:0.3145 | Cross:0.5857
Adaptive Penalty | beta1:2.25 | beta2:2.31 | k:8
Before optimization overall scores           : ndcg@10=0.3355 f1@10=0.1220
Before optimization group 1 (active) scores  : ndcg@10=0.4651 f1@10=0.2112
Before optimization group 2 (inactive) scores: ndcg@10=0.3274 f1@10=0.1165
Before optimization UGF (f1@10): 0.0948 (9.48%) | UGF (ndcg@10): 0.1377 (13.77%)
Epsilon: 0.0474
Early stop at generation 14: first feasible solution found
CPU time: 8.77 seconds
After optimization overall metric scores     : ndcg@10=0.3236 f1@10=0.1108
After optimization group 1 (active) scores   : ndcg@10=0.4046 f1@10=0.1532
After optimization group 2 (inactive) scores : ndcg@10=0.3185 f1@10=0.1081
After optimization UGF (f1@10): 0.0451 (4.51%) | UGF (ndcg@10): 0.0861 (8.61%)
UGF reduction: 0.0496 (52.4%)
Constraint satisfied: True
GA Optimizer | Model:NCF | Dataset:dataset\5Health-rand | Group:max_0.05 | K=10 | Fairness_metric=f1
GA Parameters | Pop:10 | Gen:1000 | Mut:0.3145 | Cross:0.5857
Adaptive Penalty | beta1:2.25 | beta2:2.31 | k:8
Before optimization overall scores           : ndcg@10=0.3355 f1@10=0.1220
Before optimization group 1 (active) scores  : ndcg@10=0.4651 f1@10=0.2112
Before optimization group 2 (inactive) scores: ndcg@10=0.3274 f1@10=0.1165
Before optimization UGF (f1@10): 0.0948 (9.48%) | UGF (ndcg@10): 0.1377 (13.77%)
Epsilon: 0.0474
Early stop at generation 14: first feasible solution found
CPU time: 8.64 seconds
After optimization overall metric scores     : ndcg@10=0.3241 f1@10=0.1115
After optimization group 1 (active) scores   : ndcg@10=0.4075 f1@10=0.1555
After optimization group 2 (inactive) scores : ndcg@10=0.3189 f1@10=0.1087
After optimization UGF (f1@10): 0.0467 (4.67%) | UGF (ndcg@10): 0.0887 (8.87%)
UGF reduction: 0.0480 (50.7%)
Constraint satisfied: True
GA Optimizer | Model:NCF | Dataset:dataset\5Health-rand | Group:max_0.05 | K=10 | Fairness_metric=f1
GA Parameters | Pop:10 | Gen:1000 | Mut:0.3145 | Cross:0.5857
Adaptive Penalty | beta1:2.25 | beta2:2.31 | k:8
Before optimization overall scores           : ndcg@10=0.3355 f1@10=0.1220
Before optimization group 1 (active) scores  : ndcg@10=0.4651 f1@10=0.2112
Before optimization group 2 (inactive) scores: ndcg@10=0.3274 f1@10=0.1165
Before optimization UGF (f1@10): 0.0948 (9.48%) | UGF (ndcg@10): 0.1377 (13.77%)
Epsilon: 0.0474
Early stop at generation 14: first feasible solution found
CPU time: 8.63 seconds
After optimization overall metric scores     : ndcg@10=0.3233 f1@10=0.1110
After optimization group 1 (active) scores   : ndcg@10=0.4029 f1@10=0.1543
After optimization group 2 (inactive) scores : ndcg@10=0.3184 f1@10=0.1083
After optimization UGF (f1@10): 0.0460 (4.60%) | UGF (ndcg@10): 0.0846 (8.46%)
UGF reduction: 0.0487 (51.4%)
Constraint satisfied: True
GA Optimizer | Model:NCF | Dataset:dataset\5Health-rand | Group:max_0.05 | K=10 | Fairness_metric=f1
GA Parameters | Pop:10 | Gen:1000 | Mut:0.3145 | Cross:0.5857
Adaptive Penalty | beta1:2.25 | beta2:2.31 | k:8
Before optimization overall scores           : ndcg@10=0.3355 f1@10=0.1220
Before optimization group 1 (active) scores  : ndcg@10=0.4651 f1@10=0.2112
Before optimization group 2 (inactive) scores: ndcg@10=0.3274 f1@10=0.1165
Before optimization UGF (f1@10): 0.0948 (9.48%) | UGF (ndcg@10): 0.1377 (13.77%)
Epsilon: 0.0474
Early stop at generation 14: first feasible solution found
CPU time: 8.64 seconds
After optimization overall metric scores     : ndcg@10=0.3239 f1@10=0.1115
After optimization group 1 (active) scores   : ndcg@10=0.4012 f1@10=0.1529
After optimization group 2 (inactive) scores : ndcg@10=0.3191 f1@10=0.1089
After optimization UGF (f1@10): 0.0440 (4.40%) | UGF (ndcg@10): 0.0821 (8.21%)
UGF reduction: 0.0508 (53.6%)
Constraint satisfied: True
GA Optimizer | Model:NCF | Dataset:dataset\5Health-rand | Group:max_0.05 | K=10 | Fairness_metric=f1
GA Parameters | Pop:10 | Gen:1000 | Mut:0.3145 | Cross:0.5857
Adaptive Penalty | beta1:2.25 | beta2:2.31 | k:8
Before optimization overall scores           : ndcg@10=0.3355 f1@10=0.1220
Before optimization group 1 (active) scores  : ndcg@10=0.4651 f1@10=0.2112
Before optimization group 2 (inactive) scores: ndcg@10=0.3274 f1@10=0.1165
Before optimization UGF (f1@10): 0.0948 (9.48%) | UGF (ndcg@10): 0.1377 (13.77%)
Epsilon: 0.0474
Early stop at generation 14: first feasible solution found
CPU time: 8.68 seconds
After optimization overall metric scores     : ndcg@10=0.3238 f1@10=0.1121
After optimization group 1 (active) scores   : ndcg@10=0.3996 f1@10=0.1564
After optimization group 2 (inactive) scores : ndcg@10=0.3191 f1@10=0.1094
After optimization UGF (f1@10): 0.0470 (4.70%) | UGF (ndcg@10): 0.0805 (8.05%)
UGF reduction: 0.0478 (50.4%)
Constraint satisfied: True
GA Optimizer | Model:NCF | Dataset:dataset\5Health-rand | Group:max_0.05 | K=10 | Fairness_metric=f1
GA Parameters | Pop:10 | Gen:1000 | Mut:0.3145 | Cross:0.5857
Adaptive Penalty | beta1:2.25 | beta2:2.31 | k:8
Before optimization overall scores           : ndcg@10=0.3355 f1@10=0.1220
Before optimization group 1 (active) scores  : ndcg@10=0.4651 f1@10=0.2112
Before optimization group 2 (inactive) scores: ndcg@10=0.3274 f1@10=0.1165
Before optimization UGF (f1@10): 0.0948 (9.48%) | UGF (ndcg@10): 0.1377 (13.77%)
Epsilon: 0.0474
Early stop at generation 14: first feasible solution found
CPU time: 8.67 seconds
After optimization overall metric scores     : ndcg@10=0.3226 f1@10=0.1110
After optimization group 1 (active) scores   : ndcg@10=0.4028 f1@10=0.1546
After optimization group 2 (inactive) scores : ndcg@10=0.3177 f1@10=0.1082
After optimization UGF (f1@10): 0.0464 (4.64%) | UGF (ndcg@10): 0.0852 (8.52%)
UGF reduction: 0.0484 (51.1%)
Constraint satisfied: True
GA Optimizer | Model:NCF | Dataset:dataset\5Health-rand | Group:max_0.05 | K=10 | Fairness_metric=f1
GA Parameters | Pop:10 | Gen:1000 | Mut:0.3145 | Cross:0.5857
Adaptive Penalty | beta1:2.25 | beta2:2.31 | k:8
Before optimization overall scores           : ndcg@10=0.3355 f1@10=0.1220
Before optimization group 1 (active) scores  : ndcg@10=0.4651 f1@10=0.2112
Before optimization group 2 (inactive) scores: ndcg@10=0.3274 f1@10=0.1165
Before optimization UGF (f1@10): 0.0948 (9.48%) | UGF (ndcg@10): 0.1377 (13.77%)
Epsilon: 0.0474
Early stop at generation 14: first feasible solution found
CPU time: 8.64 seconds
After optimization overall metric scores     : ndcg@10=0.3229 f1@10=0.1114
After optimization group 1 (active) scores   : ndcg@10=0.3889 f1@10=0.1514
After optimization group 2 (inactive) scores : ndcg@10=0.3188 f1@10=0.1090
After optimization UGF (f1@10): 0.0424 (4.24%) | UGF (ndcg@10): 0.0701 (7.01%)
UGF reduction: 0.0523 (55.2%)
Constraint satisfied: True
GA Optimizer | Model:NCF | Dataset:dataset\5Health-rand | Group:max_0.05 | K=10 | Fairness_metric=f1
GA Parameters | Pop:10 | Gen:1000 | Mut:0.3145 | Cross:0.5857
Adaptive Penalty | beta1:2.25 | beta2:2.31 | k:8
Before optimization overall scores           : ndcg@10=0.3355 f1@10=0.1220
Before optimization group 1 (active) scores  : ndcg@10=0.4651 f1@10=0.2112
Before optimization group 2 (inactive) scores: ndcg@10=0.3274 f1@10=0.1165
Before optimization UGF (f1@10): 0.0948 (9.48%) | UGF (ndcg@10): 0.1377 (13.77%)
Epsilon: 0.0474
Early stop at generation 15: first feasible solution found
CPU time: 9.18 seconds
After optimization overall metric scores     : ndcg@10=0.3239 f1@10=0.1116
After optimization group 1 (active) scores   : ndcg@10=0.3939 f1@10=0.1503
After optimization group 2 (inactive) scores : ndcg@10=0.3195 f1@10=0.1091
After optimization UGF (f1@10): 0.0411 (4.11%) | UGF (ndcg@10): 0.0744 (7.44%)
UGF reduction: 0.0536 (56.6%)
Constraint satisfied: True
GA Optimizer | Model:NCF | Dataset:dataset\5Health-rand | Group:max_0.05 | K=10 | Fairness_metric=f1
GA Parameters | Pop:10 | Gen:1000 | Mut:0.3145 | Cross:0.5857
Adaptive Penalty | beta1:2.25 | beta2:2.31 | k:8
Before optimization overall scores           : ndcg@10=0.3355 f1@10=0.1220
Before optimization group 1 (active) scores  : ndcg@10=0.4651 f1@10=0.2112
Before optimization group 2 (inactive) scores: ndcg@10=0.3274 f1@10=0.1165
Before optimization UGF (f1@10): 0.0948 (9.48%) | UGF (ndcg@10): 0.1377 (13.77%)
Epsilon: 0.0474
Early stop at generation 14: first feasible solution found
CPU time: 8.67 seconds
After optimization overall metric scores     : ndcg@10=0.3216 f1@10=0.1108
After optimization group 1 (active) scores   : ndcg@10=0.3887 f1@10=0.1516
After optimization group 2 (inactive) scores : ndcg@10=0.3174 f1@10=0.1082
After optimization UGF (f1@10): 0.0434 (4.34%) | UGF (ndcg@10): 0.0713 (7.13%)
UGF reduction: 0.0514 (54.2%)
Constraint satisfied: True
GA Optimizer | Model:NCF | Dataset:dataset\5Health-rand | Group:max_0.05 | K=10 | Fairness_metric=f1
GA Parameters | Pop:10 | Gen:1000 | Mut:0.3145 | Cross:0.5857
Adaptive Penalty | beta1:2.25 | beta2:2.31 | k:8
Before optimization overall scores           : ndcg@10=0.3355 f1@10=0.1220
Before optimization group 1 (active) scores  : ndcg@10=0.4651 f1@10=0.2112
Before optimization group 2 (inactive) scores: ndcg@10=0.3274 f1@10=0.1165
Before optimization UGF (f1@10): 0.0948 (9.48%) | UGF (ndcg@10): 0.1377 (13.77%)
Epsilon: 0.0474
Early stop at generation 14: first feasible solution found
CPU time: 8.71 seconds
After optimization overall metric scores     : ndcg@10=0.3249 f1@10=0.1113
After optimization group 1 (active) scores   : ndcg@10=0.4068 f1@10=0.1540
After optimization group 2 (inactive) scores : ndcg@10=0.3198 f1@10=0.1087
After optimization UGF (f1@10): 0.0453 (4.53%) | UGF (ndcg@10): 0.0870 (8.70%)
UGF reduction: 0.0495 (52.2%)
Constraint satisfied: True
GA Optimizer | Model:NCF | Dataset:dataset\5Health-rand | Group:max_0.05 | K=10 | Fairness_metric=f1
GA Parameters | Pop:10 | Gen:1000 | Mut:0.3145 | Cross:0.5857
Adaptive Penalty | beta1:2.25 | beta2:2.31 | k:8
Before optimization overall scores           : ndcg@10=0.3355 f1@10=0.1220
Before optimization group 1 (active) scores  : ndcg@10=0.4651 f1@10=0.2112
Before optimization group 2 (inactive) scores: ndcg@10=0.3274 f1@10=0.1165
Before optimization UGF (f1@10): 0.0948 (9.48%) | UGF (ndcg@10): 0.1377 (13.77%)
Epsilon: 0.0474
Early stop at generation 14: first feasible solution found
CPU time: 8.59 seconds
After optimization overall metric scores     : ndcg@10=0.3241 f1@10=0.1115
After optimization group 1 (active) scores   : ndcg@10=0.3865 f1@10=0.1502
After optimization group 2 (inactive) scores : ndcg@10=0.3202 f1@10=0.1091
After optimization UGF (f1@10): 0.0411 (4.11%) | UGF (ndcg@10): 0.0663 (6.63%)
UGF reduction: 0.0536 (56.6%)
Constraint satisfied: True
GA Optimizer | Model:NCF | Dataset:dataset\5Health-rand | Group:max_0.05 | K=10 | Fairness_metric=f1
GA Parameters | Pop:10 | Gen:1000 | Mut:0.3145 | Cross:0.5857
Adaptive Penalty | beta1:2.25 | beta2:2.31 | k:8
Before optimization overall scores           : ndcg@10=0.3355 f1@10=0.1220
Before optimization group 1 (active) scores  : ndcg@10=0.4651 f1@10=0.2112
Before optimization group 2 (inactive) scores: ndcg@10=0.3274 f1@10=0.1165
Before optimization UGF (f1@10): 0.0948 (9.48%) | UGF (ndcg@10): 0.1377 (13.77%)
Epsilon: 0.0474
Early stop at generation 14: first feasible solution found
CPU time: 8.63 seconds
After optimization overall metric scores     : ndcg@10=0.3234 f1@10=0.1114
After optimization group 1 (active) scores   : ndcg@10=0.3941 f1@10=0.1520
After optimization group 2 (inactive) scores : ndcg@10=0.3190 f1@10=0.1089
After optimization UGF (f1@10): 0.0431 (4.31%) | UGF (ndcg@10): 0.0751 (7.51%)
UGF reduction: 0.0516 (54.5%)
Constraint satisfied: True
GA Optimizer | Model:NCF | Dataset:dataset\5Health-rand | Group:max_0.05 | K=10 | Fairness_metric=f1
GA Parameters | Pop:10 | Gen:1000 | Mut:0.3145 | Cross:0.5857
Adaptive Penalty | beta1:2.25 | beta2:2.31 | k:8
Before optimization overall scores           : ndcg@10=0.3355 f1@10=0.1220
Before optimization group 1 (active) scores  : ndcg@10=0.4651 f1@10=0.2112
Before optimization group 2 (inactive) scores: ndcg@10=0.3274 f1@10=0.1165
Before optimization UGF (f1@10): 0.0948 (9.48%) | UGF (ndcg@10): 0.1377 (13.77%)
Epsilon: 0.0474
Early stop at generation 14: first feasible solution found
CPU time: 8.68 seconds
After optimization overall metric scores     : ndcg@10=0.3237 f1@10=0.1116
After optimization group 1 (active) scores   : ndcg@10=0.4001 f1@10=0.1546
After optimization group 2 (inactive) scores : ndcg@10=0.3190 f1@10=0.1089
After optimization UGF (f1@10): 0.0456 (4.56%) | UGF (ndcg@10): 0.0811 (8.11%)
UGF reduction: 0.0492 (51.9%)
Constraint satisfied: True
GA Optimizer | Model:NCF | Dataset:dataset\5Health-rand | Group:max_0.05 | K=10 | Fairness_metric=f1
GA Parameters | Pop:10 | Gen:1000 | Mut:0.3145 | Cross:0.5857
Adaptive Penalty | beta1:2.25 | beta2:2.31 | k:8
Before optimization overall scores           : ndcg@10=0.3355 f1@10=0.1220
Before optimization group 1 (active) scores  : ndcg@10=0.4651 f1@10=0.2112
Before optimization group 2 (inactive) scores: ndcg@10=0.3274 f1@10=0.1165
Before optimization UGF (f1@10): 0.0948 (9.48%) | UGF (ndcg@10): 0.1377 (13.77%)
Epsilon: 0.0474
Early stop at generation 15: first feasible solution found
CPU time: 9.25 seconds
After optimization overall metric scores     : ndcg@10=0.3222 f1@10=0.1106
After optimization group 1 (active) scores   : ndcg@10=0.3887 f1@10=0.1514
After optimization group 2 (inactive) scores : ndcg@10=0.3181 f1@10=0.1080
After optimization UGF (f1@10): 0.0434 (4.34%) | UGF (ndcg@10): 0.0707 (7.07%)
UGF reduction: 0.0514 (54.3%)
Constraint satisfied: True
GA Optimizer | Model:NCF | Dataset:dataset\5Health-rand | Group:max_0.05 | K=10 | Fairness_metric=f1
GA Parameters | Pop:10 | Gen:1000 | Mut:0.3145 | Cross:0.5857
Adaptive Penalty | beta1:2.25 | beta2:2.31 | k:8
Before optimization overall scores           : ndcg@10=0.3355 f1@10=0.1220
Before optimization group 1 (active) scores  : ndcg@10=0.4651 f1@10=0.2112
Before optimization group 2 (inactive) scores: ndcg@10=0.3274 f1@10=0.1165
Before optimization UGF (f1@10): 0.0948 (9.48%) | UGF (ndcg@10): 0.1377 (13.77%)
Epsilon: 0.0474
Early stop at generation 14: first feasible solution found
CPU time: 8.73 seconds
After optimization overall metric scores     : ndcg@10=0.3233 f1@10=0.1112
After optimization group 1 (active) scores   : ndcg@10=0.3956 f1@10=0.1534
After optimization group 2 (inactive) scores : ndcg@10=0.3188 f1@10=0.1086
After optimization UGF (f1@10): 0.0449 (4.49%) | UGF (ndcg@10): 0.0768 (7.68%)
UGF reduction: 0.0499 (52.7%)
Constraint satisfied: True
