GA Optimizer | Model:NCF | Dataset:dataset\5Beauty-rand | Group:sum_0.05 | K=10 | Fairness_metric=f1
GA Parameters | Pop:10 | Gen:1000 | Mut:0.3145 | Cross:0.5857
Adaptive Penalty | beta1:2.25 | beta2:2.31 | k:8
Before optimization overall scores           : ndcg@10=0.3513 f1@10=0.1244
Before optimization group 1 (active) scores  : ndcg@10=0.6000 f1@10=0.2828
Before optimization group 2 (inactive) scores: ndcg@10=0.3310 f1@10=0.1115
Before optimization UGF (f1@10): 0.1713
Epsilon: 0.0857
Early stop at generation 16: first feasible solution found
CPU time: 5.40 seconds
After optimization overall metric scores     : ndcg@10=0.3338 f1@10=0.1104
After optimization group 1 (active) scores   : ndcg@10=0.4947 f1@10=0.1927
After optimization group 2 (inactive) scores : ndcg@10=0.3209 f1@10=0.1039
After optimization UGF: 0.0790
UGF reduction: 0.0924 (53.9%)
Constraint satisfied: True
GA Optimizer | Model:NCF | Dataset:dataset\5Beauty-rand | Group:sum_0.05 | K=10 | Fairness_metric=f1
GA Parameters | Pop:10 | Gen:1000 | Mut:0.3145 | Cross:0.5857
Adaptive Penalty | beta1:2.25 | beta2:2.31 | k:8
Before optimization overall scores           : ndcg@10=0.3513 f1@10=0.1244
Before optimization group 1 (active) scores  : ndcg@10=0.6000 f1@10=0.2828
Before optimization group 2 (inactive) scores: ndcg@10=0.3310 f1@10=0.1115
Before optimization UGF (f1@10): 0.1713
Epsilon: 0.0857
Early stop at generation 15: first feasible solution found
CPU time: 5.07 seconds
After optimization overall metric scores     : ndcg@10=0.3346 f1@10=0.1104
After optimization group 1 (active) scores   : ndcg@10=0.5123 f1@10=0.1989
After optimization group 2 (inactive) scores : ndcg@10=0.3211 f1@10=0.1042
After optimization UGF: 0.0854
UGF reduction: 0.0859 (50.2%)
Constraint satisfied: True
GA Optimizer | Model:NCF | Dataset:dataset\5Beauty-rand | Group:sum_0.05 | K=10 | Fairness_metric=f1
GA Parameters | Pop:10 | Gen:1000 | Mut:0.3145 | Cross:0.5857
Adaptive Penalty | beta1:2.25 | beta2:2.31 | k:8
Before optimization overall scores           : ndcg@10=0.3513 f1@10=0.1244
Before optimization group 1 (active) scores  : ndcg@10=0.6000 f1@10=0.2828
Before optimization group 2 (inactive) scores: ndcg@10=0.3310 f1@10=0.1115
Before optimization UGF (f1@10): 0.1713
Epsilon: 0.0857
Early stop at generation 15: first feasible solution found
CPU time: 5.07 seconds
After optimization overall metric scores     : ndcg@10=0.3376 f1@10=0.1113
After optimization group 1 (active) scores   : ndcg@10=0.5233 f1@10=0.1977
After optimization group 2 (inactive) scores : ndcg@10=0.3226 f1@10=0.1046
After optimization UGF: 0.0830
UGF reduction: 0.0883 (51.5%)
Constraint satisfied: True
GA Optimizer | Model:NCF | Dataset:dataset\5Beauty-rand | Group:sum_0.05 | K=10 | Fairness_metric=f1
GA Parameters | Pop:10 | Gen:1000 | Mut:0.3145 | Cross:0.5857
Adaptive Penalty | beta1:2.25 | beta2:2.31 | k:8
Before optimization overall scores           : ndcg@10=0.3513 f1@10=0.1244
Before optimization group 1 (active) scores  : ndcg@10=0.6000 f1@10=0.2828
Before optimization group 2 (inactive) scores: ndcg@10=0.3310 f1@10=0.1115
Before optimization UGF (f1@10): 0.1713
Epsilon: 0.0857
Early stop at generation 15: first feasible solution found
CPU time: 5.10 seconds
After optimization overall metric scores     : ndcg@10=0.3362 f1@10=0.1109
After optimization group 1 (active) scores   : ndcg@10=0.5093 f1@10=0.1959
After optimization group 2 (inactive) scores : ndcg@10=0.3232 f1@10=0.1048
After optimization UGF: 0.0803
UGF reduction: 0.0910 (53.1%)
Constraint satisfied: True
GA Optimizer | Model:NCF | Dataset:dataset\5Beauty-rand | Group:sum_0.05 | K=10 | Fairness_metric=f1
GA Parameters | Pop:10 | Gen:1000 | Mut:0.3145 | Cross:0.5857
Adaptive Penalty | beta1:2.25 | beta2:2.31 | k:8
Before optimization overall scores           : ndcg@10=0.3513 f1@10=0.1244
Before optimization group 1 (active) scores  : ndcg@10=0.6000 f1@10=0.2828
Before optimization group 2 (inactive) scores: ndcg@10=0.3310 f1@10=0.1115
Before optimization UGF (f1@10): 0.1713
Epsilon: 0.0857
Early stop at generation 14: first feasible solution found
CPU time: 4.84 seconds
After optimization overall metric scores     : ndcg@10=0.3374 f1@10=0.1119
After optimization group 1 (active) scores   : ndcg@10=0.5060 f1@10=0.1996
After optimization group 2 (inactive) scores : ndcg@10=0.3242 f1@10=0.1051
After optimization UGF: 0.0852
UGF reduction: 0.0861 (50.2%)
Constraint satisfied: True
GA Optimizer | Model:NCF | Dataset:dataset\5Beauty-rand | Group:sum_0.05 | K=10 | Fairness_metric=f1
GA Parameters | Pop:10 | Gen:1000 | Mut:0.3145 | Cross:0.5857
Adaptive Penalty | beta1:2.25 | beta2:2.31 | k:8
Before optimization overall scores           : ndcg@10=0.3513 f1@10=0.1244
Before optimization group 1 (active) scores  : ndcg@10=0.6000 f1@10=0.2828
Before optimization group 2 (inactive) scores: ndcg@10=0.3310 f1@10=0.1115
Before optimization UGF (f1@10): 0.1713
Epsilon: 0.0857
Early stop at generation 15: first feasible solution found
CPU time: 5.07 seconds
After optimization overall metric scores     : ndcg@10=0.3361 f1@10=0.1113
After optimization group 1 (active) scores   : ndcg@10=0.5188 f1@10=0.1979
After optimization group 2 (inactive) scores : ndcg@10=0.3208 f1@10=0.1041
After optimization UGF: 0.0856
UGF reduction: 0.0857 (50.0%)
Constraint satisfied: True
GA Optimizer | Model:NCF | Dataset:dataset\5Beauty-rand | Group:sum_0.05 | K=10 | Fairness_metric=f1
GA Parameters | Pop:10 | Gen:1000 | Mut:0.3145 | Cross:0.5857
Adaptive Penalty | beta1:2.25 | beta2:2.31 | k:8
Before optimization overall scores           : ndcg@10=0.3513 f1@10=0.1244
Before optimization group 1 (active) scores  : ndcg@10=0.6000 f1@10=0.2828
Before optimization group 2 (inactive) scores: ndcg@10=0.3310 f1@10=0.1115
Before optimization UGF (f1@10): 0.1713
Epsilon: 0.0857
Early stop at generation 16: first feasible solution found
CPU time: 5.39 seconds
After optimization overall metric scores     : ndcg@10=0.3363 f1@10=0.1106
After optimization group 1 (active) scores   : ndcg@10=0.5230 f1@10=0.1958
After optimization group 2 (inactive) scores : ndcg@10=0.3212 f1@10=0.1037
After optimization UGF: 0.0817
UGF reduction: 0.0897 (52.3%)
Constraint satisfied: True
GA Optimizer | Model:NCF | Dataset:dataset\5Beauty-rand | Group:sum_0.05 | K=10 | Fairness_metric=f1
GA Parameters | Pop:10 | Gen:1000 | Mut:0.3145 | Cross:0.5857
Adaptive Penalty | beta1:2.25 | beta2:2.31 | k:8
Before optimization overall scores           : ndcg@10=0.3513 f1@10=0.1244
Before optimization group 1 (active) scores  : ndcg@10=0.6000 f1@10=0.2828
Before optimization group 2 (inactive) scores: ndcg@10=0.3310 f1@10=0.1115
Before optimization UGF (f1@10): 0.1713
Epsilon: 0.0857
Early stop at generation 15: first feasible solution found
CPU time: 5.12 seconds
After optimization overall metric scores     : ndcg@10=0.3378 f1@10=0.1121
After optimization group 1 (active) scores   : ndcg@10=0.5058 f1@10=0.1989
After optimization group 2 (inactive) scores : ndcg@10=0.3238 f1@10=0.1050
After optimization UGF: 0.0806
UGF reduction: 0.0907 (52.9%)
Constraint satisfied: True
GA Optimizer | Model:NCF | Dataset:dataset\5Beauty-rand | Group:sum_0.05 | K=10 | Fairness_metric=f1
GA Parameters | Pop:10 | Gen:1000 | Mut:0.3145 | Cross:0.5857
Adaptive Penalty | beta1:2.25 | beta2:2.31 | k:8
Before optimization overall scores           : ndcg@10=0.3513 f1@10=0.1244
Before optimization group 1 (active) scores  : ndcg@10=0.6000 f1@10=0.2828
Before optimization group 2 (inactive) scores: ndcg@10=0.3310 f1@10=0.1115
Before optimization UGF (f1@10): 0.1713
Epsilon: 0.0857
Early stop at generation 15: first feasible solution found
CPU time: 5.08 seconds
After optimization overall metric scores     : ndcg@10=0.3365 f1@10=0.1115
After optimization group 1 (active) scores   : ndcg@10=0.5062 f1@10=0.1983
After optimization group 2 (inactive) scores : ndcg@10=0.3223 f1@10=0.1041
After optimization UGF: 0.0855
UGF reduction: 0.0858 (50.1%)
Constraint satisfied: True
GA Optimizer | Model:NCF | Dataset:dataset\5Beauty-rand | Group:sum_0.05 | K=10 | Fairness_metric=f1
GA Parameters | Pop:10 | Gen:1000 | Mut:0.3145 | Cross:0.5857
Adaptive Penalty | beta1:2.25 | beta2:2.31 | k:8
Before optimization overall scores           : ndcg@10=0.3513 f1@10=0.1244
Before optimization group 1 (active) scores  : ndcg@10=0.6000 f1@10=0.2828
Before optimization group 2 (inactive) scores: ndcg@10=0.3310 f1@10=0.1115
Before optimization UGF (f1@10): 0.1713
Epsilon: 0.0857
Early stop at generation 15: first feasible solution found
CPU time: 5.12 seconds
After optimization overall metric scores     : ndcg@10=0.3371 f1@10=0.1117
After optimization group 1 (active) scores   : ndcg@10=0.5159 f1@10=0.1969
After optimization group 2 (inactive) scores : ndcg@10=0.3217 f1@10=0.1040
After optimization UGF: 0.0811
UGF reduction: 0.0903 (52.7%)
Constraint satisfied: True
GA Optimizer | Model:NCF | Dataset:dataset\5Beauty-rand | Group:sum_0.05 | K=10 | Fairness_metric=f1
GA Parameters | Pop:10 | Gen:1000 | Mut:0.3145 | Cross:0.5857
Adaptive Penalty | beta1:2.25 | beta2:2.31 | k:8
Before optimization overall scores           : ndcg@10=0.3513 f1@10=0.1244
Before optimization group 1 (active) scores  : ndcg@10=0.6000 f1@10=0.2828
Before optimization group 2 (inactive) scores: ndcg@10=0.3310 f1@10=0.1115
Before optimization UGF (f1@10): 0.1713
Epsilon: 0.0857
Early stop at generation 15: first feasible solution found
CPU time: 5.12 seconds
After optimization overall metric scores     : ndcg@10=0.3358 f1@10=0.1103
After optimization group 1 (active) scores   : ndcg@10=0.5142 f1@10=0.1914
After optimization group 2 (inactive) scores : ndcg@10=0.3217 f1@10=0.1043
After optimization UGF: 0.0810
UGF reduction: 0.0903 (52.7%)
Constraint satisfied: True
GA Optimizer | Model:NCF | Dataset:dataset\5Beauty-rand | Group:sum_0.05 | K=10 | Fairness_metric=f1
GA Parameters | Pop:10 | Gen:1000 | Mut:0.3145 | Cross:0.5857
Adaptive Penalty | beta1:2.25 | beta2:2.31 | k:8
Before optimization overall scores           : ndcg@10=0.3513 f1@10=0.1244
Before optimization group 1 (active) scores  : ndcg@10=0.6000 f1@10=0.2828
Before optimization group 2 (inactive) scores: ndcg@10=0.3310 f1@10=0.1115
Before optimization UGF (f1@10): 0.1713
Epsilon: 0.0857
Early stop at generation 15: first feasible solution found
CPU time: 5.07 seconds
After optimization overall metric scores     : ndcg@10=0.3365 f1@10=0.1108
After optimization group 1 (active) scores   : ndcg@10=0.5102 f1@10=0.1948
After optimization group 2 (inactive) scores : ndcg@10=0.3224 f1@10=0.1043
After optimization UGF: 0.0796
UGF reduction: 0.0917 (53.5%)
Constraint satisfied: True
GA Optimizer | Model:NCF | Dataset:dataset\5Beauty-rand | Group:sum_0.05 | K=10 | Fairness_metric=f1
GA Parameters | Pop:10 | Gen:1000 | Mut:0.3145 | Cross:0.5857
Adaptive Penalty | beta1:2.25 | beta2:2.31 | k:8
Before optimization overall scores           : ndcg@10=0.3513 f1@10=0.1244
Before optimization group 1 (active) scores  : ndcg@10=0.6000 f1@10=0.2828
Before optimization group 2 (inactive) scores: ndcg@10=0.3310 f1@10=0.1115
Before optimization UGF (f1@10): 0.1713
Epsilon: 0.0857
Early stop at generation 15: first feasible solution found
CPU time: 5.10 seconds
After optimization overall metric scores     : ndcg@10=0.3373 f1@10=0.1118
After optimization group 1 (active) scores   : ndcg@10=0.5069 f1@10=0.1973
After optimization group 2 (inactive) scores : ndcg@10=0.3231 f1@10=0.1048
After optimization UGF: 0.0829
UGF reduction: 0.0884 (51.6%)
Constraint satisfied: True
GA Optimizer | Model:NCF | Dataset:dataset\5Beauty-rand | Group:sum_0.05 | K=10 | Fairness_metric=f1
GA Parameters | Pop:10 | Gen:1000 | Mut:0.3145 | Cross:0.5857
Adaptive Penalty | beta1:2.25 | beta2:2.31 | k:8
Before optimization overall scores           : ndcg@10=0.3513 f1@10=0.1244
Before optimization group 1 (active) scores  : ndcg@10=0.6000 f1@10=0.2828
Before optimization group 2 (inactive) scores: ndcg@10=0.3310 f1@10=0.1115
Before optimization UGF (f1@10): 0.1713
Epsilon: 0.0857
Early stop at generation 16: first feasible solution found
CPU time: 5.37 seconds
After optimization overall metric scores     : ndcg@10=0.3346 f1@10=0.1105
After optimization group 1 (active) scores   : ndcg@10=0.5145 f1@10=0.1961
After optimization group 2 (inactive) scores : ndcg@10=0.3199 f1@10=0.1035
After optimization UGF: 0.0804
UGF reduction: 0.0910 (53.1%)
Constraint satisfied: True
GA Optimizer | Model:NCF | Dataset:dataset\5Beauty-rand | Group:sum_0.05 | K=10 | Fairness_metric=f1
GA Parameters | Pop:10 | Gen:1000 | Mut:0.3145 | Cross:0.5857
Adaptive Penalty | beta1:2.25 | beta2:2.31 | k:8
Before optimization overall scores           : ndcg@10=0.3513 f1@10=0.1244
Before optimization group 1 (active) scores  : ndcg@10=0.6000 f1@10=0.2828
Before optimization group 2 (inactive) scores: ndcg@10=0.3310 f1@10=0.1115
Before optimization UGF (f1@10): 0.1713
Epsilon: 0.0857
Early stop at generation 15: first feasible solution found
CPU time: 5.09 seconds
After optimization overall metric scores     : ndcg@10=0.3369 f1@10=0.1110
After optimization group 1 (active) scores   : ndcg@10=0.5160 f1@10=0.1923
After optimization group 2 (inactive) scores : ndcg@10=0.3214 f1@10=0.1038
After optimization UGF: 0.0779
UGF reduction: 0.0935 (54.6%)
Constraint satisfied: True
GA Optimizer | Model:NCF | Dataset:dataset\5Beauty-rand | Group:sum_0.05 | K=10 | Fairness_metric=f1
GA Parameters | Pop:10 | Gen:1000 | Mut:0.3145 | Cross:0.5857
Adaptive Penalty | beta1:2.25 | beta2:2.31 | k:8
Before optimization overall scores           : ndcg@10=0.3513 f1@10=0.1244
Before optimization group 1 (active) scores  : ndcg@10=0.6000 f1@10=0.2828
Before optimization group 2 (inactive) scores: ndcg@10=0.3310 f1@10=0.1115
Before optimization UGF (f1@10): 0.1713
Epsilon: 0.0857
Early stop at generation 15: first feasible solution found
CPU time: 5.10 seconds
After optimization overall metric scores     : ndcg@10=0.3368 f1@10=0.1114
After optimization group 1 (active) scores   : ndcg@10=0.5134 f1@10=0.1986
After optimization group 2 (inactive) scores : ndcg@10=0.3228 f1@10=0.1050
After optimization UGF: 0.0826
UGF reduction: 0.0888 (51.8%)
Constraint satisfied: True
GA Optimizer | Model:NCF | Dataset:dataset\5Beauty-rand | Group:sum_0.05 | K=10 | Fairness_metric=f1
GA Parameters | Pop:10 | Gen:1000 | Mut:0.3145 | Cross:0.5857
Adaptive Penalty | beta1:2.25 | beta2:2.31 | k:8
Before optimization overall scores           : ndcg@10=0.3513 f1@10=0.1244
Before optimization group 1 (active) scores  : ndcg@10=0.6000 f1@10=0.2828
Before optimization group 2 (inactive) scores: ndcg@10=0.3310 f1@10=0.1115
Before optimization UGF (f1@10): 0.1713
Epsilon: 0.0857
Early stop at generation 15: first feasible solution found
CPU time: 5.14 seconds
After optimization overall metric scores     : ndcg@10=0.3363 f1@10=0.1110
After optimization group 1 (active) scores   : ndcg@10=0.5028 f1@10=0.1905
After optimization group 2 (inactive) scores : ndcg@10=0.3231 f1@10=0.1049
After optimization UGF: 0.0811
UGF reduction: 0.0902 (52.7%)
Constraint satisfied: True
GA Optimizer | Model:NCF | Dataset:dataset\5Beauty-rand | Group:sum_0.05 | K=10 | Fairness_metric=f1
GA Parameters | Pop:10 | Gen:1000 | Mut:0.3145 | Cross:0.5857
Adaptive Penalty | beta1:2.25 | beta2:2.31 | k:8
Before optimization overall scores           : ndcg@10=0.3513 f1@10=0.1244
Before optimization group 1 (active) scores  : ndcg@10=0.6000 f1@10=0.2828
Before optimization group 2 (inactive) scores: ndcg@10=0.3310 f1@10=0.1115
Before optimization UGF (f1@10): 0.1713
Epsilon: 0.0857
Early stop at generation 15: first feasible solution found
CPU time: 5.12 seconds
After optimization overall metric scores     : ndcg@10=0.3366 f1@10=0.1108
After optimization group 1 (active) scores   : ndcg@10=0.5120 f1@10=0.1942
After optimization group 2 (inactive) scores : ndcg@10=0.3233 f1@10=0.1051
After optimization UGF: 0.0813
UGF reduction: 0.0900 (52.5%)
Constraint satisfied: True
GA Optimizer | Model:NCF | Dataset:dataset\5Beauty-rand | Group:sum_0.05 | K=10 | Fairness_metric=f1
GA Parameters | Pop:10 | Gen:1000 | Mut:0.3145 | Cross:0.5857
Adaptive Penalty | beta1:2.25 | beta2:2.31 | k:8
Before optimization overall scores           : ndcg@10=0.3513 f1@10=0.1244
Before optimization group 1 (active) scores  : ndcg@10=0.6000 f1@10=0.2828
Before optimization group 2 (inactive) scores: ndcg@10=0.3310 f1@10=0.1115
Before optimization UGF (f1@10): 0.1713
Epsilon: 0.0857
Early stop at generation 15: first feasible solution found
CPU time: 5.08 seconds
After optimization overall metric scores     : ndcg@10=0.3376 f1@10=0.1114
After optimization group 1 (active) scores   : ndcg@10=0.5189 f1@10=0.1987
After optimization group 2 (inactive) scores : ndcg@10=0.3231 f1@10=0.1045
After optimization UGF: 0.0851
UGF reduction: 0.0862 (50.3%)
Constraint satisfied: True
GA Optimizer | Model:NCF | Dataset:dataset\5Beauty-rand | Group:sum_0.05 | K=10 | Fairness_metric=f1
GA Parameters | Pop:10 | Gen:1000 | Mut:0.3145 | Cross:0.5857
Adaptive Penalty | beta1:2.25 | beta2:2.31 | k:8
Before optimization overall scores           : ndcg@10=0.3513 f1@10=0.1244
Before optimization group 1 (active) scores  : ndcg@10=0.6000 f1@10=0.2828
Before optimization group 2 (inactive) scores: ndcg@10=0.3310 f1@10=0.1115
Before optimization UGF (f1@10): 0.1713
Epsilon: 0.0857
Early stop at generation 15: first feasible solution found
CPU time: 5.06 seconds
After optimization overall metric scores     : ndcg@10=0.3358 f1@10=0.1104
After optimization group 1 (active) scores   : ndcg@10=0.5158 f1@10=0.1967
After optimization group 2 (inactive) scores : ndcg@10=0.3209 f1@10=0.1035
After optimization UGF: 0.0825
UGF reduction: 0.0888 (51.8%)
Constraint satisfied: True
GA Optimizer | Model:NCF | Dataset:dataset\5Beauty-rand | Group:sum_0.05 | K=10 | Fairness_metric=f1
GA Parameters | Pop:10 | Gen:1000 | Mut:0.3145 | Cross:0.5857
Adaptive Penalty | beta1:2.25 | beta2:2.31 | k:8
Before optimization overall scores           : ndcg@10=0.3513 f1@10=0.1244
Before optimization group 1 (active) scores  : ndcg@10=0.6000 f1@10=0.2828
Before optimization group 2 (inactive) scores: ndcg@10=0.3310 f1@10=0.1115
Before optimization UGF (f1@10): 0.1713
Epsilon: 0.0857
Early stop at generation 15: first feasible solution found
CPU time: 5.11 seconds
After optimization overall metric scores     : ndcg@10=0.3362 f1@10=0.1111
After optimization group 1 (active) scores   : ndcg@10=0.5091 f1@10=0.1985
After optimization group 2 (inactive) scores : ndcg@10=0.3234 f1@10=0.1051
After optimization UGF: 0.0843
UGF reduction: 0.0870 (50.8%)
Constraint satisfied: True
GA Optimizer | Model:NCF | Dataset:dataset\5Beauty-rand | Group:sum_0.05 | K=10 | Fairness_metric=f1
GA Parameters | Pop:10 | Gen:1000 | Mut:0.3145 | Cross:0.5857
Adaptive Penalty | beta1:2.25 | beta2:2.31 | k:8
Before optimization overall scores           : ndcg@10=0.3513 f1@10=0.1244
Before optimization group 1 (active) scores  : ndcg@10=0.6000 f1@10=0.2828
Before optimization group 2 (inactive) scores: ndcg@10=0.3310 f1@10=0.1115
Before optimization UGF (f1@10): 0.1713
Epsilon: 0.0857
Early stop at generation 15: first feasible solution found
CPU time: 5.05 seconds
After optimization overall metric scores     : ndcg@10=0.3357 f1@10=0.1107
After optimization group 1 (active) scores   : ndcg@10=0.5109 f1@10=0.1960
After optimization group 2 (inactive) scores : ndcg@10=0.3220 f1@10=0.1046
After optimization UGF: 0.0828
UGF reduction: 0.0885 (51.7%)
Constraint satisfied: True
GA Optimizer | Model:NCF | Dataset:dataset\5Beauty-rand | Group:sum_0.05 | K=10 | Fairness_metric=f1
GA Parameters | Pop:10 | Gen:1000 | Mut:0.3145 | Cross:0.5857
Adaptive Penalty | beta1:2.25 | beta2:2.31 | k:8
Before optimization overall scores           : ndcg@10=0.3513 f1@10=0.1244
Before optimization group 1 (active) scores  : ndcg@10=0.6000 f1@10=0.2828
Before optimization group 2 (inactive) scores: ndcg@10=0.3310 f1@10=0.1115
Before optimization UGF (f1@10): 0.1713
Epsilon: 0.0857
Early stop at generation 15: first feasible solution found
CPU time: 5.12 seconds
After optimization overall metric scores     : ndcg@10=0.3367 f1@10=0.1111
After optimization group 1 (active) scores   : ndcg@10=0.5245 f1@10=0.2009
After optimization group 2 (inactive) scores : ndcg@10=0.3214 f1@10=0.1039
After optimization UGF: 0.0845
UGF reduction: 0.0868 (50.7%)
Constraint satisfied: True
GA Optimizer | Model:NCF | Dataset:dataset\5Beauty-rand | Group:sum_0.05 | K=10 | Fairness_metric=f1
GA Parameters | Pop:10 | Gen:1000 | Mut:0.3145 | Cross:0.5857
Adaptive Penalty | beta1:2.25 | beta2:2.31 | k:8
Before optimization overall scores           : ndcg@10=0.3513 f1@10=0.1244
Before optimization group 1 (active) scores  : ndcg@10=0.6000 f1@10=0.2828
Before optimization group 2 (inactive) scores: ndcg@10=0.3310 f1@10=0.1115
Before optimization UGF (f1@10): 0.1713
Epsilon: 0.0857
Early stop at generation 15: first feasible solution found
CPU time: 5.07 seconds
After optimization overall metric scores     : ndcg@10=0.3371 f1@10=0.1114
After optimization group 1 (active) scores   : ndcg@10=0.5244 f1@10=0.1992
After optimization group 2 (inactive) scores : ndcg@10=0.3220 f1@10=0.1044
After optimization UGF: 0.0850
UGF reduction: 0.0863 (50.4%)
Constraint satisfied: True
GA Optimizer | Model:NCF | Dataset:dataset\5Beauty-rand | Group:sum_0.05 | K=10 | Fairness_metric=f1
GA Parameters | Pop:10 | Gen:1000 | Mut:0.3145 | Cross:0.5857
Adaptive Penalty | beta1:2.25 | beta2:2.31 | k:8
Before optimization overall scores           : ndcg@10=0.3513 f1@10=0.1244
Before optimization group 1 (active) scores  : ndcg@10=0.6000 f1@10=0.2828
Before optimization group 2 (inactive) scores: ndcg@10=0.3310 f1@10=0.1115
Before optimization UGF (f1@10): 0.1713
Epsilon: 0.0857
Early stop at generation 15: first feasible solution found
CPU time: 5.10 seconds
After optimization overall metric scores     : ndcg@10=0.3361 f1@10=0.1112
After optimization group 1 (active) scores   : ndcg@10=0.5176 f1@10=0.1977
After optimization group 2 (inactive) scores : ndcg@10=0.3213 f1@10=0.1040
After optimization UGF: 0.0828
UGF reduction: 0.0885 (51.6%)
Constraint satisfied: True
GA Optimizer | Model:NCF | Dataset:dataset\5Beauty-rand | Group:sum_0.05 | K=10 | Fairness_metric=f1
GA Parameters | Pop:10 | Gen:1000 | Mut:0.3145 | Cross:0.5857
Adaptive Penalty | beta1:2.25 | beta2:2.31 | k:8
Before optimization overall scores           : ndcg@10=0.3513 f1@10=0.1244
Before optimization group 1 (active) scores  : ndcg@10=0.6000 f1@10=0.2828
Before optimization group 2 (inactive) scores: ndcg@10=0.3310 f1@10=0.1115
Before optimization UGF (f1@10): 0.1713
Epsilon: 0.0857
Early stop at generation 15: first feasible solution found
CPU time: 5.10 seconds
After optimization overall metric scores     : ndcg@10=0.3368 f1@10=0.1117
After optimization group 1 (active) scores   : ndcg@10=0.5143 f1@10=0.1932
After optimization group 2 (inactive) scores : ndcg@10=0.3224 f1@10=0.1049
After optimization UGF: 0.0798
UGF reduction: 0.0915 (53.4%)
Constraint satisfied: True
GA Optimizer | Model:NCF | Dataset:dataset\5Beauty-rand | Group:sum_0.05 | K=10 | Fairness_metric=f1
GA Parameters | Pop:10 | Gen:1000 | Mut:0.3145 | Cross:0.5857
Adaptive Penalty | beta1:2.25 | beta2:2.31 | k:8
Before optimization overall scores           : ndcg@10=0.3513 f1@10=0.1244
Before optimization group 1 (active) scores  : ndcg@10=0.6000 f1@10=0.2828
Before optimization group 2 (inactive) scores: ndcg@10=0.3310 f1@10=0.1115
Before optimization UGF (f1@10): 0.1713
Epsilon: 0.0857
Early stop at generation 15: first feasible solution found
CPU time: 5.07 seconds
After optimization overall metric scores     : ndcg@10=0.3396 f1@10=0.1119
After optimization group 1 (active) scores   : ndcg@10=0.5238 f1@10=0.1948
After optimization group 2 (inactive) scores : ndcg@10=0.3247 f1@10=0.1051
After optimization UGF: 0.0789
UGF reduction: 0.0924 (53.9%)
Constraint satisfied: True
GA Optimizer | Model:NCF | Dataset:dataset\5Beauty-rand | Group:sum_0.05 | K=10 | Fairness_metric=f1
GA Parameters | Pop:10 | Gen:1000 | Mut:0.3145 | Cross:0.5857
Adaptive Penalty | beta1:2.25 | beta2:2.31 | k:8
Before optimization overall scores           : ndcg@10=0.3513 f1@10=0.1244
Before optimization group 1 (active) scores  : ndcg@10=0.6000 f1@10=0.2828
Before optimization group 2 (inactive) scores: ndcg@10=0.3310 f1@10=0.1115
Before optimization UGF (f1@10): 0.1713
Epsilon: 0.0857
Early stop at generation 15: first feasible solution found
CPU time: 5.09 seconds
After optimization overall metric scores     : ndcg@10=0.3386 f1@10=0.1118
After optimization group 1 (active) scores   : ndcg@10=0.5269 f1@10=0.1976
After optimization group 2 (inactive) scores : ndcg@10=0.3230 f1@10=0.1050
After optimization UGF: 0.0812
UGF reduction: 0.0901 (52.6%)
Constraint satisfied: True
GA Optimizer | Model:NCF | Dataset:dataset\5Beauty-rand | Group:sum_0.05 | K=10 | Fairness_metric=f1
GA Parameters | Pop:10 | Gen:1000 | Mut:0.3145 | Cross:0.5857
Adaptive Penalty | beta1:2.25 | beta2:2.31 | k:8
Before optimization overall scores           : ndcg@10=0.3513 f1@10=0.1244
Before optimization group 1 (active) scores  : ndcg@10=0.6000 f1@10=0.2828
Before optimization group 2 (inactive) scores: ndcg@10=0.3310 f1@10=0.1115
Before optimization UGF (f1@10): 0.1713
Epsilon: 0.0857
Early stop at generation 16: first feasible solution found
CPU time: 5.37 seconds
After optimization overall metric scores     : ndcg@10=0.3372 f1@10=0.1111
After optimization group 1 (active) scores   : ndcg@10=0.5198 f1@10=0.1983
After optimization group 2 (inactive) scores : ndcg@10=0.3227 f1@10=0.1044
After optimization UGF: 0.0847
UGF reduction: 0.0866 (50.5%)
Constraint satisfied: True
GA Optimizer | Model:NCF | Dataset:dataset\5Beauty-rand | Group:sum_0.05 | K=10 | Fairness_metric=f1
GA Parameters | Pop:10 | Gen:1000 | Mut:0.3145 | Cross:0.5857
Adaptive Penalty | beta1:2.25 | beta2:2.31 | k:8
Before optimization overall scores           : ndcg@10=0.3513 f1@10=0.1244
Before optimization group 1 (active) scores  : ndcg@10=0.6000 f1@10=0.2828
Before optimization group 2 (inactive) scores: ndcg@10=0.3310 f1@10=0.1115
Before optimization UGF (f1@10): 0.1713
Epsilon: 0.0857
Early stop at generation 15: first feasible solution found
CPU time: 5.07 seconds
After optimization overall metric scores     : ndcg@10=0.3371 f1@10=0.1114
After optimization group 1 (active) scores   : ndcg@10=0.5151 f1@10=0.1976
After optimization group 2 (inactive) scores : ndcg@10=0.3227 f1@10=0.1046
After optimization UGF: 0.0835
UGF reduction: 0.0879 (51.3%)
Constraint satisfied: True
