GA Optimizer | Model:biasedMF | Dataset:dataset\5Grocery-rand | Group:sum_0.05 | K=10 | Fairness_metric=f1
GA Parameters | Pop:10 | Gen:1000 | Mut:0.3145 | Cross:0.5857
Adaptive Penalty | beta1:2.25 | beta2:2.31 | k:8
Before optimization overall scores           : ndcg@10=0.4508 f1@10=0.1578
Before optimization group 1 (active) scores  : ndcg@10=0.6629 f1@10=0.3385
Before optimization group 2 (inactive) scores: ndcg@10=0.4316 f1@10=0.1415
Before optimization UGF (f1@10): 0.1970 (19.70%) | UGF (ndcg@10): 0.2313 (23.13%)
Epsilon: 0.0985
Early stop at generation 14: first feasible solution found
CPU time: 3.43 seconds
After optimization overall metric scores     : ndcg@10=0.4409 f1@10=0.1448
After optimization group 1 (active) scores   : ndcg@10=0.5809 f1@10=0.2345
After optimization group 2 (inactive) scores : ndcg@10=0.4282 f1@10=0.1367
After optimization UGF (f1@10): 0.0978 (9.78%) | UGF (ndcg@10): 0.1528 (15.28%)
UGF reduction: 0.0992 (50.4%)
Constraint satisfied: True
GA Optimizer | Model:biasedMF | Dataset:dataset\5Grocery-rand | Group:sum_0.05 | K=10 | Fairness_metric=f1
GA Parameters | Pop:10 | Gen:1000 | Mut:0.3145 | Cross:0.5857
Adaptive Penalty | beta1:2.25 | beta2:2.31 | k:8
Before optimization overall scores           : ndcg@10=0.4508 f1@10=0.1578
Before optimization group 1 (active) scores  : ndcg@10=0.6629 f1@10=0.3385
Before optimization group 2 (inactive) scores: ndcg@10=0.4316 f1@10=0.1415
Before optimization UGF (f1@10): 0.1970 (19.70%) | UGF (ndcg@10): 0.2313 (23.13%)
Epsilon: 0.0985
Early stop at generation 16: first feasible solution found
CPU time: 3.81 seconds
After optimization overall metric scores     : ndcg@10=0.4407 f1@10=0.1427
After optimization group 1 (active) scores   : ndcg@10=0.5902 f1@10=0.2302
After optimization group 2 (inactive) scores : ndcg@10=0.4272 f1@10=0.1348
After optimization UGF (f1@10): 0.0955 (9.55%) | UGF (ndcg@10): 0.1630 (16.30%)
UGF reduction: 0.1016 (51.6%)
Constraint satisfied: True
GA Optimizer | Model:biasedMF | Dataset:dataset\5Grocery-rand | Group:sum_0.05 | K=10 | Fairness_metric=f1
GA Parameters | Pop:10 | Gen:1000 | Mut:0.3145 | Cross:0.5857
Adaptive Penalty | beta1:2.25 | beta2:2.31 | k:8
Before optimization overall scores           : ndcg@10=0.4508 f1@10=0.1578
Before optimization group 1 (active) scores  : ndcg@10=0.6629 f1@10=0.3385
Before optimization group 2 (inactive) scores: ndcg@10=0.4316 f1@10=0.1415
Before optimization UGF (f1@10): 0.1970 (19.70%) | UGF (ndcg@10): 0.2313 (23.13%)
Epsilon: 0.0985
Early stop at generation 15: first feasible solution found
CPU time: 3.60 seconds
After optimization overall metric scores     : ndcg@10=0.4400 f1@10=0.1437
After optimization group 1 (active) scores   : ndcg@10=0.5781 f1@10=0.2320
After optimization group 2 (inactive) scores : ndcg@10=0.4275 f1@10=0.1357
After optimization UGF (f1@10): 0.0963 (9.63%) | UGF (ndcg@10): 0.1506 (15.06%)
UGF reduction: 0.1007 (51.1%)
Constraint satisfied: True
GA Optimizer | Model:biasedMF | Dataset:dataset\5Grocery-rand | Group:sum_0.05 | K=10 | Fairness_metric=f1
GA Parameters | Pop:10 | Gen:1000 | Mut:0.3145 | Cross:0.5857
Adaptive Penalty | beta1:2.25 | beta2:2.31 | k:8
Before optimization overall scores           : ndcg@10=0.4508 f1@10=0.1578
Before optimization group 1 (active) scores  : ndcg@10=0.6629 f1@10=0.3385
Before optimization group 2 (inactive) scores: ndcg@10=0.4316 f1@10=0.1415
Before optimization UGF (f1@10): 0.1970 (19.70%) | UGF (ndcg@10): 0.2313 (23.13%)
Epsilon: 0.0985
Early stop at generation 15: first feasible solution found
CPU time: 3.59 seconds
After optimization overall metric scores     : ndcg@10=0.4411 f1@10=0.1437
After optimization group 1 (active) scores   : ndcg@10=0.5820 f1@10=0.2297
After optimization group 2 (inactive) scores : ndcg@10=0.4283 f1@10=0.1359
After optimization UGF (f1@10): 0.0938 (9.38%) | UGF (ndcg@10): 0.1537 (15.37%)
UGF reduction: 0.1032 (52.4%)
Constraint satisfied: True
GA Optimizer | Model:biasedMF | Dataset:dataset\5Grocery-rand | Group:sum_0.05 | K=10 | Fairness_metric=f1
GA Parameters | Pop:10 | Gen:1000 | Mut:0.3145 | Cross:0.5857
Adaptive Penalty | beta1:2.25 | beta2:2.31 | k:8
Before optimization overall scores           : ndcg@10=0.4508 f1@10=0.1578
Before optimization group 1 (active) scores  : ndcg@10=0.6629 f1@10=0.3385
Before optimization group 2 (inactive) scores: ndcg@10=0.4316 f1@10=0.1415
Before optimization UGF (f1@10): 0.1970 (19.70%) | UGF (ndcg@10): 0.2313 (23.13%)
Epsilon: 0.0985
Early stop at generation 15: first feasible solution found
CPU time: 3.65 seconds
After optimization overall metric scores     : ndcg@10=0.4409 f1@10=0.1440
After optimization group 1 (active) scores   : ndcg@10=0.5948 f1@10=0.2322
After optimization group 2 (inactive) scores : ndcg@10=0.4270 f1@10=0.1360
After optimization UGF (f1@10): 0.0962 (9.62%) | UGF (ndcg@10): 0.1678 (16.78%)
UGF reduction: 0.1008 (51.2%)
Constraint satisfied: True
GA Optimizer | Model:biasedMF | Dataset:dataset\5Grocery-rand | Group:sum_0.05 | K=10 | Fairness_metric=f1
GA Parameters | Pop:10 | Gen:1000 | Mut:0.3145 | Cross:0.5857
Adaptive Penalty | beta1:2.25 | beta2:2.31 | k:8
Before optimization overall scores           : ndcg@10=0.4508 f1@10=0.1578
Before optimization group 1 (active) scores  : ndcg@10=0.6629 f1@10=0.3385
Before optimization group 2 (inactive) scores: ndcg@10=0.4316 f1@10=0.1415
Before optimization UGF (f1@10): 0.1970 (19.70%) | UGF (ndcg@10): 0.2313 (23.13%)
Epsilon: 0.0985
Early stop at generation 15: first feasible solution found
CPU time: 3.63 seconds
After optimization overall metric scores     : ndcg@10=0.4401 f1@10=0.1431
After optimization group 1 (active) scores   : ndcg@10=0.5828 f1@10=0.2318
After optimization group 2 (inactive) scores : ndcg@10=0.4272 f1@10=0.1350
After optimization UGF (f1@10): 0.0968 (9.68%) | UGF (ndcg@10): 0.1556 (15.56%)
UGF reduction: 0.1003 (50.9%)
Constraint satisfied: True
GA Optimizer | Model:biasedMF | Dataset:dataset\5Grocery-rand | Group:sum_0.05 | K=10 | Fairness_metric=f1
GA Parameters | Pop:10 | Gen:1000 | Mut:0.3145 | Cross:0.5857
Adaptive Penalty | beta1:2.25 | beta2:2.31 | k:8
Before optimization overall scores           : ndcg@10=0.4508 f1@10=0.1578
Before optimization group 1 (active) scores  : ndcg@10=0.6629 f1@10=0.3385
Before optimization group 2 (inactive) scores: ndcg@10=0.4316 f1@10=0.1415
Before optimization UGF (f1@10): 0.1970 (19.70%) | UGF (ndcg@10): 0.2313 (23.13%)
Epsilon: 0.0985
Early stop at generation 15: first feasible solution found
CPU time: 3.64 seconds
After optimization overall metric scores     : ndcg@10=0.4395 f1@10=0.1428
After optimization group 1 (active) scores   : ndcg@10=0.5693 f1@10=0.2235
After optimization group 2 (inactive) scores : ndcg@10=0.4278 f1@10=0.1355
After optimization UGF (f1@10): 0.0879 (8.79%) | UGF (ndcg@10): 0.1415 (14.15%)
UGF reduction: 0.1091 (55.4%)
Constraint satisfied: True
GA Optimizer | Model:biasedMF | Dataset:dataset\5Grocery-rand | Group:sum_0.05 | K=10 | Fairness_metric=f1
GA Parameters | Pop:10 | Gen:1000 | Mut:0.3145 | Cross:0.5857
Adaptive Penalty | beta1:2.25 | beta2:2.31 | k:8
Before optimization overall scores           : ndcg@10=0.4508 f1@10=0.1578
Before optimization group 1 (active) scores  : ndcg@10=0.6629 f1@10=0.3385
Before optimization group 2 (inactive) scores: ndcg@10=0.4316 f1@10=0.1415
Before optimization UGF (f1@10): 0.1970 (19.70%) | UGF (ndcg@10): 0.2313 (23.13%)
Epsilon: 0.0985
Early stop at generation 15: first feasible solution found
CPU time: 3.64 seconds
After optimization overall metric scores     : ndcg@10=0.4392 f1@10=0.1431
After optimization group 1 (active) scores   : ndcg@10=0.5760 f1@10=0.2267
After optimization group 2 (inactive) scores : ndcg@10=0.4268 f1@10=0.1356
After optimization UGF (f1@10): 0.0911 (9.11%) | UGF (ndcg@10): 0.1492 (14.92%)
UGF reduction: 0.1059 (53.7%)
Constraint satisfied: True
GA Optimizer | Model:biasedMF | Dataset:dataset\5Grocery-rand | Group:sum_0.05 | K=10 | Fairness_metric=f1
GA Parameters | Pop:10 | Gen:1000 | Mut:0.3145 | Cross:0.5857
Adaptive Penalty | beta1:2.25 | beta2:2.31 | k:8
Before optimization overall scores           : ndcg@10=0.4508 f1@10=0.1578
Before optimization group 1 (active) scores  : ndcg@10=0.6629 f1@10=0.3385
Before optimization group 2 (inactive) scores: ndcg@10=0.4316 f1@10=0.1415
Before optimization UGF (f1@10): 0.1970 (19.70%) | UGF (ndcg@10): 0.2313 (23.13%)
Epsilon: 0.0985
Early stop at generation 14: first feasible solution found
CPU time: 3.40 seconds
After optimization overall metric scores     : ndcg@10=0.4419 f1@10=0.1446
After optimization group 1 (active) scores   : ndcg@10=0.5933 f1@10=0.2330
After optimization group 2 (inactive) scores : ndcg@10=0.4281 f1@10=0.1366
After optimization UGF (f1@10): 0.0965 (9.65%) | UGF (ndcg@10): 0.1651 (16.51%)
UGF reduction: 0.1006 (51.0%)
Constraint satisfied: True
GA Optimizer | Model:biasedMF | Dataset:dataset\5Grocery-rand | Group:sum_0.05 | K=10 | Fairness_metric=f1
GA Parameters | Pop:10 | Gen:1000 | Mut:0.3145 | Cross:0.5857
Adaptive Penalty | beta1:2.25 | beta2:2.31 | k:8
Before optimization overall scores           : ndcg@10=0.4508 f1@10=0.1578
Before optimization group 1 (active) scores  : ndcg@10=0.6629 f1@10=0.3385
Before optimization group 2 (inactive) scores: ndcg@10=0.4316 f1@10=0.1415
Before optimization UGF (f1@10): 0.1970 (19.70%) | UGF (ndcg@10): 0.2313 (23.13%)
Epsilon: 0.0985
Early stop at generation 15: first feasible solution found
CPU time: 3.63 seconds
After optimization overall metric scores     : ndcg@10=0.4423 f1@10=0.1444
After optimization group 1 (active) scores   : ndcg@10=0.6003 f1@10=0.2341
After optimization group 2 (inactive) scores : ndcg@10=0.4280 f1@10=0.1363
After optimization UGF (f1@10): 0.0978 (9.78%) | UGF (ndcg@10): 0.1723 (17.23%)
UGF reduction: 0.0992 (50.3%)
Constraint satisfied: True
GA Optimizer | Model:biasedMF | Dataset:dataset\5Grocery-rand | Group:sum_0.05 | K=10 | Fairness_metric=f1
GA Parameters | Pop:10 | Gen:1000 | Mut:0.3145 | Cross:0.5857
Adaptive Penalty | beta1:2.25 | beta2:2.31 | k:8
Before optimization overall scores           : ndcg@10=0.4508 f1@10=0.1578
Before optimization group 1 (active) scores  : ndcg@10=0.6629 f1@10=0.3385
Before optimization group 2 (inactive) scores: ndcg@10=0.4316 f1@10=0.1415
Before optimization UGF (f1@10): 0.1970 (19.70%) | UGF (ndcg@10): 0.2313 (23.13%)
Epsilon: 0.0985
Early stop at generation 15: first feasible solution found
CPU time: 3.64 seconds
After optimization overall metric scores     : ndcg@10=0.4409 f1@10=0.1438
After optimization group 1 (active) scores   : ndcg@10=0.5827 f1@10=0.2295
After optimization group 2 (inactive) scores : ndcg@10=0.4281 f1@10=0.1360
After optimization UGF (f1@10): 0.0934 (9.34%) | UGF (ndcg@10): 0.1546 (15.46%)
UGF reduction: 0.1036 (52.6%)
Constraint satisfied: True
GA Optimizer | Model:biasedMF | Dataset:dataset\5Grocery-rand | Group:sum_0.05 | K=10 | Fairness_metric=f1
GA Parameters | Pop:10 | Gen:1000 | Mut:0.3145 | Cross:0.5857
Adaptive Penalty | beta1:2.25 | beta2:2.31 | k:8
Before optimization overall scores           : ndcg@10=0.4508 f1@10=0.1578
Before optimization group 1 (active) scores  : ndcg@10=0.6629 f1@10=0.3385
Before optimization group 2 (inactive) scores: ndcg@10=0.4316 f1@10=0.1415
Before optimization UGF (f1@10): 0.1970 (19.70%) | UGF (ndcg@10): 0.2313 (23.13%)
Epsilon: 0.0985
Early stop at generation 15: first feasible solution found
CPU time: 3.59 seconds
After optimization overall metric scores     : ndcg@10=0.4404 f1@10=0.1440
After optimization group 1 (active) scores   : ndcg@10=0.5874 f1@10=0.2339
After optimization group 2 (inactive) scores : ndcg@10=0.4271 f1@10=0.1358
After optimization UGF (f1@10): 0.0981 (9.81%) | UGF (ndcg@10): 0.1602 (16.02%)
UGF reduction: 0.0990 (50.2%)
Constraint satisfied: True
GA Optimizer | Model:biasedMF | Dataset:dataset\5Grocery-rand | Group:sum_0.05 | K=10 | Fairness_metric=f1
GA Parameters | Pop:10 | Gen:1000 | Mut:0.3145 | Cross:0.5857
Adaptive Penalty | beta1:2.25 | beta2:2.31 | k:8
Before optimization overall scores           : ndcg@10=0.4508 f1@10=0.1578
Before optimization group 1 (active) scores  : ndcg@10=0.6629 f1@10=0.3385
Before optimization group 2 (inactive) scores: ndcg@10=0.4316 f1@10=0.1415
Before optimization UGF (f1@10): 0.1970 (19.70%) | UGF (ndcg@10): 0.2313 (23.13%)
Epsilon: 0.0985
Early stop at generation 15: first feasible solution found
CPU time: 3.66 seconds
After optimization overall metric scores     : ndcg@10=0.4409 f1@10=0.1441
After optimization group 1 (active) scores   : ndcg@10=0.5842 f1@10=0.2327
After optimization group 2 (inactive) scores : ndcg@10=0.4280 f1@10=0.1361
After optimization UGF (f1@10): 0.0966 (9.66%) | UGF (ndcg@10): 0.1563 (15.63%)
UGF reduction: 0.1004 (51.0%)
Constraint satisfied: True
GA Optimizer | Model:biasedMF | Dataset:dataset\5Grocery-rand | Group:sum_0.05 | K=10 | Fairness_metric=f1
GA Parameters | Pop:10 | Gen:1000 | Mut:0.3145 | Cross:0.5857
Adaptive Penalty | beta1:2.25 | beta2:2.31 | k:8
Before optimization overall scores           : ndcg@10=0.4508 f1@10=0.1578
Before optimization group 1 (active) scores  : ndcg@10=0.6629 f1@10=0.3385
Before optimization group 2 (inactive) scores: ndcg@10=0.4316 f1@10=0.1415
Before optimization UGF (f1@10): 0.1970 (19.70%) | UGF (ndcg@10): 0.2313 (23.13%)
Epsilon: 0.0985
Early stop at generation 15: first feasible solution found
CPU time: 3.60 seconds
After optimization overall metric scores     : ndcg@10=0.4408 f1@10=0.1439
After optimization group 1 (active) scores   : ndcg@10=0.5838 f1@10=0.2314
After optimization group 2 (inactive) scores : ndcg@10=0.4278 f1@10=0.1360
After optimization UGF (f1@10): 0.0954 (9.54%) | UGF (ndcg@10): 0.1560 (15.60%)
UGF reduction: 0.1016 (51.6%)
Constraint satisfied: True
GA Optimizer | Model:biasedMF | Dataset:dataset\5Grocery-rand | Group:sum_0.05 | K=10 | Fairness_metric=f1
GA Parameters | Pop:10 | Gen:1000 | Mut:0.3145 | Cross:0.5857
Adaptive Penalty | beta1:2.25 | beta2:2.31 | k:8
Before optimization overall scores           : ndcg@10=0.4508 f1@10=0.1578
Before optimization group 1 (active) scores  : ndcg@10=0.6629 f1@10=0.3385
Before optimization group 2 (inactive) scores: ndcg@10=0.4316 f1@10=0.1415
Before optimization UGF (f1@10): 0.1970 (19.70%) | UGF (ndcg@10): 0.2313 (23.13%)
Epsilon: 0.0985
Early stop at generation 15: first feasible solution found
CPU time: 3.59 seconds
After optimization overall metric scores     : ndcg@10=0.4405 f1@10=0.1436
After optimization group 1 (active) scores   : ndcg@10=0.5840 f1@10=0.2285
After optimization group 2 (inactive) scores : ndcg@10=0.4275 f1@10=0.1359
After optimization UGF (f1@10): 0.0927 (9.27%) | UGF (ndcg@10): 0.1565 (15.65%)
UGF reduction: 0.1044 (53.0%)
Constraint satisfied: True
GA Optimizer | Model:biasedMF | Dataset:dataset\5Grocery-rand | Group:sum_0.05 | K=10 | Fairness_metric=f1
GA Parameters | Pop:10 | Gen:1000 | Mut:0.3145 | Cross:0.5857
Adaptive Penalty | beta1:2.25 | beta2:2.31 | k:8
Before optimization overall scores           : ndcg@10=0.4508 f1@10=0.1578
Before optimization group 1 (active) scores  : ndcg@10=0.6629 f1@10=0.3385
Before optimization group 2 (inactive) scores: ndcg@10=0.4316 f1@10=0.1415
Before optimization UGF (f1@10): 0.1970 (19.70%) | UGF (ndcg@10): 0.2313 (23.13%)
Epsilon: 0.0985
Early stop at generation 15: first feasible solution found
CPU time: 3.64 seconds
After optimization overall metric scores     : ndcg@10=0.4409 f1@10=0.1430
After optimization group 1 (active) scores   : ndcg@10=0.5862 f1@10=0.2247
After optimization group 2 (inactive) scores : ndcg@10=0.4277 f1@10=0.1356
After optimization UGF (f1@10): 0.0891 (8.91%) | UGF (ndcg@10): 0.1585 (15.85%)
UGF reduction: 0.1079 (54.8%)
Constraint satisfied: True
GA Optimizer | Model:biasedMF | Dataset:dataset\5Grocery-rand | Group:sum_0.05 | K=10 | Fairness_metric=f1
GA Parameters | Pop:10 | Gen:1000 | Mut:0.3145 | Cross:0.5857
Adaptive Penalty | beta1:2.25 | beta2:2.31 | k:8
Before optimization overall scores           : ndcg@10=0.4508 f1@10=0.1578
Before optimization group 1 (active) scores  : ndcg@10=0.6629 f1@10=0.3385
Before optimization group 2 (inactive) scores: ndcg@10=0.4316 f1@10=0.1415
Before optimization UGF (f1@10): 0.1970 (19.70%) | UGF (ndcg@10): 0.2313 (23.13%)
Epsilon: 0.0985
Early stop at generation 15: first feasible solution found
CPU time: 3.61 seconds
After optimization overall metric scores     : ndcg@10=0.4413 f1@10=0.1430
After optimization group 1 (active) scores   : ndcg@10=0.5915 f1@10=0.2270
After optimization group 2 (inactive) scores : ndcg@10=0.4277 f1@10=0.1354
After optimization UGF (f1@10): 0.0916 (9.16%) | UGF (ndcg@10): 0.1638 (16.38%)
UGF reduction: 0.1054 (53.5%)
Constraint satisfied: True
GA Optimizer | Model:biasedMF | Dataset:dataset\5Grocery-rand | Group:sum_0.05 | K=10 | Fairness_metric=f1
GA Parameters | Pop:10 | Gen:1000 | Mut:0.3145 | Cross:0.5857
Adaptive Penalty | beta1:2.25 | beta2:2.31 | k:8
Before optimization overall scores           : ndcg@10=0.4508 f1@10=0.1578
Before optimization group 1 (active) scores  : ndcg@10=0.6629 f1@10=0.3385
Before optimization group 2 (inactive) scores: ndcg@10=0.4316 f1@10=0.1415
Before optimization UGF (f1@10): 0.1970 (19.70%) | UGF (ndcg@10): 0.2313 (23.13%)
Epsilon: 0.0985
Early stop at generation 15: first feasible solution found
CPU time: 3.62 seconds
After optimization overall metric scores     : ndcg@10=0.4416 f1@10=0.1437
After optimization group 1 (active) scores   : ndcg@10=0.5939 f1@10=0.2340
After optimization group 2 (inactive) scores : ndcg@10=0.4279 f1@10=0.1355
After optimization UGF (f1@10): 0.0985 (9.85%) | UGF (ndcg@10): 0.1661 (16.61%)
UGF reduction: 0.0986 (50.0%)
Constraint satisfied: True
GA Optimizer | Model:biasedMF | Dataset:dataset\5Grocery-rand | Group:sum_0.05 | K=10 | Fairness_metric=f1
GA Parameters | Pop:10 | Gen:1000 | Mut:0.3145 | Cross:0.5857
Adaptive Penalty | beta1:2.25 | beta2:2.31 | k:8
Before optimization overall scores           : ndcg@10=0.4508 f1@10=0.1578
Before optimization group 1 (active) scores  : ndcg@10=0.6629 f1@10=0.3385
Before optimization group 2 (inactive) scores: ndcg@10=0.4316 f1@10=0.1415
Before optimization UGF (f1@10): 0.1970 (19.70%) | UGF (ndcg@10): 0.2313 (23.13%)
Epsilon: 0.0985
Early stop at generation 15: first feasible solution found
CPU time: 3.58 seconds
After optimization overall metric scores     : ndcg@10=0.4399 f1@10=0.1437
After optimization group 1 (active) scores   : ndcg@10=0.5725 f1@10=0.2298
After optimization group 2 (inactive) scores : ndcg@10=0.4279 f1@10=0.1359
After optimization UGF (f1@10): 0.0939 (9.39%) | UGF (ndcg@10): 0.1446 (14.46%)
UGF reduction: 0.1031 (52.3%)
Constraint satisfied: True
GA Optimizer | Model:biasedMF | Dataset:dataset\5Grocery-rand | Group:sum_0.05 | K=10 | Fairness_metric=f1
GA Parameters | Pop:10 | Gen:1000 | Mut:0.3145 | Cross:0.5857
Adaptive Penalty | beta1:2.25 | beta2:2.31 | k:8
Before optimization overall scores           : ndcg@10=0.4508 f1@10=0.1578
Before optimization group 1 (active) scores  : ndcg@10=0.6629 f1@10=0.3385
Before optimization group 2 (inactive) scores: ndcg@10=0.4316 f1@10=0.1415
Before optimization UGF (f1@10): 0.1970 (19.70%) | UGF (ndcg@10): 0.2313 (23.13%)
Epsilon: 0.0985
Early stop at generation 16: first feasible solution found
CPU time: 3.81 seconds
After optimization overall metric scores     : ndcg@10=0.4411 f1@10=0.1434
After optimization group 1 (active) scores   : ndcg@10=0.5901 f1@10=0.2250
After optimization group 2 (inactive) scores : ndcg@10=0.4276 f1@10=0.1360
After optimization UGF (f1@10): 0.0891 (8.91%) | UGF (ndcg@10): 0.1626 (16.26%)
UGF reduction: 0.1080 (54.8%)
Constraint satisfied: True
GA Optimizer | Model:biasedMF | Dataset:dataset\5Grocery-rand | Group:sum_0.05 | K=10 | Fairness_metric=f1
GA Parameters | Pop:10 | Gen:1000 | Mut:0.3145 | Cross:0.5857
Adaptive Penalty | beta1:2.25 | beta2:2.31 | k:8
Before optimization overall scores           : ndcg@10=0.4508 f1@10=0.1578
Before optimization group 1 (active) scores  : ndcg@10=0.6629 f1@10=0.3385
Before optimization group 2 (inactive) scores: ndcg@10=0.4316 f1@10=0.1415
Before optimization UGF (f1@10): 0.1970 (19.70%) | UGF (ndcg@10): 0.2313 (23.13%)
Epsilon: 0.0985
Early stop at generation 15: first feasible solution found
CPU time: 3.64 seconds
After optimization overall metric scores     : ndcg@10=0.4397 f1@10=0.1430
After optimization group 1 (active) scores   : ndcg@10=0.5800 f1@10=0.2257
After optimization group 2 (inactive) scores : ndcg@10=0.4270 f1@10=0.1355
After optimization UGF (f1@10): 0.0902 (9.02%) | UGF (ndcg@10): 0.1531 (15.31%)
UGF reduction: 0.1069 (54.2%)
Constraint satisfied: True
GA Optimizer | Model:biasedMF | Dataset:dataset\5Grocery-rand | Group:sum_0.05 | K=10 | Fairness_metric=f1
GA Parameters | Pop:10 | Gen:1000 | Mut:0.3145 | Cross:0.5857
Adaptive Penalty | beta1:2.25 | beta2:2.31 | k:8
Before optimization overall scores           : ndcg@10=0.4508 f1@10=0.1578
Before optimization group 1 (active) scores  : ndcg@10=0.6629 f1@10=0.3385
Before optimization group 2 (inactive) scores: ndcg@10=0.4316 f1@10=0.1415
Before optimization UGF (f1@10): 0.1970 (19.70%) | UGF (ndcg@10): 0.2313 (23.13%)
Epsilon: 0.0985
Early stop at generation 14: first feasible solution found
CPU time: 3.41 seconds
After optimization overall metric scores     : ndcg@10=0.4408 f1@10=0.1450
After optimization group 1 (active) scores   : ndcg@10=0.5736 f1@10=0.2346
After optimization group 2 (inactive) scores : ndcg@10=0.4287 f1@10=0.1369
After optimization UGF (f1@10): 0.0977 (9.77%) | UGF (ndcg@10): 0.1449 (14.49%)
UGF reduction: 0.0994 (50.4%)
Constraint satisfied: True
GA Optimizer | Model:biasedMF | Dataset:dataset\5Grocery-rand | Group:sum_0.05 | K=10 | Fairness_metric=f1
GA Parameters | Pop:10 | Gen:1000 | Mut:0.3145 | Cross:0.5857
Adaptive Penalty | beta1:2.25 | beta2:2.31 | k:8
Before optimization overall scores           : ndcg@10=0.4508 f1@10=0.1578
Before optimization group 1 (active) scores  : ndcg@10=0.6629 f1@10=0.3385
Before optimization group 2 (inactive) scores: ndcg@10=0.4316 f1@10=0.1415
Before optimization UGF (f1@10): 0.1970 (19.70%) | UGF (ndcg@10): 0.2313 (23.13%)
Epsilon: 0.0985
Early stop at generation 15: first feasible solution found
CPU time: 3.63 seconds
After optimization overall metric scores     : ndcg@10=0.4411 f1@10=0.1439
After optimization group 1 (active) scores   : ndcg@10=0.5868 f1@10=0.2303
After optimization group 2 (inactive) scores : ndcg@10=0.4279 f1@10=0.1360
After optimization UGF (f1@10): 0.0943 (9.43%) | UGF (ndcg@10): 0.1588 (15.88%)
UGF reduction: 0.1028 (52.2%)
Constraint satisfied: True
GA Optimizer | Model:biasedMF | Dataset:dataset\5Grocery-rand | Group:sum_0.05 | K=10 | Fairness_metric=f1
GA Parameters | Pop:10 | Gen:1000 | Mut:0.3145 | Cross:0.5857
Adaptive Penalty | beta1:2.25 | beta2:2.31 | k:8
Before optimization overall scores           : ndcg@10=0.4508 f1@10=0.1578
Before optimization group 1 (active) scores  : ndcg@10=0.6629 f1@10=0.3385
Before optimization group 2 (inactive) scores: ndcg@10=0.4316 f1@10=0.1415
Before optimization UGF (f1@10): 0.1970 (19.70%) | UGF (ndcg@10): 0.2313 (23.13%)
Epsilon: 0.0985
Early stop at generation 15: first feasible solution found
CPU time: 3.64 seconds
After optimization overall metric scores     : ndcg@10=0.4406 f1@10=0.1427
After optimization group 1 (active) scores   : ndcg@10=0.5918 f1@10=0.2278
After optimization group 2 (inactive) scores : ndcg@10=0.4269 f1@10=0.1350
After optimization UGF (f1@10): 0.0928 (9.28%) | UGF (ndcg@10): 0.1649 (16.49%)
UGF reduction: 0.1042 (52.9%)
Constraint satisfied: True
GA Optimizer | Model:biasedMF | Dataset:dataset\5Grocery-rand | Group:sum_0.05 | K=10 | Fairness_metric=f1
GA Parameters | Pop:10 | Gen:1000 | Mut:0.3145 | Cross:0.5857
Adaptive Penalty | beta1:2.25 | beta2:2.31 | k:8
Before optimization overall scores           : ndcg@10=0.4508 f1@10=0.1578
Before optimization group 1 (active) scores  : ndcg@10=0.6629 f1@10=0.3385
Before optimization group 2 (inactive) scores: ndcg@10=0.4316 f1@10=0.1415
Before optimization UGF (f1@10): 0.1970 (19.70%) | UGF (ndcg@10): 0.2313 (23.13%)
Epsilon: 0.0985
Early stop at generation 14: first feasible solution found
CPU time: 3.39 seconds
After optimization overall metric scores     : ndcg@10=0.4410 f1@10=0.1446
After optimization group 1 (active) scores   : ndcg@10=0.5840 f1@10=0.2346
After optimization group 2 (inactive) scores : ndcg@10=0.4281 f1@10=0.1365
After optimization UGF (f1@10): 0.0982 (9.82%) | UGF (ndcg@10): 0.1559 (15.59%)
UGF reduction: 0.0989 (50.2%)
Constraint satisfied: True
GA Optimizer | Model:biasedMF | Dataset:dataset\5Grocery-rand | Group:sum_0.05 | K=10 | Fairness_metric=f1
GA Parameters | Pop:10 | Gen:1000 | Mut:0.3145 | Cross:0.5857
Adaptive Penalty | beta1:2.25 | beta2:2.31 | k:8
Before optimization overall scores           : ndcg@10=0.4508 f1@10=0.1578
Before optimization group 1 (active) scores  : ndcg@10=0.6629 f1@10=0.3385
Before optimization group 2 (inactive) scores: ndcg@10=0.4316 f1@10=0.1415
Before optimization UGF (f1@10): 0.1970 (19.70%) | UGF (ndcg@10): 0.2313 (23.13%)
Epsilon: 0.0985
Early stop at generation 15: first feasible solution found
CPU time: 3.63 seconds
After optimization overall metric scores     : ndcg@10=0.4398 f1@10=0.1433
After optimization group 1 (active) scores   : ndcg@10=0.5807 f1@10=0.2283
After optimization group 2 (inactive) scores : ndcg@10=0.4270 f1@10=0.1356
After optimization UGF (f1@10): 0.0927 (9.27%) | UGF (ndcg@10): 0.1537 (15.37%)
UGF reduction: 0.1043 (52.9%)
Constraint satisfied: True
GA Optimizer | Model:biasedMF | Dataset:dataset\5Grocery-rand | Group:sum_0.05 | K=10 | Fairness_metric=f1
GA Parameters | Pop:10 | Gen:1000 | Mut:0.3145 | Cross:0.5857
Adaptive Penalty | beta1:2.25 | beta2:2.31 | k:8
Before optimization overall scores           : ndcg@10=0.4508 f1@10=0.1578
Before optimization group 1 (active) scores  : ndcg@10=0.6629 f1@10=0.3385
Before optimization group 2 (inactive) scores: ndcg@10=0.4316 f1@10=0.1415
Before optimization UGF (f1@10): 0.1970 (19.70%) | UGF (ndcg@10): 0.2313 (23.13%)
Epsilon: 0.0985
Early stop at generation 15: first feasible solution found
CPU time: 3.66 seconds
After optimization overall metric scores     : ndcg@10=0.4424 f1@10=0.1438
After optimization group 1 (active) scores   : ndcg@10=0.5948 f1@10=0.2341
After optimization group 2 (inactive) scores : ndcg@10=0.4285 f1@10=0.1357
After optimization UGF (f1@10): 0.0984 (9.84%) | UGF (ndcg@10): 0.1662 (16.62%)
UGF reduction: 0.0986 (50.1%)
Constraint satisfied: True
GA Optimizer | Model:biasedMF | Dataset:dataset\5Grocery-rand | Group:sum_0.05 | K=10 | Fairness_metric=f1
GA Parameters | Pop:10 | Gen:1000 | Mut:0.3145 | Cross:0.5857
Adaptive Penalty | beta1:2.25 | beta2:2.31 | k:8
Before optimization overall scores           : ndcg@10=0.4508 f1@10=0.1578
Before optimization group 1 (active) scores  : ndcg@10=0.6629 f1@10=0.3385
Before optimization group 2 (inactive) scores: ndcg@10=0.4316 f1@10=0.1415
Before optimization UGF (f1@10): 0.1970 (19.70%) | UGF (ndcg@10): 0.2313 (23.13%)
Epsilon: 0.0985
Early stop at generation 15: first feasible solution found
CPU time: 3.65 seconds
After optimization overall metric scores     : ndcg@10=0.4417 f1@10=0.1443
After optimization group 1 (active) scores   : ndcg@10=0.5885 f1@10=0.2333
After optimization group 2 (inactive) scores : ndcg@10=0.4284 f1@10=0.1362
After optimization UGF (f1@10): 0.0970 (9.70%) | UGF (ndcg@10): 0.1600 (16.00%)
UGF reduction: 0.1000 (50.8%)
Constraint satisfied: True
GA Optimizer | Model:biasedMF | Dataset:dataset\5Grocery-rand | Group:sum_0.05 | K=10 | Fairness_metric=f1
GA Parameters | Pop:10 | Gen:1000 | Mut:0.3145 | Cross:0.5857
Adaptive Penalty | beta1:2.25 | beta2:2.31 | k:8
Before optimization overall scores           : ndcg@10=0.4508 f1@10=0.1578
Before optimization group 1 (active) scores  : ndcg@10=0.6629 f1@10=0.3385
Before optimization group 2 (inactive) scores: ndcg@10=0.4316 f1@10=0.1415
Before optimization UGF (f1@10): 0.1970 (19.70%) | UGF (ndcg@10): 0.2313 (23.13%)
Epsilon: 0.0985
Early stop at generation 15: first feasible solution found
CPU time: 3.65 seconds
After optimization overall metric scores     : ndcg@10=0.4413 f1@10=0.1440
After optimization group 1 (active) scores   : ndcg@10=0.5930 f1@10=0.2335
After optimization group 2 (inactive) scores : ndcg@10=0.4276 f1@10=0.1359
After optimization UGF (f1@10): 0.0975 (9.75%) | UGF (ndcg@10): 0.1654 (16.54%)
UGF reduction: 0.0995 (50.5%)
Constraint satisfied: True
GA Optimizer | Model:biasedMF | Dataset:dataset\5Grocery-rand | Group:sum_0.05 | K=10 | Fairness_metric=f1
GA Parameters | Pop:10 | Gen:1000 | Mut:0.3145 | Cross:0.5857
Adaptive Penalty | beta1:2.25 | beta2:2.31 | k:8
Before optimization overall scores           : ndcg@10=0.4508 f1@10=0.1578
Before optimization group 1 (active) scores  : ndcg@10=0.6629 f1@10=0.3385
Before optimization group 2 (inactive) scores: ndcg@10=0.4316 f1@10=0.1415
Before optimization UGF (f1@10): 0.1970 (19.70%) | UGF (ndcg@10): 0.2313 (23.13%)
Epsilon: 0.0985
Early stop at generation 15: first feasible solution found
CPU time: 3.60 seconds
After optimization overall metric scores     : ndcg@10=0.4421 f1@10=0.1432
After optimization group 1 (active) scores   : ndcg@10=0.6012 f1@10=0.2271
After optimization group 2 (inactive) scores : ndcg@10=0.4277 f1@10=0.1356
After optimization UGF (f1@10): 0.0915 (9.15%) | UGF (ndcg@10): 0.1735 (17.35%)
UGF reduction: 0.1055 (53.5%)
Constraint satisfied: True
