Loaded vectorized data from cache: C:\Users\lucas\Projects\user-fairness\src\cache\vectorized_cache_5Health-rand_NCF_0.05_count_k10.pkl
Tuner initialized for NCF/0.05_count
Starting hyperparameter tuning with 50 trials...
GA Optimizer | Model:NCF | Dataset:dataset\5Health-rand | Group:0.05_count | K=10 | Fairness_metric=f1
GA Parameters | Pop:40 | Gen:50 | Mut:0.4463590152176813 | Cross:0.8659969709057025
Adaptive Penalty | beta1:1.3964354168406294 | beta2:1.3963895886387852 | k:3
Before optimization overall scores           : ndcg@10=0.3355 f1@10=0.1220
Before optimization group 1 (active) scores  : ndcg@10=0.6172 f1@10=0.3184
Before optimization group 2 (inactive) scores: ndcg@10=0.3091 f1@10=0.1036
Before optimization UGF (f1@10): 0.2148 (21.48%)
Epsilon: 0.1074
Early stop at generation 10: first feasible solution found
CPU time: 73.13 seconds
After optimization overall metric scores     : ndcg@10=0.3180 f1@10=0.1060
After optimization group 1 (active) scores   : ndcg@10=0.5322 f1@10=0.2174
After optimization group 2 (inactive) scores : ndcg@10=0.2995 f1@10=0.0969
After optimization UGF: 0.1068
UGF reduction: 0.1080 (50.3%)
Constraint satisfied: True
Trial 0: fitness=458430.22, f1=0.1060, ugf=0.1068, time=73.13s
Trial 0: combined_score=22.9283 (quality=45.8430, speed=0.0135)
GA Optimizer | Model:NCF | Dataset:dataset\5Health-rand | Group:0.05_count | K=10 | Fairness_metric=f1
GA Parameters | Pop:90 | Gen:50 | Mut:0.19956529392808392 | Cross:0.8540362888980227
Adaptive Penalty | beta1:2.9428287191077893 | beta2:2.6816410175208016 | k:4
Before optimization overall scores           : ndcg@10=0.3355 f1@10=0.1220
Before optimization group 1 (active) scores  : ndcg@10=0.6172 f1@10=0.3184
Before optimization group 2 (inactive) scores: ndcg@10=0.3091 f1@10=0.1036
Before optimization UGF (f1@10): 0.2148 (21.48%)
Epsilon: 0.1074
Early stop at generation 15: first feasible solution found
CPU time: 153.05 seconds
After optimization overall metric scores     : ndcg@10=0.3203 f1@10=0.1078
After optimization group 1 (active) scores   : ndcg@10=0.5210 f1@10=0.2185
After optimization group 2 (inactive) scores : ndcg@10=0.3016 f1@10=0.0976
After optimization UGF: 0.1063
UGF reduction: 0.1085 (50.5%)
Constraint satisfied: True
Trial 1: fitness=458334.50, f1=0.1078, ugf=0.1063, time=153.05s
Trial 1: combined_score=22.9200 (quality=45.8335, speed=0.0065)
GA Optimizer | Model:NCF | Dataset:dataset\5Health-rand | Group:0.05_count | K=10 | Fairness_metric=f1
GA Parameters | Pop:20 | Gen:50 | Mut:0.07627364729026305 | Cross:0.6521211214797689
Adaptive Penalty | beta1:1.9206955354200201 | beta2:1.6533353663762798 | k:7
Before optimization overall scores           : ndcg@10=0.3355 f1@10=0.1220
Before optimization group 1 (active) scores  : ndcg@10=0.6172 f1@10=0.3184
Before optimization group 2 (inactive) scores: ndcg@10=0.3091 f1@10=0.1036
Before optimization UGF (f1@10): 0.2148 (21.48%)
Epsilon: 0.1074
CPU time: 32.75 seconds
After optimization overall metric scores     : ndcg@10=0.3322 f1@10=0.1202
After optimization group 1 (active) scores   : ndcg@10=0.6130 f1@10=0.3137
After optimization group 2 (inactive) scores : ndcg@10=0.3055 f1@10=0.1017
After optimization UGF: 0.2115
UGF reduction: 0.0033 (1.6%)
Constraint satisfied: False
Trial 2: fitness=458261.69, f1=0.1202, ugf=0.2115, time=32.75s
Trial 2: INFEASIBLE (UGF constraint not satisfied) - excluded from selection
GA Optimizer | Model:NCF | Dataset:dataset\5Health-rand | Group:0.05_count | K=10 | Fairness_metric=f1
GA Parameters | Pop:20 | Gen:50 | Mut:0.0979748602933958 | Cross:0.6831809216468459
Adaptive Penalty | beta1:2.591834326646726 | beta2:1.4793801861008835 | k:7
Before optimization overall scores           : ndcg@10=0.3355 f1@10=0.1220
Before optimization group 1 (active) scores  : ndcg@10=0.6172 f1@10=0.3184
Before optimization group 2 (inactive) scores: ndcg@10=0.3091 f1@10=0.1036
Before optimization UGF (f1@10): 0.2148 (21.48%)
Epsilon: 0.1074
CPU time: 38.03 seconds
After optimization overall metric scores     : ndcg@10=0.3331 f1@10=0.1205
After optimization group 1 (active) scores   : ndcg@10=0.6148 f1@10=0.3136
After optimization group 2 (inactive) scores : ndcg@10=0.3068 f1@10=0.1024
After optimization UGF: 0.2109
UGF reduction: 0.0039 (1.8%)
Constraint satisfied: False
Trial 3: fitness=458262.38, f1=0.1205, ugf=0.2109, time=38.03s
Trial 3: INFEASIBLE (UGF constraint not satisfied) - excluded from selection
GA Optimizer | Model:NCF | Dataset:dataset\5Health-rand | Group:0.05_count | K=10 | Fairness_metric=f1
GA Parameters | Pop:60 | Gen:50 | Mut:0.05564426587452864 | Cross:0.8037724259507192
Adaptive Penalty | beta1:1.2235980266720312 | beta2:2.902882520781333 | k:10
Before optimization overall scores           : ndcg@10=0.3355 f1@10=0.1220
Before optimization group 1 (active) scores  : ndcg@10=0.6172 f1@10=0.3184
Before optimization group 2 (inactive) scores: ndcg@10=0.3091 f1@10=0.1036
Before optimization UGF (f1@10): 0.2148 (21.48%)
Epsilon: 0.1074
CPU time: 134.13 seconds
After optimization overall metric scores     : ndcg@10=0.3325 f1@10=0.1201
After optimization group 1 (active) scores   : ndcg@10=0.6119 f1@10=0.3120
After optimization group 2 (inactive) scores : ndcg@10=0.3063 f1@10=0.1022
After optimization UGF: 0.2096
UGF reduction: 0.0052 (2.4%)
Constraint satisfied: False
Trial 4: fitness=458407.69, f1=0.1201, ugf=0.2096, time=134.13s
Trial 4: INFEASIBLE (UGF constraint not satisfied) - excluded from selection
GA Optimizer | Model:NCF | Dataset:dataset\5Health-rand | Group:0.05_count | K=10 | Fairness_metric=f1
GA Parameters | Pop:90 | Gen:50 | Mut:0.10082860845904294 | Cross:0.5488360570031919
Adaptive Penalty | beta1:1.9362897381052426 | beta2:1.3318726462050798 | k:6
Before optimization overall scores           : ndcg@10=0.3355 f1@10=0.1220
Before optimization group 1 (active) scores  : ndcg@10=0.6172 f1@10=0.3184
Before optimization group 2 (inactive) scores: ndcg@10=0.3091 f1@10=0.1036
Before optimization UGF (f1@10): 0.2148 (21.48%)
Epsilon: 0.1074
Early stop at generation 37: first feasible solution found
CPU time: 299.54 seconds
After optimization overall metric scores     : ndcg@10=0.3208 f1@10=0.1084
After optimization group 1 (active) scores   : ndcg@10=0.5141 f1@10=0.2165
After optimization group 2 (inactive) scores : ndcg@10=0.3029 f1@10=0.0982
After optimization UGF: 0.1057
UGF reduction: 0.1091 (50.8%)
Constraint satisfied: True
Trial 5: fitness=458406.38, f1=0.1084, ugf=0.1057, time=299.54s
Trial 5: combined_score=22.9220 (quality=45.8406, speed=0.0033)
GA Optimizer | Model:NCF | Dataset:dataset\5Health-rand | Group:0.05_count | K=10 | Fairness_metric=f1
GA Parameters | Pop:10 | Gen:50 | Mut:0.40577978379852503 | Cross:0.6293899908000085
Adaptive Penalty | beta1:1.6922510445698808 | beta2:2.0881292402378406 | k:7
Before optimization overall scores           : ndcg@10=0.3355 f1@10=0.1220
Before optimization group 1 (active) scores  : ndcg@10=0.6172 f1@10=0.3184
Before optimization group 2 (inactive) scores: ndcg@10=0.3091 f1@10=0.1036
Before optimization UGF (f1@10): 0.2148 (21.48%)
Epsilon: 0.1074
Early stop at generation 14: first feasible solution found
CPU time: 15.14 seconds
After optimization overall metric scores     : ndcg@10=0.3181 f1@10=0.1054
After optimization group 1 (active) scores   : ndcg@10=0.5254 f1@10=0.2080
After optimization group 2 (inactive) scores : ndcg@10=0.2989 f1@10=0.0956
After optimization UGF: 0.1038
UGF reduction: 0.1110 (51.7%)
Constraint satisfied: True
Trial 6: fitness=458169.75, f1=0.1054, ugf=0.1038, time=15.14s
Trial 6: combined_score=22.9395 (quality=45.8170, speed=0.0619)
GA Optimizer | Model:NCF | Dataset:dataset\5Health-rand | Group:0.05_count | K=10 | Fairness_metric=f1
GA Parameters | Pop:20 | Gen:50 | Mut:0.4661810675890738 | Cross:0.8875664116805573
Adaptive Penalty | beta1:2.800171965812533 | beta2:2.236009959741062 | k:10
Before optimization overall scores           : ndcg@10=0.3355 f1@10=0.1220
Before optimization group 1 (active) scores  : ndcg@10=0.6172 f1@10=0.3184
Before optimization group 2 (inactive) scores: ndcg@10=0.3091 f1@10=0.1036
Before optimization UGF (f1@10): 0.2148 (21.48%)
Epsilon: 0.1074
Early stop at generation 16: first feasible solution found
CPU time: 38.79 seconds
After optimization overall metric scores     : ndcg@10=0.3197 f1@10=0.1064
After optimization group 1 (active) scores   : ndcg@10=0.5293 f1@10=0.2096
After optimization group 2 (inactive) scores : ndcg@10=0.2988 f1@10=0.0956
After optimization UGF: 0.1040
UGF reduction: 0.1108 (51.6%)
Constraint satisfied: True
Trial 7: fitness=458450.62, f1=0.1064, ugf=0.1040, time=38.79s
Trial 7: combined_score=22.9351 (quality=45.8451, speed=0.0251)
GA Optimizer | Model:NCF | Dataset:dataset\5Health-rand | Group:0.05_count | K=10 | Fairness_metric=f1
GA Parameters | Pop:10 | Gen:50 | Mut:0.07851504189403356 | Cross:0.522613644455269
Adaptive Penalty | beta1:1.8384868504100158 | beta2:1.6155631603704022 | k:9
Before optimization overall scores           : ndcg@10=0.3355 f1@10=0.1220
Before optimization group 1 (active) scores  : ndcg@10=0.6172 f1@10=0.3184
Before optimization group 2 (inactive) scores: ndcg@10=0.3091 f1@10=0.1036
Before optimization UGF (f1@10): 0.2148 (21.48%)
Epsilon: 0.1074
CPU time: 16.73 seconds
After optimization overall metric scores     : ndcg@10=0.3337 f1@10=0.1205
After optimization group 1 (active) scores   : ndcg@10=0.6133 f1@10=0.3125
After optimization group 2 (inactive) scores : ndcg@10=0.3074 f1@10=0.1026
After optimization UGF: 0.2098
UGF reduction: 0.0050 (2.3%)
Constraint satisfied: False
Trial 8: fitness=457973.62, f1=0.1205, ugf=0.2098, time=16.73s
Trial 8: INFEASIBLE (UGF constraint not satisfied) - excluded from selection
GA Optimizer | Model:NCF | Dataset:dataset\5Health-rand | Group:0.05_count | K=10 | Fairness_metric=f1
GA Parameters | Pop:40 | Gen:50 | Mut:0.09547826400522687 | Cross:0.7713480415791243
Adaptive Penalty | beta1:2.6241742634326757 | beta2:1.2416462229915646 | k:10
Before optimization overall scores           : ndcg@10=0.3355 f1@10=0.1220
Before optimization group 1 (active) scores  : ndcg@10=0.6172 f1@10=0.3184
Before optimization group 2 (inactive) scores: ndcg@10=0.3091 f1@10=0.1036
Before optimization UGF (f1@10): 0.2148 (21.48%)
Epsilon: 0.1074
Early stop at generation 41: first feasible solution found
CPU time: 98.04 seconds
After optimization overall metric scores     : ndcg@10=0.3206 f1@10=0.1084
After optimization group 1 (active) scores   : ndcg@10=0.5160 f1@10=0.2160
After optimization group 2 (inactive) scores : ndcg@10=0.3013 f1@10=0.0974
After optimization UGF: 0.1055
UGF reduction: 0.1093 (50.9%)
Constraint satisfied: True
Trial 9: fitness=458364.66, f1=0.1084, ugf=0.1055, time=98.04s
Trial 9: combined_score=22.9233 (quality=45.8365, speed=0.0101)
GA Optimizer | Model:NCF | Dataset:dataset\5Health-rand | Group:0.05_count | K=10 | Fairness_metric=f1
GA Parameters | Pop:60 | Gen:50 | Mut:0.25415792507713414 | Cross:0.9847685553939328
Adaptive Penalty | beta1:1.6181050666820607 | beta2:2.127793425533541 | k:5
Before optimization overall scores           : ndcg@10=0.3355 f1@10=0.1220
Before optimization group 1 (active) scores  : ndcg@10=0.6172 f1@10=0.3184
Before optimization group 2 (inactive) scores: ndcg@10=0.3091 f1@10=0.1036
Before optimization UGF (f1@10): 0.2148 (21.48%)
Epsilon: 0.1074
Early stop at generation 23: first feasible solution found
CPU time: 136.56 seconds
After optimization overall metric scores     : ndcg@10=0.3210 f1@10=0.1076
After optimization group 1 (active) scores   : ndcg@10=0.5290 f1@10=0.2183
After optimization group 2 (inactive) scores : ndcg@10=0.3017 f1@10=0.0973
After optimization UGF: 0.1063
UGF reduction: 0.1085 (50.5%)
Constraint satisfied: True
Trial 10: fitness=458454.38, f1=0.1076, ugf=0.1063, time=136.56s
Trial 10: combined_score=22.9264 (quality=45.8454, speed=0.0073)
GA Optimizer | Model:NCF | Dataset:dataset\5Health-rand | Group:0.05_count | K=10 | Fairness_metric=f1
GA Parameters | Pop:10 | Gen:50 | Mut:0.46668060397315436 | Cross:0.9801916705804353
Adaptive Penalty | beta1:2.2870539480781384 | beta2:2.2127370369837345 | k:8
Before optimization overall scores           : ndcg@10=0.3355 f1@10=0.1220
Before optimization group 1 (active) scores  : ndcg@10=0.6172 f1@10=0.3184
Before optimization group 2 (inactive) scores: ndcg@10=0.3091 f1@10=0.1036
Before optimization UGF (f1@10): 0.2148 (21.48%)
Epsilon: 0.1074
Early stop at generation 14: first feasible solution found
CPU time: 17.07 seconds
After optimization overall metric scores     : ndcg@10=0.3213 f1@10=0.1076
After optimization group 1 (active) scores   : ndcg@10=0.5274 f1@10=0.2148
After optimization group 2 (inactive) scores : ndcg@10=0.3018 f1@10=0.0974
After optimization UGF: 0.1016
UGF reduction: 0.1132 (52.7%)
Constraint satisfied: True
Trial 11: fitness=458298.25, f1=0.1076, ugf=0.1016, time=17.07s
Trial 11: combined_score=22.9426 (quality=45.8298, speed=0.0553)
GA Optimizer | Model:NCF | Dataset:dataset\5Health-rand | Group:0.05_count | K=10 | Fairness_metric=f1
GA Parameters | Pop:40 | Gen:50 | Mut:0.30552360878645357 | Cross:0.6396470776224414
Adaptive Penalty | beta1:2.350923692492279 | beta2:2.377737988514157 | k:8
Before optimization overall scores           : ndcg@10=0.3355 f1@10=0.1220
Before optimization group 1 (active) scores  : ndcg@10=0.6172 f1@10=0.3184
Before optimization group 2 (inactive) scores: ndcg@10=0.3091 f1@10=0.1036
Before optimization UGF (f1@10): 0.2148 (21.48%)
Epsilon: 0.1074
Early stop at generation 16: first feasible solution found
CPU time: 63.18 seconds
After optimization overall metric scores     : ndcg@10=0.3202 f1@10=0.1075
After optimization group 1 (active) scores   : ndcg@10=0.5235 f1@10=0.2166
After optimization group 2 (inactive) scores : ndcg@10=0.3000 f1@10=0.0963
After optimization UGF: 0.1069
UGF reduction: 0.1079 (50.2%)
Constraint satisfied: True
Trial 12: fitness=458404.19, f1=0.1075, ugf=0.1069, time=63.18s
Trial 12: combined_score=22.9280 (quality=45.8404, speed=0.0156)
GA Optimizer | Model:NCF | Dataset:dataset\5Health-rand | Group:0.05_count | K=10 | Fairness_metric=f1
GA Parameters | Pop:10 | Gen:50 | Mut:0.30909746173045444 | Cross:0.9604556200228358
Adaptive Penalty | beta1:2.250406579338134 | beta2:1.8793413151152447 | k:8
Before optimization overall scores           : ndcg@10=0.3355 f1@10=0.1220
Before optimization group 1 (active) scores  : ndcg@10=0.6172 f1@10=0.3184
Before optimization group 2 (inactive) scores: ndcg@10=0.3091 f1@10=0.1036
Before optimization UGF (f1@10): 0.2148 (21.48%)
Epsilon: 0.1074
Early stop at generation 17: first feasible solution found
CPU time: 14.83 seconds
After optimization overall metric scores     : ndcg@10=0.3204 f1@10=0.1065
After optimization group 1 (active) scores   : ndcg@10=0.5302 f1@10=0.2096
After optimization group 2 (inactive) scores : ndcg@10=0.2996 f1@10=0.0959
After optimization UGF: 0.0987
UGF reduction: 0.1161 (54.1%)
Constraint satisfied: True
Trial 13: fitness=458228.31, f1=0.1065, ugf=0.0987, time=14.83s
Trial 13: combined_score=22.9430 (quality=45.8228, speed=0.0632)
GA Optimizer | Model:NCF | Dataset:dataset\5Health-rand | Group:0.05_count | K=10 | Fairness_metric=f1
GA Parameters | Pop:30 | Gen:50 | Mut:0.30350175318010797 | Cross:0.9996812193207756
Adaptive Penalty | beta1:2.2225348171909656 | beta2:1.8483199859529666 | k:8
Before optimization overall scores           : ndcg@10=0.3355 f1@10=0.1220
Before optimization group 1 (active) scores  : ndcg@10=0.6172 f1@10=0.3184
Before optimization group 2 (inactive) scores: ndcg@10=0.3091 f1@10=0.1036
Before optimization UGF (f1@10): 0.2148 (21.48%)
Epsilon: 0.1074
Early stop at generation 16: first feasible solution found
CPU time: 41.33 seconds
After optimization overall metric scores     : ndcg@10=0.3205 f1@10=0.1075
After optimization group 1 (active) scores   : ndcg@10=0.5254 f1@10=0.2175
After optimization group 2 (inactive) scores : ndcg@10=0.3001 f1@10=0.0963
After optimization UGF: 0.1073
UGF reduction: 0.1075 (50.0%)
Constraint satisfied: True
Trial 14: fitness=458370.25, f1=0.1075, ugf=0.1073, time=41.33s
Trial 14: combined_score=22.9303 (quality=45.8370, speed=0.0236)
GA Optimizer | Model:NCF | Dataset:dataset\5Health-rand | Group:0.05_count | K=10 | Fairness_metric=f1
GA Parameters | Pop:70 | Gen:50 | Mut:0.17017526136142117 | Cross:0.9325933124846999
Adaptive Penalty | beta1:2.2812969527922045 | beta2:2.465047264207271 | k:8
Before optimization overall scores           : ndcg@10=0.3355 f1@10=0.1220
Before optimization group 1 (active) scores  : ndcg@10=0.6172 f1@10=0.3184
Before optimization group 2 (inactive) scores: ndcg@10=0.3091 f1@10=0.1036
Before optimization UGF (f1@10): 0.2148 (21.48%)
Epsilon: 0.1074
Early stop at generation 29: first feasible solution found
CPU time: 156.53 seconds
After optimization overall metric scores     : ndcg@10=0.3204 f1@10=0.1076
After optimization group 1 (active) scores   : ndcg@10=0.5145 f1@10=0.2140
After optimization group 2 (inactive) scores : ndcg@10=0.3013 f1@10=0.0967
After optimization UGF: 0.1049
UGF reduction: 0.1099 (51.2%)
Constraint satisfied: True
Trial 15: fitness=458535.81, f1=0.1076, ugf=0.1049, time=156.53s
Trial 15: combined_score=22.9300 (quality=45.8536, speed=0.0063)
GA Optimizer | Model:NCF | Dataset:dataset\5Health-rand | Group:0.05_count | K=10 | Fairness_metric=f1
GA Parameters | Pop:10 | Gen:50 | Mut:0.3374537337733944 | Cross:0.9462882367134829
Adaptive Penalty | beta1:2.440455651551775 | beta2:1.8838033114273922 | k:6
Before optimization overall scores           : ndcg@10=0.3355 f1@10=0.1220
Before optimization group 1 (active) scores  : ndcg@10=0.6172 f1@10=0.3184
Before optimization group 2 (inactive) scores: ndcg@10=0.3091 f1@10=0.1036
Before optimization UGF (f1@10): 0.2148 (21.48%)
Epsilon: 0.1074
Early stop at generation 20: first feasible solution found
CPU time: 18.53 seconds
After optimization overall metric scores     : ndcg@10=0.3215 f1@10=0.1076
After optimization group 1 (active) scores   : ndcg@10=0.5341 f1@10=0.2171
After optimization group 2 (inactive) scores : ndcg@10=0.3015 f1@10=0.0973
After optimization UGF: 0.1067
UGF reduction: 0.1081 (50.3%)
Constraint satisfied: True
Trial 16: fitness=458365.75, f1=0.1076, ugf=0.1067, time=18.53s
Trial 16: combined_score=22.9439 (quality=45.8366, speed=0.0512)
GA Optimizer | Model:NCF | Dataset:dataset\5Health-rand | Group:0.05_count | K=10 | Fairness_metric=f1
GA Parameters | Pop:30 | Gen:50 | Mut:0.23361736217301401 | Cross:0.9177121169567403
Adaptive Penalty | beta1:2.5843473523112435 | beta2:1.8297168296519928 | k:5
Before optimization overall scores           : ndcg@10=0.3355 f1@10=0.1220
Before optimization group 1 (active) scores  : ndcg@10=0.6172 f1@10=0.3184
Before optimization group 2 (inactive) scores: ndcg@10=0.3091 f1@10=0.1036
Before optimization UGF (f1@10): 0.2148 (21.48%)
Epsilon: 0.1074
Early stop at generation 21: first feasible solution found
CPU time: 43.83 seconds
After optimization overall metric scores     : ndcg@10=0.3192 f1@10=0.1070
After optimization group 1 (active) scores   : ndcg@10=0.5189 f1@10=0.2129
After optimization group 2 (inactive) scores : ndcg@10=0.3006 f1@10=0.0971
After optimization UGF: 0.1043
UGF reduction: 0.1105 (51.4%)
Constraint satisfied: True
Trial 17: fitness=458388.69, f1=0.1070, ugf=0.1043, time=43.83s
Trial 17: combined_score=22.9306 (quality=45.8389, speed=0.0223)
GA Optimizer | Model:NCF | Dataset:dataset\5Health-rand | Group:0.05_count | K=10 | Fairness_metric=f1
GA Parameters | Pop:100 | Gen:50 | Mut:0.14017620414272094 | Cross:0.8146643330149077
Adaptive Penalty | beta1:2.1336059299735424 | beta2:1.8647530199133828 | k:6
Before optimization overall scores           : ndcg@10=0.3355 f1@10=0.1220
Before optimization group 1 (active) scores  : ndcg@10=0.6172 f1@10=0.3184
Before optimization group 2 (inactive) scores: ndcg@10=0.3091 f1@10=0.1036
Before optimization UGF (f1@10): 0.2148 (21.48%)
Epsilon: 0.1074
Early stop at generation 32: first feasible solution found
CPU time: 235.15 seconds
After optimization overall metric scores     : ndcg@10=0.3196 f1@10=0.1069
After optimization group 1 (active) scores   : ndcg@10=0.5243 f1@10=0.2184
After optimization group 2 (inactive) scores : ndcg@10=0.3008 f1@10=0.0970
After optimization UGF: 0.1068
UGF reduction: 0.1080 (50.3%)
Constraint satisfied: True
Trial 18: fitness=458343.19, f1=0.1069, ugf=0.1068, time=235.15s
Trial 18: combined_score=22.9193 (quality=45.8343, speed=0.0042)
GA Optimizer | Model:NCF | Dataset:dataset\5Health-rand | Group:0.05_count | K=10 | Fairness_metric=f1
GA Parameters | Pop:50 | Gen:50 | Mut:0.3381094225944963 | Cross:0.722412152128966
Adaptive Penalty | beta1:2.439623050521674 | beta2:1.9285896837873324 | k:5
Before optimization overall scores           : ndcg@10=0.3355 f1@10=0.1220
Before optimization group 1 (active) scores  : ndcg@10=0.6172 f1@10=0.3184
Before optimization group 2 (inactive) scores: ndcg@10=0.3091 f1@10=0.1036
Before optimization UGF (f1@10): 0.2148 (21.48%)
Epsilon: 0.1074
Early stop at generation 17: first feasible solution found
CPU time: 97.17 seconds
After optimization overall metric scores     : ndcg@10=0.3202 f1@10=0.1074
After optimization group 1 (active) scores   : ndcg@10=0.5312 f1@10=0.2167
After optimization group 2 (inactive) scores : ndcg@10=0.3002 f1@10=0.0970
After optimization UGF: 0.1066
UGF reduction: 0.1082 (50.4%)
Constraint satisfied: True
Trial 19: fitness=458349.56, f1=0.1074, ugf=0.1066, time=97.17s
Trial 19: combined_score=22.9226 (quality=45.8350, speed=0.0102)
GA Optimizer | Model:NCF | Dataset:dataset\5Health-rand | Group:0.05_count | K=10 | Fairness_metric=f1
GA Parameters | Pop:30 | Gen:50 | Mut:0.16051998990535885 | Cross:0.9371158895275773
Adaptive Penalty | beta1:2.061768889420169 | beta2:1.1027972469194092 | k:9
Before optimization overall scores           : ndcg@10=0.3355 f1@10=0.1220
Before optimization group 1 (active) scores  : ndcg@10=0.6172 f1@10=0.3184
Before optimization group 2 (inactive) scores: ndcg@10=0.3091 f1@10=0.1036
Before optimization UGF (f1@10): 0.2148 (21.48%)
Epsilon: 0.1074
Early stop at generation 31: first feasible solution found
CPU time: 66.47 seconds
After optimization overall metric scores     : ndcg@10=0.3201 f1@10=0.1078
After optimization group 1 (active) scores   : ndcg@10=0.5250 f1@10=0.2167
After optimization group 2 (inactive) scores : ndcg@10=0.3001 f1@10=0.0969
After optimization UGF: 0.1064
UGF reduction: 0.1085 (50.5%)
Constraint satisfied: True
Trial 20: fitness=458444.56, f1=0.1078, ugf=0.1064, time=66.47s
Trial 20: combined_score=22.9296 (quality=45.8445, speed=0.0148)
GA Optimizer | Model:NCF | Dataset:dataset\5Health-rand | Group:0.05_count | K=10 | Fairness_metric=f1
GA Parameters | Pop:10 | Gen:50 | Mut:0.3843119658349063 | Cross:0.9676029409665361
Adaptive Penalty | beta1:2.3948252926683264 | beta2:2.2873093898416763 | k:9
Before optimization overall scores           : ndcg@10=0.3355 f1@10=0.1220
Before optimization group 1 (active) scores  : ndcg@10=0.6172 f1@10=0.3184
Before optimization group 2 (inactive) scores: ndcg@10=0.3091 f1@10=0.1036
Before optimization UGF (f1@10): 0.2148 (21.48%)
Epsilon: 0.1074
Early stop at generation 16: first feasible solution found
CPU time: 16.55 seconds
After optimization overall metric scores     : ndcg@10=0.3206 f1@10=0.1073
After optimization group 1 (active) scores   : ndcg@10=0.5246 f1@10=0.2113
After optimization group 2 (inactive) scores : ndcg@10=0.3009 f1@10=0.0971
After optimization UGF: 0.1047
UGF reduction: 0.1101 (51.3%)
Constraint satisfied: True
Trial 21: fitness=458151.66, f1=0.1073, ugf=0.1047, time=16.55s
Trial 21: combined_score=22.9361 (quality=45.8152, speed=0.0570)
GA Optimizer | Model:NCF | Dataset:dataset\5Health-rand | Group:0.05_count | K=10 | Fairness_metric=f1
GA Parameters | Pop:10 | Gen:50 | Mut:0.48272902995205086 | Cross:0.9046110108045307
Adaptive Penalty | beta1:2.7655423417019884 | beta2:2.550376714971573 | k:8
Before optimization overall scores           : ndcg@10=0.3355 f1@10=0.1220
Before optimization group 1 (active) scores  : ndcg@10=0.6172 f1@10=0.3184
Before optimization group 2 (inactive) scores: ndcg@10=0.3091 f1@10=0.1036
Before optimization UGF (f1@10): 0.2148 (21.48%)
Epsilon: 0.1074
Early stop at generation 14: first feasible solution found
CPU time: 17.65 seconds
After optimization overall metric scores     : ndcg@10=0.3195 f1@10=0.1066
After optimization group 1 (active) scores   : ndcg@10=0.5205 f1@10=0.2102
After optimization group 2 (inactive) scores : ndcg@10=0.2997 f1@10=0.0959
After optimization UGF: 0.0982
UGF reduction: 0.1166 (54.3%)
Constraint satisfied: True
Trial 22: fitness=458078.69, f1=0.1066, ugf=0.0982, time=17.65s
Trial 22: combined_score=22.9307 (quality=45.8079, speed=0.0536)
GA Optimizer | Model:NCF | Dataset:dataset\5Health-rand | Group:0.05_count | K=10 | Fairness_metric=f1
GA Parameters | Pop:20 | Gen:50 | Mut:0.27011550773678505 | Cross:0.9553840196395196
Adaptive Penalty | beta1:2.4716310035554057 | beta2:1.64693563877364 | k:6
Before optimization overall scores           : ndcg@10=0.3355 f1@10=0.1220
Before optimization group 1 (active) scores  : ndcg@10=0.6172 f1@10=0.3184
Before optimization group 2 (inactive) scores: ndcg@10=0.3091 f1@10=0.1036
Before optimization UGF (f1@10): 0.2148 (21.48%)
Epsilon: 0.1074
Early stop at generation 22: first feasible solution found
CPU time: 34.23 seconds
After optimization overall metric scores     : ndcg@10=0.3186 f1@10=0.1056
After optimization group 1 (active) scores   : ndcg@10=0.5280 f1@10=0.2079
After optimization group 2 (inactive) scores : ndcg@10=0.2989 f1@10=0.0962
After optimization UGF: 0.1031
UGF reduction: 0.1117 (52.0%)
Constraint satisfied: True
Trial 23: fitness=458299.25, f1=0.1056, ugf=0.1031, time=34.23s
Trial 23: combined_score=22.9292 (quality=45.8299, speed=0.0284)
GA Optimizer | Model:NCF | Dataset:dataset\5Health-rand | Group:0.05_count | K=10 | Fairness_metric=f1
GA Parameters | Pop:10 | Gen:50 | Mut:0.3698191492578281 | Cross:0.8414863689599448
Adaptive Penalty | beta1:2.177442745254476 | beta2:1.987057936903144 | k:7
Before optimization overall scores           : ndcg@10=0.3355 f1@10=0.1220
Before optimization group 1 (active) scores  : ndcg@10=0.6172 f1@10=0.3184
Before optimization group 2 (inactive) scores: ndcg@10=0.3091 f1@10=0.1036
Before optimization UGF (f1@10): 0.2148 (21.48%)
Epsilon: 0.1074
Early stop at generation 15: first feasible solution found
CPU time: 15.11 seconds
After optimization overall metric scores     : ndcg@10=0.3180 f1@10=0.1051
After optimization group 1 (active) scores   : ndcg@10=0.5189 f1@10=0.2072
After optimization group 2 (inactive) scores : ndcg@10=0.3007 f1@10=0.0970
After optimization UGF: 0.0946
UGF reduction: 0.1202 (56.0%)
Constraint satisfied: True
Trial 24: fitness=458266.88, f1=0.1051, ugf=0.0946, time=15.11s
Trial 24: combined_score=22.9444 (quality=45.8267, speed=0.0621)
GA Optimizer | Model:NCF | Dataset:dataset\5Health-rand | Group:0.05_count | K=10 | Fairness_metric=f1
GA Parameters | Pop:20 | Gen:50 | Mut:0.35348522936050625 | Cross:0.8338371486051007
Adaptive Penalty | beta1:2.0930796982744204 | beta2:1.997263261379122 | k:7
Before optimization overall scores           : ndcg@10=0.3355 f1@10=0.1220
Before optimization group 1 (active) scores  : ndcg@10=0.6172 f1@10=0.3184
Before optimization group 2 (inactive) scores: ndcg@10=0.3091 f1@10=0.1036
Before optimization UGF (f1@10): 0.2148 (21.48%)
Epsilon: 0.1074
Early stop at generation 14: first feasible solution found
CPU time: 27.01 seconds
After optimization overall metric scores     : ndcg@10=0.3213 f1@10=0.1079
After optimization group 1 (active) scores   : ndcg@10=0.5301 f1@10=0.2137
After optimization group 2 (inactive) scores : ndcg@10=0.3005 f1@10=0.0966
After optimization UGF: 0.1074
UGF reduction: 0.1074 (50.0%)
Constraint satisfied: True
Trial 25: fitness=458434.34, f1=0.1079, ugf=0.1074, time=27.01s
Trial 25: combined_score=22.9396 (quality=45.8434, speed=0.0357)
GA Optimizer | Model:NCF | Dataset:dataset\5Health-rand | Group:0.05_count | K=10 | Fairness_metric=f1
GA Parameters | Pop:30 | Gen:50 | Mut:0.20775733055749881 | Cross:0.7680345401887693
Adaptive Penalty | beta1:1.7852245958432071 | beta2:1.7453136485118994 | k:6
Before optimization overall scores           : ndcg@10=0.3355 f1@10=0.1220
Before optimization group 1 (active) scores  : ndcg@10=0.6172 f1@10=0.3184
Before optimization group 2 (inactive) scores: ndcg@10=0.3091 f1@10=0.1036
Before optimization UGF (f1@10): 0.2148 (21.48%)
Epsilon: 0.1074
Early stop at generation 24: first feasible solution found
CPU time: 45.43 seconds
After optimization overall metric scores     : ndcg@10=0.3201 f1@10=0.1077
After optimization group 1 (active) scores   : ndcg@10=0.5174 f1@10=0.2165
After optimization group 2 (inactive) scores : ndcg@10=0.3015 f1@10=0.0973
After optimization UGF: 0.1068
UGF reduction: 0.1080 (50.3%)
Constraint satisfied: True
Trial 26: fitness=458331.81, f1=0.1077, ugf=0.1068, time=45.43s
Trial 26: combined_score=22.9274 (quality=45.8332, speed=0.0215)
GA Optimizer | Model:NCF | Dataset:dataset\5Health-rand | Group:0.05_count | K=10 | Fairness_metric=f1
GA Parameters | Pop:10 | Gen:50 | Mut:0.2832921908133452 | Cross:0.8795388956265066
Adaptive Penalty | beta1:1.985895444071763 | beta2:2.0312802165816475 | k:4
Before optimization overall scores           : ndcg@10=0.3355 f1@10=0.1220
Before optimization group 1 (active) scores  : ndcg@10=0.6172 f1@10=0.3184
Before optimization group 2 (inactive) scores: ndcg@10=0.3091 f1@10=0.1036
Before optimization UGF (f1@10): 0.2148 (21.48%)
Epsilon: 0.1074
Early stop at generation 22: first feasible solution found
CPU time: 17.67 seconds
After optimization overall metric scores     : ndcg@10=0.3195 f1@10=0.1068
After optimization group 1 (active) scores   : ndcg@10=0.5252 f1@10=0.2154
After optimization group 2 (inactive) scores : ndcg@10=0.2990 f1@10=0.0956
After optimization UGF: 0.1050
UGF reduction: 0.1098 (51.1%)
Constraint satisfied: True
Trial 27: fitness=458281.19, f1=0.1068, ugf=0.1050, time=17.67s
Trial 27: combined_score=22.9408 (quality=45.8281, speed=0.0536)
GA Optimizer | Model:NCF | Dataset:dataset\5Health-rand | Group:0.05_count | K=10 | Fairness_metric=f1
GA Parameters | Pop:50 | Gen:50 | Mut:0.1297048490910221 | Cross:0.9143796163797929
Adaptive Penalty | beta1:2.175586263668378 | beta2:1.5757893745551088 | k:7
Before optimization overall scores           : ndcg@10=0.3355 f1@10=0.1220
Before optimization group 1 (active) scores  : ndcg@10=0.6172 f1@10=0.3184
Before optimization group 2 (inactive) scores: ndcg@10=0.3091 f1@10=0.1036
Before optimization UGF (f1@10): 0.2148 (21.48%)
Epsilon: 0.1074
Early stop at generation 38: first feasible solution found
CPU time: 117.18 seconds
After optimization overall metric scores     : ndcg@10=0.3209 f1@10=0.1082
After optimization group 1 (active) scores   : ndcg@10=0.5237 f1@10=0.2166
After optimization group 2 (inactive) scores : ndcg@10=0.3012 f1@10=0.0973
After optimization UGF: 0.1065
UGF reduction: 0.1083 (50.4%)
Constraint satisfied: True
Trial 28: fitness=458534.62, f1=0.1082, ugf=0.1065, time=117.18s
Trial 28: combined_score=22.9310 (quality=45.8535, speed=0.0085)
GA Optimizer | Model:NCF | Dataset:dataset\5Health-rand | Group:0.05_count | K=10 | Fairness_metric=f1
GA Parameters | Pop:30 | Gen:50 | Mut:0.4010936715672472 | Cross:0.851730561240479
Adaptive Penalty | beta1:2.7177632982993765 | beta2:1.767429378418597 | k:4
Before optimization overall scores           : ndcg@10=0.3355 f1@10=0.1220
Before optimization group 1 (active) scores  : ndcg@10=0.6172 f1@10=0.3184
Before optimization group 2 (inactive) scores: ndcg@10=0.3091 f1@10=0.1036
Before optimization UGF (f1@10): 0.2148 (21.48%)
Epsilon: 0.1074
Early stop at generation 14: first feasible solution found
CPU time: 52.68 seconds
After optimization overall metric scores     : ndcg@10=0.3212 f1@10=0.1074
After optimization group 1 (active) scores   : ndcg@10=0.5365 f1@10=0.2166
After optimization group 2 (inactive) scores : ndcg@10=0.3012 f1@10=0.0973
After optimization UGF: 0.1059
UGF reduction: 0.1089 (50.7%)
Constraint satisfied: True
Trial 29: fitness=458272.41, f1=0.1074, ugf=0.1059, time=52.68s
Trial 29: combined_score=22.9229 (quality=45.8272, speed=0.0186)
GA Optimizer | Model:NCF | Dataset:dataset\5Health-rand | Group:0.05_count | K=10 | Fairness_metric=f1
GA Parameters | Pop:40 | Gen:50 | Mut:0.19297697206182313 | Cross:0.8811180731755776
Adaptive Penalty | beta1:1.4764749182423575 | beta2:1.4698728997522061 | k:3
Before optimization overall scores           : ndcg@10=0.3355 f1@10=0.1220
Before optimization group 1 (active) scores  : ndcg@10=0.6172 f1@10=0.3184
Before optimization group 2 (inactive) scores: ndcg@10=0.3091 f1@10=0.1036
Before optimization UGF (f1@10): 0.2148 (21.48%)
Epsilon: 0.1074
Early stop at generation 27: first feasible solution found
CPU time: 72.28 seconds
After optimization overall metric scores     : ndcg@10=0.3201 f1@10=0.1076
After optimization group 1 (active) scores   : ndcg@10=0.5240 f1@10=0.2161
After optimization group 2 (inactive) scores : ndcg@10=0.3000 f1@10=0.0967
After optimization UGF: 0.1069
UGF reduction: 0.1079 (50.2%)
Constraint satisfied: True
Trial 30: fitness=458415.59, f1=0.1076, ugf=0.1069, time=72.28s
Trial 30: combined_score=22.9276 (quality=45.8416, speed=0.0136)
GA Optimizer | Model:NCF | Dataset:dataset\5Health-rand | Group:0.05_count | K=10 | Fairness_metric=f1
GA Parameters | Pop:10 | Gen:50 | Mut:0.4849976798246341 | Cross:0.9635847636202681
Adaptive Penalty | beta1:2.285446315646283 | beta2:2.1841394423557077 | k:8
Before optimization overall scores           : ndcg@10=0.3355 f1@10=0.1220
Before optimization group 1 (active) scores  : ndcg@10=0.6172 f1@10=0.3184
Before optimization group 2 (inactive) scores: ndcg@10=0.3091 f1@10=0.1036
Before optimization UGF (f1@10): 0.2148 (21.48%)
Epsilon: 0.1074
Early stop at generation 14: first feasible solution found
CPU time: 17.52 seconds
After optimization overall metric scores     : ndcg@10=0.3190 f1@10=0.1048
After optimization group 1 (active) scores   : ndcg@10=0.5308 f1@10=0.2084
After optimization group 2 (inactive) scores : ndcg@10=0.3006 f1@10=0.0966
After optimization UGF: 0.0993
UGF reduction: 0.1155 (53.8%)
Constraint satisfied: True
Trial 31: fitness=458095.69, f1=0.1048, ugf=0.0993, time=17.52s
Trial 31: combined_score=22.9318 (quality=45.8096, speed=0.0540)
GA Optimizer | Model:NCF | Dataset:dataset\5Health-rand | Group:0.05_count | K=10 | Fairness_metric=f1
GA Parameters | Pop:20 | Gen:50 | Mut:0.3465952390882305 | Cross:0.9475589676449667
Adaptive Penalty | beta1:2.4999209777092717 | beta2:1.9695814596728443 | k:9
Before optimization overall scores           : ndcg@10=0.3355 f1@10=0.1220
Before optimization group 1 (active) scores  : ndcg@10=0.6172 f1@10=0.3184
Before optimization group 2 (inactive) scores: ndcg@10=0.3091 f1@10=0.1036
Before optimization UGF (f1@10): 0.2148 (21.48%)
Epsilon: 0.1074
Early stop at generation 17: first feasible solution found
CPU time: 32.19 seconds
After optimization overall metric scores     : ndcg@10=0.3185 f1@10=0.1054
After optimization group 1 (active) scores   : ndcg@10=0.5203 f1@10=0.2102
After optimization group 2 (inactive) scores : ndcg@10=0.2995 f1@10=0.0960
After optimization UGF: 0.0974
UGF reduction: 0.1174 (54.6%)
Constraint satisfied: True
Trial 32: fitness=458337.69, f1=0.1054, ugf=0.0974, time=32.19s
Trial 32: combined_score=22.9319 (quality=45.8338, speed=0.0301)
GA Optimizer | Model:NCF | Dataset:dataset\5Health-rand | Group:0.05_count | K=10 | Fairness_metric=f1
GA Parameters | Pop:10 | Gen:50 | Mut:0.3916029050479873 | Cross:0.9944746723248379
Adaptive Penalty | beta1:2.8984297035644535 | beta2:2.306152951836116 | k:7
Before optimization overall scores           : ndcg@10=0.3355 f1@10=0.1220
Before optimization group 1 (active) scores  : ndcg@10=0.6172 f1@10=0.3184
Before optimization group 2 (inactive) scores: ndcg@10=0.3091 f1@10=0.1036
Before optimization UGF (f1@10): 0.2148 (21.48%)
Epsilon: 0.1074
Early stop at generation 14: first feasible solution found
CPU time: 14.78 seconds
After optimization overall metric scores     : ndcg@10=0.3207 f1@10=0.1073
After optimization group 1 (active) scores   : ndcg@10=0.5249 f1@10=0.2100
After optimization group 2 (inactive) scores : ndcg@10=0.3014 f1@10=0.0971
After optimization UGF: 0.1029
UGF reduction: 0.1119 (52.1%)
Constraint satisfied: True
Trial 33: fitness=458158.81, f1=0.1073, ugf=0.1029, time=14.78s
Trial 33: combined_score=22.9396 (quality=45.8159, speed=0.0634)
GA Optimizer | Model:NCF | Dataset:dataset\5Health-rand | Group:0.05_count | K=10 | Fairness_metric=f1
GA Parameters | Pop:20 | Gen:50 | Mut:0.22328719493864324 | Cross:0.8519596835888024
Adaptive Penalty | beta1:2.2904035074190308 | beta2:2.6461028565871674 | k:8
Before optimization overall scores           : ndcg@10=0.3355 f1@10=0.1220
Before optimization group 1 (active) scores  : ndcg@10=0.6172 f1@10=0.3184
Before optimization group 2 (inactive) scores: ndcg@10=0.3091 f1@10=0.1036
Before optimization UGF (f1@10): 0.2148 (21.48%)
Epsilon: 0.1074
Early stop at generation 28: first feasible solution found
CPU time: 37.19 seconds
After optimization overall metric scores     : ndcg@10=0.3202 f1@10=0.1072
After optimization group 1 (active) scores   : ndcg@10=0.5281 f1@10=0.2144
After optimization group 2 (inactive) scores : ndcg@10=0.3008 f1@10=0.0973
After optimization UGF: 0.1033
UGF reduction: 0.1115 (51.9%)
Constraint satisfied: True
Trial 34: fitness=458398.75, f1=0.1072, ugf=0.1033, time=37.19s
Trial 34: combined_score=22.9330 (quality=45.8399, speed=0.0262)
GA Optimizer | Model:NCF | Dataset:dataset\5Health-rand | Group:0.05_count | K=10 | Fairness_metric=f1
GA Parameters | Pop:20 | Gen:50 | Mut:0.42458802932103573 | Cross:0.9126087455285203
Adaptive Penalty | beta1:2.0054693137645483 | beta2:2.148834733677066 | k:7
Before optimization overall scores           : ndcg@10=0.3355 f1@10=0.1220
Before optimization group 1 (active) scores  : ndcg@10=0.6172 f1@10=0.3184
Before optimization group 2 (inactive) scores: ndcg@10=0.3091 f1@10=0.1036
Before optimization UGF (f1@10): 0.2148 (21.48%)
Epsilon: 0.1074
Early stop at generation 14: first feasible solution found
CPU time: 31.44 seconds
After optimization overall metric scores     : ndcg@10=0.3185 f1@10=0.1061
After optimization group 1 (active) scores   : ndcg@10=0.5184 f1@10=0.2078
After optimization group 2 (inactive) scores : ndcg@10=0.3001 f1@10=0.0968
After optimization UGF: 0.0971
UGF reduction: 0.1177 (54.8%)
Constraint satisfied: True
Trial 35: fitness=458303.12, f1=0.1061, ugf=0.0971, time=31.44s
Trial 35: combined_score=22.9306 (quality=45.8303, speed=0.0308)
GA Optimizer | Model:NCF | Dataset:dataset\5Health-rand | Group:0.05_count | K=10 | Fairness_metric=f1
GA Parameters | Pop:80 | Gen:50 | Mut:0.3338642938147571 | Cross:0.7978226314160193
Adaptive Penalty | beta1:2.1911913462654597 | beta2:1.7055290327544472 | k:6
Before optimization overall scores           : ndcg@10=0.3355 f1@10=0.1220
Before optimization group 1 (active) scores  : ndcg@10=0.6172 f1@10=0.3184
Before optimization group 2 (inactive) scores: ndcg@10=0.3091 f1@10=0.1036
Before optimization UGF (f1@10): 0.2148 (21.48%)
Epsilon: 0.1074
Early stop at generation 13: first feasible solution found
CPU time: 155.78 seconds
After optimization overall metric scores     : ndcg@10=0.3206 f1@10=0.1067
After optimization group 1 (active) scores   : ndcg@10=0.5301 f1@10=0.2130
After optimization group 2 (inactive) scores : ndcg@10=0.2997 f1@10=0.0959
After optimization UGF: 0.1016
UGF reduction: 0.1132 (52.7%)
Constraint satisfied: True
Trial 36: fitness=458298.69, f1=0.1067, ugf=0.1016, time=155.78s
Trial 36: combined_score=22.9181 (quality=45.8299, speed=0.0064)
GA Optimizer | Model:NCF | Dataset:dataset\5Health-rand | Group:0.05_count | K=10 | Fairness_metric=f1
GA Parameters | Pop:10 | Gen:50 | Mut:0.30304080922281096 | Cross:0.9714817822262315
Adaptive Penalty | beta1:2.5366102210915535 | beta2:2.996738813715406 | k:9
Before optimization overall scores           : ndcg@10=0.3355 f1@10=0.1220
Before optimization group 1 (active) scores  : ndcg@10=0.6172 f1@10=0.3184
Before optimization group 2 (inactive) scores: ndcg@10=0.3091 f1@10=0.1036
Before optimization UGF (f1@10): 0.2148 (21.48%)
Epsilon: 0.1074
Early stop at generation 18: first feasible solution found
CPU time: 15.38 seconds
After optimization overall metric scores     : ndcg@10=0.3206 f1@10=0.1078
After optimization group 1 (active) scores   : ndcg@10=0.5133 f1@10=0.2093
After optimization group 2 (inactive) scores : ndcg@10=0.3010 f1@10=0.0968
After optimization UGF: 0.1017
UGF reduction: 0.1131 (52.7%)
Constraint satisfied: True
Trial 37: fitness=458340.47, f1=0.1078, ugf=0.1017, time=15.38s
Trial 37: combined_score=22.9475 (quality=45.8340, speed=0.0610)
GA Optimizer | Model:NCF | Dataset:dataset\5Health-rand | Group:0.05_count | K=10 | Fairness_metric=f1
GA Parameters | Pop:20 | Gen:50 | Mut:0.24684390942726953 | Cross:0.9403756780981891
Adaptive Penalty | beta1:2.5988428513718693 | beta2:2.8246975462293857 | k:9
Before optimization overall scores           : ndcg@10=0.3355 f1@10=0.1220
Before optimization group 1 (active) scores  : ndcg@10=0.6172 f1@10=0.3184
Before optimization group 2 (inactive) scores: ndcg@10=0.3091 f1@10=0.1036
Before optimization UGF (f1@10): 0.2148 (21.48%)
Epsilon: 0.1074
Early stop at generation 24: first feasible solution found
CPU time: 34.73 seconds
After optimization overall metric scores     : ndcg@10=0.3211 f1@10=0.1078
After optimization group 1 (active) scores   : ndcg@10=0.5284 f1@10=0.2115
After optimization group 2 (inactive) scores : ndcg@10=0.3013 f1@10=0.0974
After optimization UGF: 0.1073
UGF reduction: 0.1075 (50.1%)
Constraint satisfied: True
Trial 38: fitness=458351.62, f1=0.1078, ugf=0.1073, time=34.73s
Trial 38: combined_score=22.9316 (quality=45.8352, speed=0.0280)
GA Optimizer | Model:NCF | Dataset:dataset\5Health-rand | Group:0.05_count | K=10 | Fairness_metric=f1
GA Parameters | Pop:10 | Gen:50 | Mut:0.051899759869780085 | Cross:0.7388314997004732
Adaptive Penalty | beta1:2.9285598785763978 | beta2:2.9828094553623066 | k:10
Before optimization overall scores           : ndcg@10=0.3355 f1@10=0.1220
Before optimization group 1 (active) scores  : ndcg@10=0.6172 f1@10=0.3184
Before optimization group 2 (inactive) scores: ndcg@10=0.3091 f1@10=0.1036
Before optimization UGF (f1@10): 0.2148 (21.48%)
Epsilon: 0.1074
CPU time: 13.95 seconds
After optimization overall metric scores     : ndcg@10=0.3328 f1@10=0.1204
After optimization group 1 (active) scores   : ndcg@10=0.6171 f1@10=0.3135
After optimization group 2 (inactive) scores : ndcg@10=0.3063 f1@10=0.1023
After optimization UGF: 0.2116
UGF reduction: 0.0032 (1.5%)
Constraint satisfied: False
Trial 39: fitness=458334.31, f1=0.1204, ugf=0.2116, time=13.95s
Trial 39: INFEASIBLE (UGF constraint not satisfied) - excluded from selection
GA Optimizer | Model:NCF | Dataset:dataset\5Health-rand | Group:0.05_count | K=10 | Fairness_metric=f1
GA Parameters | Pop:20 | Gen:50 | Mut:0.2938838400158188 | Cross:0.8652486786060855
Adaptive Penalty | beta1:1.1928927596311425 | beta2:1.5304439314799807 | k:7
Before optimization overall scores           : ndcg@10=0.3355 f1@10=0.1220
Before optimization group 1 (active) scores  : ndcg@10=0.6172 f1@10=0.3184
Before optimization group 2 (inactive) scores: ndcg@10=0.3091 f1@10=0.1036
Before optimization UGF (f1@10): 0.2148 (21.48%)
Epsilon: 0.1074
Early stop at generation 29: first feasible solution found
CPU time: 62.90 seconds
After optimization overall metric scores     : ndcg@10=0.3196 f1@10=0.1064
After optimization group 1 (active) scores   : ndcg@10=0.5262 f1@10=0.2125
After optimization group 2 (inactive) scores : ndcg@10=0.2988 f1@10=0.0954
After optimization UGF: 0.1028
UGF reduction: 0.1120 (52.2%)
Constraint satisfied: True
Trial 40: fitness=458198.62, f1=0.1064, ugf=0.1028, time=62.90s
Trial 40: combined_score=22.9178 (quality=45.8199, speed=0.0156)
GA Optimizer | Model:NCF | Dataset:dataset\5Health-rand | Group:0.05_count | K=10 | Fairness_metric=f1
GA Parameters | Pop:10 | Gen:50 | Mut:0.43512244552671164 | Cross:0.9747893216093164
Adaptive Penalty | beta1:2.5225711820448007 | beta2:2.764501861200323 | k:8
Before optimization overall scores           : ndcg@10=0.3355 f1@10=0.1220
Before optimization group 1 (active) scores  : ndcg@10=0.6172 f1@10=0.3184
Before optimization group 2 (inactive) scores: ndcg@10=0.3091 f1@10=0.1036
Before optimization UGF (f1@10): 0.2148 (21.48%)
Epsilon: 0.1074
Early stop at generation 15: first feasible solution found
CPU time: 17.15 seconds
After optimization overall metric scores     : ndcg@10=0.3196 f1@10=0.1061
After optimization group 1 (active) scores   : ndcg@10=0.5356 f1@10=0.2090
After optimization group 2 (inactive) scores : ndcg@10=0.2983 f1@10=0.0956
After optimization UGF: 0.0972
UGF reduction: 0.1176 (54.7%)
Constraint satisfied: True
Trial 41: fitness=458250.75, f1=0.1061, ugf=0.0972, time=17.15s
Trial 41: combined_score=22.9401 (quality=45.8251, speed=0.0551)
GA Optimizer | Model:NCF | Dataset:dataset\5Health-rand | Group:0.05_count | K=10 | Fairness_metric=f1
GA Parameters | Pop:10 | Gen:50 | Mut:0.37202086840097265 | Cross:0.9800307218232953
Adaptive Penalty | beta1:2.358390828655956 | beta2:2.0491775460119097 | k:9
Before optimization overall scores           : ndcg@10=0.3355 f1@10=0.1220
Before optimization group 1 (active) scores  : ndcg@10=0.6172 f1@10=0.3184
Before optimization group 2 (inactive) scores: ndcg@10=0.3091 f1@10=0.1036
Before optimization UGF (f1@10): 0.2148 (21.48%)
Epsilon: 0.1074
Early stop at generation 15: first feasible solution found
CPU time: 25.27 seconds
After optimization overall metric scores     : ndcg@10=0.3204 f1@10=0.1075
After optimization group 1 (active) scores   : ndcg@10=0.5287 f1@10=0.2179
After optimization group 2 (inactive) scores : ndcg@10=0.2996 f1@10=0.0964
After optimization UGF: 0.1071
UGF reduction: 0.1077 (50.1%)
Constraint satisfied: True
Trial 42: fitness=458221.41, f1=0.1075, ugf=0.1071, time=25.27s
Trial 42: combined_score=22.9301 (quality=45.8221, speed=0.0381)
GA Optimizer | Model:NCF | Dataset:dataset\5Health-rand | Group:0.05_count | K=10 | Fairness_metric=f1
GA Parameters | Pop:10 | Gen:50 | Mut:0.43505823207705024 | Cross:0.6941039695618897
Adaptive Penalty | beta1:2.7160482936803754 | beta2:1.9278628503623767 | k:8
Before optimization overall scores           : ndcg@10=0.3355 f1@10=0.1220
Before optimization group 1 (active) scores  : ndcg@10=0.6172 f1@10=0.3184
Before optimization group 2 (inactive) scores: ndcg@10=0.3091 f1@10=0.1036
Before optimization UGF (f1@10): 0.2148 (21.48%)
Epsilon: 0.1074
Early stop at generation 14: first feasible solution found
CPU time: 15.86 seconds
After optimization overall metric scores     : ndcg@10=0.3191 f1@10=0.1059
After optimization group 1 (active) scores   : ndcg@10=0.5276 f1@10=0.2163
After optimization group 2 (inactive) scores : ndcg@10=0.3011 f1@10=0.0971
After optimization UGF: 0.1066
UGF reduction: 0.1082 (50.4%)
Constraint satisfied: True
Trial 43: fitness=458128.81, f1=0.1059, ugf=0.1066, time=15.86s
Trial 43: combined_score=22.9361 (quality=45.8129, speed=0.0593)
GA Optimizer | Model:NCF | Dataset:dataset\5Health-rand | Group:0.05_count | K=10 | Fairness_metric=f1
GA Parameters | Pop:30 | Gen:50 | Mut:0.49926208331819083 | Cross:0.8925211101854595
Adaptive Penalty | beta1:1.9023888840984522 | beta2:2.432031516737921 | k:7
Before optimization overall scores           : ndcg@10=0.3355 f1@10=0.1220
Before optimization group 1 (active) scores  : ndcg@10=0.6172 f1@10=0.3184
Before optimization group 2 (inactive) scores: ndcg@10=0.3091 f1@10=0.1036
Before optimization UGF (f1@10): 0.2148 (21.48%)
Epsilon: 0.1074
Early stop at generation 13: first feasible solution found
CPU time: 50.48 seconds
After optimization overall metric scores     : ndcg@10=0.3181 f1@10=0.1057
After optimization group 1 (active) scores   : ndcg@10=0.5198 f1@10=0.2081
After optimization group 2 (inactive) scores : ndcg@10=0.2997 f1@10=0.0963
After optimization UGF: 0.0950
UGF reduction: 0.1198 (55.8%)
Constraint satisfied: True
Trial 44: fitness=458293.78, f1=0.1057, ugf=0.0950, time=50.48s
Trial 44: combined_score=22.9244 (quality=45.8294, speed=0.0194)
GA Optimizer | Model:NCF | Dataset:dataset\5Health-rand | Group:0.05_count | K=10 | Fairness_metric=f1
GA Parameters | Pop:20 | Gen:50 | Mut:0.32117713145311594 | Cross:0.930302430492393
Adaptive Penalty | beta1:2.38138505751976 | beta2:2.5557784162789514 | k:9
Before optimization overall scores           : ndcg@10=0.3355 f1@10=0.1220
Before optimization group 1 (active) scores  : ndcg@10=0.6172 f1@10=0.3184
Before optimization group 2 (inactive) scores: ndcg@10=0.3091 f1@10=0.1036
Before optimization UGF (f1@10): 0.2148 (21.48%)
Epsilon: 0.1074
Early stop at generation 17: first feasible solution found
CPU time: 30.71 seconds
After optimization overall metric scores     : ndcg@10=0.3203 f1@10=0.1077
After optimization group 1 (active) scores   : ndcg@10=0.5262 f1@10=0.2176
After optimization group 2 (inactive) scores : ndcg@10=0.3007 f1@10=0.0973
After optimization UGF: 0.1066
UGF reduction: 0.1082 (50.4%)
Constraint satisfied: True
Trial 45: fitness=458332.84, f1=0.1077, ugf=0.1066, time=30.71s
Trial 45: combined_score=22.9324 (quality=45.8333, speed=0.0315)
GA Optimizer | Model:NCF | Dataset:dataset\5Health-rand | Group:0.05_count | K=10 | Fairness_metric=f1
GA Parameters | Pop:10 | Gen:50 | Mut:0.2899661547203802 | Cross:0.9983470330105139
Adaptive Penalty | beta1:2.2548459425273752 | beta2:2.2245673557093872 | k:10
Before optimization overall scores           : ndcg@10=0.3355 f1@10=0.1220
Before optimization group 1 (active) scores  : ndcg@10=0.6172 f1@10=0.3184
Before optimization group 2 (inactive) scores: ndcg@10=0.3091 f1@10=0.1036
Before optimization UGF (f1@10): 0.2148 (21.48%)
Epsilon: 0.1074
Early stop at generation 19: first feasible solution found
CPU time: 17.09 seconds
After optimization overall metric scores     : ndcg@10=0.3204 f1@10=0.1062
After optimization group 1 (active) scores   : ndcg@10=0.5321 f1@10=0.2171
After optimization group 2 (inactive) scores : ndcg@10=0.3018 f1@10=0.0972
After optimization UGF: 0.1068
UGF reduction: 0.1080 (50.3%)
Constraint satisfied: True
Trial 46: fitness=458325.19, f1=0.1062, ugf=0.1068, time=17.09s
Trial 46: combined_score=22.9439 (quality=45.8325, speed=0.0553)
GA Optimizer | Model:NCF | Dataset:dataset\5Health-rand | Group:0.05_count | K=10 | Fairness_metric=f1
GA Parameters | Pop:20 | Gen:50 | Mut:0.25734419673219155 | Cross:0.564286035042707
Adaptive Penalty | beta1:2.6483922442424572 | beta2:2.1099602678447438 | k:10
Before optimization overall scores           : ndcg@10=0.3355 f1@10=0.1220
Before optimization group 1 (active) scores  : ndcg@10=0.6172 f1@10=0.3184
Before optimization group 2 (inactive) scores: ndcg@10=0.3091 f1@10=0.1036
Before optimization UGF (f1@10): 0.2148 (21.48%)
Epsilon: 0.1074
Early stop at generation 20: first feasible solution found
CPU time: 29.22 seconds
After optimization overall metric scores     : ndcg@10=0.3195 f1@10=0.1075
After optimization group 1 (active) scores   : ndcg@10=0.5170 f1@10=0.2148
After optimization group 2 (inactive) scores : ndcg@10=0.2999 f1@10=0.0964
After optimization UGF: 0.1059
UGF reduction: 0.1089 (50.7%)
Constraint satisfied: True
Trial 47: fitness=458470.84, f1=0.1075, ugf=0.1059, time=29.22s
Trial 47: combined_score=22.9401 (quality=45.8471, speed=0.0331)
GA Optimizer | Model:NCF | Dataset:dataset\5Health-rand | Group:0.05_count | K=10 | Fairness_metric=f1
GA Parameters | Pop:10 | Gen:50 | Mut:0.18526257845732666 | Cross:0.9972833635587536
Adaptive Penalty | beta1:2.2250645420120256 | beta2:1.4211028804727723 | k:10
Before optimization overall scores           : ndcg@10=0.3355 f1@10=0.1220
Before optimization group 1 (active) scores  : ndcg@10=0.6172 f1@10=0.3184
Before optimization group 2 (inactive) scores: ndcg@10=0.3091 f1@10=0.1036
Before optimization UGF (f1@10): 0.2148 (21.48%)
Epsilon: 0.1074
Early stop at generation 34: first feasible solution found
CPU time: 19.94 seconds
After optimization overall metric scores     : ndcg@10=0.3202 f1@10=0.1072
After optimization group 1 (active) scores   : ndcg@10=0.5296 f1@10=0.2132
After optimization group 2 (inactive) scores : ndcg@10=0.3004 f1@10=0.0968
After optimization UGF: 0.1074
UGF reduction: 0.1074 (50.0%)
Constraint satisfied: True
Trial 48: fitness=458291.72, f1=0.1072, ugf=0.1074, time=19.94s
Trial 48: combined_score=22.9385 (quality=45.8292, speed=0.0477)
GA Optimizer | Model:NCF | Dataset:dataset\5Health-rand | Group:0.05_count | K=10 | Fairness_metric=f1
GA Parameters | Pop:70 | Gen:50 | Mut:0.22691300204004086 | Cross:0.8340141875903644
Adaptive Penalty | beta1:2.5173049514789767 | beta2:1.8376295995879843 | k:10
Before optimization overall scores           : ndcg@10=0.3355 f1@10=0.1220
Before optimization group 1 (active) scores  : ndcg@10=0.6172 f1@10=0.3184
Before optimization group 2 (inactive) scores: ndcg@10=0.3091 f1@10=0.1036
Before optimization UGF (f1@10): 0.2148 (21.48%)
Epsilon: 0.1074
Early stop at generation 20: first feasible solution found
CPU time: 128.00 seconds
After optimization overall metric scores     : ndcg@10=0.3198 f1@10=0.1079
After optimization group 1 (active) scores   : ndcg@10=0.5160 f1@10=0.2172
After optimization group 2 (inactive) scores : ndcg@10=0.3002 f1@10=0.0967
After optimization UGF: 0.1069
UGF reduction: 0.1080 (50.3%)
Constraint satisfied: True
Trial 49: fitness=458396.62, f1=0.1079, ugf=0.1069, time=128.00s
Trial 49: combined_score=22.9237 (quality=45.8397, speed=0.0078)
Selected best from 45/50 feasible trials
Results saved to: ../results/tuning\tuning_results_NCF_0.05_count.json
Best parameters: {'population_size': 10, 'mutation_rate': 0.30304080922281096, 'crossover_rate': 0.9714817822262315, 'elitism_count': 19, 'penalty_beta1': 2.5366102210915535, 'penalty_beta2': 2.996738813715406, 'penalty_history_k': 9}
Best score: 22.9475
Config saved to: ../results/tuning\optimized_config_NCF_0.05_count.py
